<?xml version="1.0" encoding="UTF-8"?>
<testng-results skipped="0" failed="0" ignored="0" total="4" passed="4">
  <reporter-output>
  </reporter-output>
  <suite name="Surefire suite" duration-ms="5680" started-at="2018-10-11T19:58:22Z" finished-at="2018-10-11T19:58:27Z">
    <groups>
    </groups>
    <test name="Surefire test" duration-ms="5680" started-at="2018-10-11T19:58:22Z" finished-at="2018-10-11T19:58:27Z">
      <class name="OpenWeatherMap.GetRequestTest">
        <test-method status="PASS" signature="testResponseCity()[pri:0, instance:OpenWeatherMap.GetRequestTest@9629756]" name="testResponseCity" duration-ms="3473" started-at="2018-10-11T19:58:22Z" finished-at="2018-10-11T19:58:25Z">
          <reporter-output>
          </reporter-output>
        </test-method> <!-- testResponseCity -->
        <test-method status="PASS" signature="testResponseCode()[pri:0, instance:OpenWeatherMap.GetRequestTest@9629756]" name="testResponseCode" duration-ms="761" started-at="2018-10-11T19:58:25Z" finished-at="2018-10-11T19:58:26Z">
          <reporter-output>
          </reporter-output>
        </test-method> <!-- testResponseCode -->
        <test-method status="PASS" signature="testResponseID()[pri:0, instance:OpenWeatherMap.GetRequestTest@9629756]" name="testResponseID" duration-ms="698" started-at="2018-10-11T19:58:26Z" finished-at="2018-10-11T19:58:27Z">
          <reporter-output>
          </reporter-output>
        </test-method> <!-- testResponseID -->
        <test-method status="PASS" signature="testResponseTime()[pri:0, instance:OpenWeatherMap.GetRequestTest@9629756]" name="testResponseTime" duration-ms="711" started-at="2018-10-11T19:58:27Z" finished-at="2018-10-11T19:58:27Z">
          <reporter-output>
          </reporter-output>
        </test-method> <!-- testResponseTime -->
      </class> <!-- OpenWeatherMap.GetRequestTest -->
    </test> <!-- Surefire test -->
  </suite> <!-- Surefire suite -->
</testng-results>
