<?xml version="1.0" encoding="UTF-8"?>
<!-- Generated by org.testng.reporters.JUnitXMLReporter -->
<testsuite hostname="juneds-MacBook-Pro.local" ignored="0" name="Surefire test" tests="4" failures="0" timestamp="03 Oct 2018 22:58:56 GMT" time="4.804" errors="0">
  <testcase name="testResponseCity" time="2.819" classname="OpenWeatherMap.GetRequestTest"/>
  <testcase name="testResponseCode" time="0.626" classname="OpenWeatherMap.GetRequestTest"/>
  <testcase name="testResponseID" time="0.681" classname="OpenWeatherMap.GetRequestTest"/>
  <testcase name="testResponseTime" time="0.659" classname="OpenWeatherMap.GetRequestTest"/>
</testsuite> <!-- Surefire test -->
