<?xml version="1.0" encoding="UTF-8"?>
<!-- Generated by org.testng.reporters.JUnitXMLReporter -->
<testsuite hostname="juneds-MacBook-Pro.local" ignored="0" name="Surefire test" tests="4" failures="0" timestamp="11 Oct 2018 19:58:27 GMT" time="5.68" errors="0">
  <testcase name="testResponseCity" time="3.473" classname="OpenWeatherMap.GetRequestTest"/>
  <testcase name="testResponseCode" time="0.761" classname="OpenWeatherMap.GetRequestTest"/>
  <testcase name="testResponseID" time="0.698" classname="OpenWeatherMap.GetRequestTest"/>
  <testcase name="testResponseTime" time="0.711" classname="OpenWeatherMap.GetRequestTest"/>
</testsuite> <!-- Surefire test -->
