<?xml version="1.0" encoding="UTF-8"?>
<!-- Generated by org.testng.reporters.JUnitXMLReporter -->
<testsuite hostname="juneds-MBP.home" ignored="0" name="Surefire test" tests="10" failures="0" timestamp="27 Sep 2018 16:42:09 GMT" time="0.144" errors="0">
  <testcase name="@BeforeMethod initialize" time="0.0" classname="base.CommonAPI">
    <failure type="org.testng.TestNGException" message="
Parameter &amp;apos;platform&amp;apos; is required by BeforeMethod on method initialize but has not been marked @Optional or defined
">
      <![CDATA[org.testng.TestNGException: 
Parameter 'platform' is required by BeforeMethod on method initialize but has not been marked @Optional or defined

... Removed 30 stack frames]]>
    </failure>
  </testcase> <!-- @BeforeMethod initialize -->
  <testcase name="@BeforeMethod createTestObj" time="0.0" classname="Tests.SignUpPageTest">
    <skipped/>
  </testcase> <!-- @BeforeMethod createTestObj -->
  <testcase name="@AfterMethod tearDown" time="0.0" classname="base.CommonAPI">
    <skipped/>
  </testcase> <!-- @AfterMethod tearDown -->
  <testcase name="@BeforeMethod initialize" time="0.0" classname="base.CommonAPI">
    <failure type="org.testng.TestNGException" message="
Parameter &amp;apos;platform&amp;apos; is required by BeforeMethod on method initialize but has not been marked @Optional or defined
">
      <![CDATA[org.testng.TestNGException: 
Parameter 'platform' is required by BeforeMethod on method initialize but has not been marked @Optional or defined

... Removed 30 stack frames]]>
    </failure>
  </testcase> <!-- @BeforeMethod initialize -->
  <testcase name="@BeforeMethod createTestObj" time="0.0" classname="Tests.DataDrivenTests.RecentSearchesPageTest">
    <skipped/>
  </testcase> <!-- @BeforeMethod createTestObj -->
  <testcase name="@AfterMethod tearDown" time="0.0" classname="base.CommonAPI">
    <skipped/>
  </testcase> <!-- @AfterMethod tearDown -->
  <testcase name="@BeforeMethod initialize" time="0.0" classname="base.CommonAPI">
    <failure type="org.testng.TestNGException" message="
Parameter &amp;apos;platform&amp;apos; is required by BeforeMethod on method initialize but has not been marked @Optional or defined
">
      <![CDATA[org.testng.TestNGException: 
Parameter 'platform' is required by BeforeMethod on method initialize but has not been marked @Optional or defined

... Removed 30 stack frames]]>
    </failure>
  </testcase> <!-- @BeforeMethod initialize -->
  <testcase name="@BeforeMethod createTestObj" time="0.0" classname="Tests.HomePageTest">
    <skipped/>
  </testcase> <!-- @BeforeMethod createTestObj -->
  <testcase name="@AfterMethod tearDown" time="0.0" classname="base.CommonAPI">
    <skipped/>
  </testcase> <!-- @AfterMethod tearDown -->
  <testcase name="@BeforeMethod initialize" time="0.0" classname="base.CommonAPI">
    <skipped/>
  </testcase> <!-- @BeforeMethod initialize -->
  <testcase name="@BeforeMethod createTestObj" time="0.0" classname="Tests.HomePageTest">
    <skipped/>
  </testcase> <!-- @BeforeMethod createTestObj -->
  <testcase name="@AfterMethod tearDown" time="0.0" classname="base.CommonAPI">
    <skipped/>
  </testcase> <!-- @AfterMethod tearDown -->
  <testcase name="@BeforeMethod initialize" time="0.0" classname="base.CommonAPI">
    <failure type="org.testng.TestNGException" message="
Parameter &amp;apos;platform&amp;apos; is required by BeforeMethod on method initialize but has not been marked @Optional or defined
">
      <![CDATA[org.testng.TestNGException: 
Parameter 'platform' is required by BeforeMethod on method initialize but has not been marked @Optional or defined

... Removed 30 stack frames]]>
    </failure>
  </testcase> <!-- @BeforeMethod initialize -->
  <testcase name="@BeforeMethod createTestObj" time="0.0" classname="Tests.LoginPageTest">
    <skipped/>
  </testcase> <!-- @BeforeMethod createTestObj -->
  <testcase name="@AfterMethod tearDown" time="0.0" classname="base.CommonAPI">
    <skipped/>
  </testcase> <!-- @AfterMethod tearDown -->
  <testcase name="@BeforeMethod initialize" time="0.0" classname="base.CommonAPI">
    <skipped/>
  </testcase> <!-- @BeforeMethod initialize -->
  <testcase name="@BeforeMethod createTestObj" time="0.0" classname="Tests.LoginPageTest">
    <skipped/>
  </testcase> <!-- @BeforeMethod createTestObj -->
  <testcase name="@AfterMethod tearDown" time="0.0" classname="base.CommonAPI">
    <skipped/>
  </testcase> <!-- @AfterMethod tearDown -->
  <testcase name="@BeforeMethod initialize" time="0.0" classname="base.CommonAPI">
    <failure type="org.testng.TestNGException" message="
Parameter &amp;apos;platform&amp;apos; is required by BeforeMethod on method initialize but has not been marked @Optional or defined
">
      <![CDATA[org.testng.TestNGException: 
Parameter 'platform' is required by BeforeMethod on method initialize but has not been marked @Optional or defined

... Removed 30 stack frames]]>
    </failure>
  </testcase> <!-- @BeforeMethod initialize -->
  <testcase name="@BeforeMethod createTestObj" time="0.0" classname="Tests.CustomerServicePageTest">
    <skipped/>
  </testcase> <!-- @BeforeMethod createTestObj -->
  <testcase name="@AfterMethod tearDown" time="0.0" classname="base.CommonAPI">
    <skipped/>
  </testcase> <!-- @AfterMethod tearDown -->
  <testcase name="@BeforeMethod initialize" time="0.0" classname="base.CommonAPI">
    <skipped/>
  </testcase> <!-- @BeforeMethod initialize -->
  <testcase name="@BeforeMethod createTestObj" time="0.0" classname="Tests.CustomerServicePageTest">
    <skipped/>
  </testcase> <!-- @BeforeMethod createTestObj -->
  <testcase name="@AfterMethod tearDown" time="0.0" classname="base.CommonAPI">
    <skipped/>
  </testcase> <!-- @AfterMethod tearDown -->
  <testcase name="@BeforeMethod initialize" time="0.0" classname="base.CommonAPI">
    <skipped/>
  </testcase> <!-- @BeforeMethod initialize -->
  <testcase name="@BeforeMethod createTestObj" time="0.0" classname="Tests.CustomerServicePageTest">
    <skipped/>
  </testcase> <!-- @BeforeMethod createTestObj -->
  <testcase name="@AfterMethod tearDown" time="0.0" classname="base.CommonAPI">
    <skipped/>
  </testcase> <!-- @AfterMethod tearDown -->
  <testcase name="@BeforeMethod initialize" time="0.0" classname="base.CommonAPI">
    <skipped/>
  </testcase> <!-- @BeforeMethod initialize -->
  <testcase name="@BeforeMethod createTestObj" time="0.0" classname="Tests.CustomerServicePageTest">
    <skipped/>
  </testcase> <!-- @BeforeMethod createTestObj -->
  <testcase name="@AfterMethod tearDown" time="0.0" classname="base.CommonAPI">
    <skipped/>
  </testcase> <!-- @AfterMethod tearDown -->
  <testcase name="verifyHumanOrRobotPageTitle" time="0.0" classname="Tests.SignUpPageTest">
    <skipped/>
  </testcase> <!-- verifyHumanOrRobotPageTitle -->
  <testcase name="navbarLinksTest" time="0.0" classname="Tests.DataDrivenTests.RecentSearchesPageTest">
    <skipped/>
  </testcase> <!-- navbarLinksTest -->
  <testcase name="ValidateHeroBannerImgUrl" time="0.0" classname="Tests.HomePageTest">
    <skipped/>
  </testcase> <!-- ValidateHeroBannerImgUrl -->
  <testcase name="testRoundTripFlightWithOneAdult" time="0.0" classname="Tests.HomePageTest">
    <skipped/>
  </testcase> <!-- testRoundTripFlightWithOneAdult -->
  <testcase name="ValidateUrl" time="0.0" classname="Tests.LoginPageTest">
    <skipped/>
  </testcase> <!-- ValidateUrl -->
  <testcase name="testLoginForm" time="0.0" classname="Tests.LoginPageTest">
    <skipped/>
  </testcase> <!-- testLoginForm -->
  <testcase name="AddPropertyTest" time="0.0" classname="Tests.CustomerServicePageTest">
    <skipped/>
  </testcase> <!-- AddPropertyTest -->
  <testcase name="SearchResultsCount" time="0.0" classname="Tests.CustomerServicePageTest">
    <skipped/>
  </testcase> <!-- SearchResultsCount -->
  <testcase name="validateLabelText" time="0.0" classname="Tests.CustomerServicePageTest">
    <skipped/>
  </testcase> <!-- validateLabelText -->
  <testcase name="validatePhoneFieldTest" time="0.0" classname="Tests.CustomerServicePageTest">
    <skipped/>
  </testcase> <!-- validatePhoneFieldTest -->
</testsuite> <!-- Surefire test -->
