<?xml version="1.0" encoding="UTF-8"?>
<!-- Generated by org.testng.reporters.JUnitXMLReporter -->
<testsuite hostname="juneds-MBP.home" ignored="0" name="Surefire test" tests="107" failures="0" timestamp="25 Oct 2018 23:18:22 GMT" time="20.816" errors="0">
  <testcase name="@BeforeMethod setUp" time="3.936" classname="base.CommonAPI">
    <failure type="org.openqa.selenium.WebDriverException" message="unknown error: failed to change window state to maximized, current state is normal
  (Session info: chrome=70.0.3538.77)
  (Driver info: chromedriver=2.42.591059 (a3d9684d10d61aa0c45f6723b327283be1ebaad8),platform=Mac OS X 10.14.0 x86_64) (WARNING: The server did not provide any stacktrace information)
Command duration or timeout: 0 milliseconds
Build info: version: &amp;apos;3.14.0&amp;apos;, revision: &amp;apos;aacccce0&amp;apos;, time: &amp;apos;2018-08-02T20:19:58.91Z&amp;apos;
System info: host: &amp;apos;juneds-MBP.home&amp;apos;, ip: &amp;apos;fe80:0:0:0:7b:f7ab:7ac7:59e0%en0&amp;apos;, os.name: &amp;apos;Mac OS X&amp;apos;, os.arch: &amp;apos;x86_64&amp;apos;, os.version: &amp;apos;10.14&amp;apos;, java.version: &amp;apos;1.8.0_181&amp;apos;
Driver info: org.openqa.selenium.chrome.ChromeDriver
Capabilities {acceptInsecureCerts: false, acceptSslCerts: false, applicationCacheEnabled: false, browserConnectionEnabled: false, browserName: chrome, chrome: {chromedriverVersion: 2.42.591059 (a3d9684d10d61a..., userDataDir: /var/folders/hn/f7wb9_d13yz...}, cssSelectorsEnabled: true, databaseEnabled: false, goog:chromeOptions: {debuggerAddress: localhost:61616}, handlesAlerts: true, hasTouchScreen: false, javascriptEnabled: true, locationContextEnabled: true, mobileEmulationEnabled: false, nativeEvents: true, networkConnectionEnabled: false, pageLoadStrategy: normal, platform: MAC, platformName: MAC, rotatable: false, setWindowRect: true, takesHeapSnapshot: true, takesScreenshot: true, unexpectedAlertBehaviour: , unhandledPromptBehavior: , version: 70.0.3538.77, webStorageEnabled: true}
Session ID: 474ff30e9e2865795e5cae09dca4f0b5">
      <![CDATA[org.openqa.selenium.WebDriverException: unknown error: failed to change window state to maximized, current state is normal
  (Session info: chrome=70.0.3538.77)
  (Driver info: chromedriver=2.42.591059 (a3d9684d10d61aa0c45f6723b327283be1ebaad8),platform=Mac OS X 10.14.0 x86_64) (WARNING: The server did not provide any stacktrace information)
Command duration or timeout: 0 milliseconds
Build info: version: '3.14.0', revision: 'aacccce0', time: '2018-08-02T20:19:58.91Z'
System info: host: 'juneds-MBP.home', ip: 'fe80:0:0:0:7b:f7ab:7ac7:59e0%en0', os.name: 'Mac OS X', os.arch: 'x86_64', os.version: '10.14', java.version: '1.8.0_181'
Driver info: org.openqa.selenium.chrome.ChromeDriver
Capabilities {acceptInsecureCerts: false, acceptSslCerts: false, applicationCacheEnabled: false, browserConnectionEnabled: false, browserName: chrome, chrome: {chromedriverVersion: 2.42.591059 (a3d9684d10d61a..., userDataDir: /var/folders/hn/f7wb9_d13yz...}, cssSelectorsEnabled: true, databaseEnabled: false, goog:chromeOptions: {debuggerAddress: localhost:61616}, handlesAlerts: true, hasTouchScreen: false, javascriptEnabled: true, locationContextEnabled: true, mobileEmulationEnabled: false, nativeEvents: true, networkConnectionEnabled: false, pageLoadStrategy: normal, platform: MAC, platformName: MAC, rotatable: false, setWindowRect: true, takesHeapSnapshot: true, takesScreenshot: true, unexpectedAlertBehaviour: , unhandledPromptBehavior: , version: 70.0.3538.77, webStorageEnabled: true}
Session ID: 474ff30e9e2865795e5cae09dca4f0b5
at org.openqa.selenium.remote.ErrorHandler.createThrowable(ErrorHandler.java:214)
at org.openqa.selenium.remote.ErrorHandler.throwIfResponseFailed(ErrorHandler.java:166)
at org.openqa.selenium.remote.http.JsonHttpResponseCodec.reconstructValue(JsonHttpResponseCodec.java:40)
at org.openqa.selenium.remote.http.AbstractHttpResponseCodec.decode(AbstractHttpResponseCodec.java:80)
at org.openqa.selenium.remote.http.AbstractHttpResponseCodec.decode(AbstractHttpResponseCodec.java:44)
at org.openqa.selenium.remote.HttpCommandExecutor.execute(HttpCommandExecutor.java:158)
at org.openqa.selenium.remote.service.DriverCommandExecutor.execute(DriverCommandExecutor.java:83)
at org.openqa.selenium.remote.RemoteWebDriver.execute(RemoteWebDriver.java:548)
at org.openqa.selenium.remote.RemoteWebDriver.execute(RemoteWebDriver.java:605)
at org.openqa.selenium.remote.RemoteWebDriver$RemoteWebDriverOptions$RemoteWindow.maximize(RemoteWebDriver.java:833)
at org.openqa.selenium.support.events.EventFiringWebDriver$EventFiringWindow.maximize(EventFiringWebDriver.java:768)
at base.CommonAPI.setEventListener(CommonAPI.java:53)
at base.CommonAPI.setUp(CommonAPI.java:39)
... Removed 37 stack frames]]>
    </failure>
  </testcase> <!-- @BeforeMethod setUp -->
  <testcase name="@BeforeMethod createTestObj" time="0.0" classname="Tests.SignUpPageTest">
    <skipped/>
  </testcase> <!-- @BeforeMethod createTestObj -->
  <testcase name="@AfterMethod tearDown" time="0.0" classname="base.CommonAPI">
    <skipped/>
  </testcase> <!-- @AfterMethod tearDown -->
  <testcase name="@BeforeMethod setUp" time="1.592" classname="base.CommonAPI">
    <failure type="org.openqa.selenium.WebDriverException" message="unknown error: failed to change window state to maximized, current state is normal
  (Session info: chrome=70.0.3538.77)
  (Driver info: chromedriver=2.42.591059 (a3d9684d10d61aa0c45f6723b327283be1ebaad8),platform=Mac OS X 10.14.0 x86_64) (WARNING: The server did not provide any stacktrace information)
Command duration or timeout: 0 milliseconds
Build info: version: &amp;apos;3.14.0&amp;apos;, revision: &amp;apos;aacccce0&amp;apos;, time: &amp;apos;2018-08-02T20:19:58.91Z&amp;apos;
System info: host: &amp;apos;juneds-MBP.home&amp;apos;, ip: &amp;apos;fe80:0:0:0:7b:f7ab:7ac7:59e0%en0&amp;apos;, os.name: &amp;apos;Mac OS X&amp;apos;, os.arch: &amp;apos;x86_64&amp;apos;, os.version: &amp;apos;10.14&amp;apos;, java.version: &amp;apos;1.8.0_181&amp;apos;
Driver info: org.openqa.selenium.chrome.ChromeDriver
Capabilities {acceptInsecureCerts: false, acceptSslCerts: false, applicationCacheEnabled: false, browserConnectionEnabled: false, browserName: chrome, chrome: {chromedriverVersion: 2.42.591059 (a3d9684d10d61a..., userDataDir: /var/folders/hn/f7wb9_d13yz...}, cssSelectorsEnabled: true, databaseEnabled: false, goog:chromeOptions: {debuggerAddress: localhost:61630}, handlesAlerts: true, hasTouchScreen: false, javascriptEnabled: true, locationContextEnabled: true, mobileEmulationEnabled: false, nativeEvents: true, networkConnectionEnabled: false, pageLoadStrategy: normal, platform: MAC, platformName: MAC, rotatable: false, setWindowRect: true, takesHeapSnapshot: true, takesScreenshot: true, unexpectedAlertBehaviour: , unhandledPromptBehavior: , version: 70.0.3538.77, webStorageEnabled: true}
Session ID: d12e80a4e241b0149dffd39de7c9e02c">
      <![CDATA[org.openqa.selenium.WebDriverException: unknown error: failed to change window state to maximized, current state is normal
  (Session info: chrome=70.0.3538.77)
  (Driver info: chromedriver=2.42.591059 (a3d9684d10d61aa0c45f6723b327283be1ebaad8),platform=Mac OS X 10.14.0 x86_64) (WARNING: The server did not provide any stacktrace information)
Command duration or timeout: 0 milliseconds
Build info: version: '3.14.0', revision: 'aacccce0', time: '2018-08-02T20:19:58.91Z'
System info: host: 'juneds-MBP.home', ip: 'fe80:0:0:0:7b:f7ab:7ac7:59e0%en0', os.name: 'Mac OS X', os.arch: 'x86_64', os.version: '10.14', java.version: '1.8.0_181'
Driver info: org.openqa.selenium.chrome.ChromeDriver
Capabilities {acceptInsecureCerts: false, acceptSslCerts: false, applicationCacheEnabled: false, browserConnectionEnabled: false, browserName: chrome, chrome: {chromedriverVersion: 2.42.591059 (a3d9684d10d61a..., userDataDir: /var/folders/hn/f7wb9_d13yz...}, cssSelectorsEnabled: true, databaseEnabled: false, goog:chromeOptions: {debuggerAddress: localhost:61630}, handlesAlerts: true, hasTouchScreen: false, javascriptEnabled: true, locationContextEnabled: true, mobileEmulationEnabled: false, nativeEvents: true, networkConnectionEnabled: false, pageLoadStrategy: normal, platform: MAC, platformName: MAC, rotatable: false, setWindowRect: true, takesHeapSnapshot: true, takesScreenshot: true, unexpectedAlertBehaviour: , unhandledPromptBehavior: , version: 70.0.3538.77, webStorageEnabled: true}
Session ID: d12e80a4e241b0149dffd39de7c9e02c
at org.openqa.selenium.remote.ErrorHandler.createThrowable(ErrorHandler.java:214)
at org.openqa.selenium.remote.ErrorHandler.throwIfResponseFailed(ErrorHandler.java:166)
at org.openqa.selenium.remote.http.JsonHttpResponseCodec.reconstructValue(JsonHttpResponseCodec.java:40)
at org.openqa.selenium.remote.http.AbstractHttpResponseCodec.decode(AbstractHttpResponseCodec.java:80)
at org.openqa.selenium.remote.http.AbstractHttpResponseCodec.decode(AbstractHttpResponseCodec.java:44)
at org.openqa.selenium.remote.HttpCommandExecutor.execute(HttpCommandExecutor.java:158)
at org.openqa.selenium.remote.service.DriverCommandExecutor.execute(DriverCommandExecutor.java:83)
at org.openqa.selenium.remote.RemoteWebDriver.execute(RemoteWebDriver.java:548)
at org.openqa.selenium.remote.RemoteWebDriver.execute(RemoteWebDriver.java:605)
at org.openqa.selenium.remote.RemoteWebDriver$RemoteWebDriverOptions$RemoteWindow.maximize(RemoteWebDriver.java:833)
at org.openqa.selenium.support.events.EventFiringWebDriver$EventFiringWindow.maximize(EventFiringWebDriver.java:768)
at base.CommonAPI.setEventListener(CommonAPI.java:53)
at base.CommonAPI.setUp(CommonAPI.java:39)
... Removed 37 stack frames]]>
    </failure>
  </testcase> <!-- @BeforeMethod setUp -->
  <testcase name="@BeforeMethod createObject" time="0.0" classname="Tests.ThingsToDoPageTest">
    <skipped/>
  </testcase> <!-- @BeforeMethod createObject -->
  <testcase name="@AfterMethod tearDown" time="0.0" classname="base.CommonAPI">
    <skipped/>
  </testcase> <!-- @AfterMethod tearDown -->
  <testcase name="@BeforeMethod setUp" time="0.0" classname="base.CommonAPI">
    <skipped/>
  </testcase> <!-- @BeforeMethod setUp -->
  <testcase name="@BeforeMethod createObject" time="0.0" classname="Tests.ThingsToDoPageTest">
    <skipped/>
  </testcase> <!-- @BeforeMethod createObject -->
  <testcase name="@AfterMethod tearDown" time="0.0" classname="base.CommonAPI">
    <skipped/>
  </testcase> <!-- @AfterMethod tearDown -->
  <testcase name="@BeforeMethod setUp" time="0.0" classname="base.CommonAPI">
    <skipped/>
  </testcase> <!-- @BeforeMethod setUp -->
  <testcase name="@BeforeMethod createObject" time="0.0" classname="Tests.ThingsToDoPageTest">
    <skipped/>
  </testcase> <!-- @BeforeMethod createObject -->
  <testcase name="@AfterMethod tearDown" time="0.0" classname="base.CommonAPI">
    <skipped/>
  </testcase> <!-- @AfterMethod tearDown -->
  <testcase name="@BeforeMethod setUp" time="0.0" classname="base.CommonAPI">
    <skipped/>
  </testcase> <!-- @BeforeMethod setUp -->
  <testcase name="@BeforeMethod createObject" time="0.0" classname="Tests.ThingsToDoPageTest">
    <skipped/>
  </testcase> <!-- @BeforeMethod createObject -->
  <testcase name="@AfterMethod tearDown" time="0.0" classname="base.CommonAPI">
    <skipped/>
  </testcase> <!-- @AfterMethod tearDown -->
  <testcase name="@BeforeMethod setUp" time="0.0" classname="base.CommonAPI">
    <skipped/>
  </testcase> <!-- @BeforeMethod setUp -->
  <testcase name="@BeforeMethod createObject" time="0.0" classname="Tests.ThingsToDoPageTest">
    <skipped/>
  </testcase> <!-- @BeforeMethod createObject -->
  <testcase name="@AfterMethod tearDown" time="0.0" classname="base.CommonAPI">
    <skipped/>
  </testcase> <!-- @AfterMethod tearDown -->
  <testcase name="@BeforeMethod setUp" time="0.0" classname="base.CommonAPI">
    <skipped/>
  </testcase> <!-- @BeforeMethod setUp -->
  <testcase name="@BeforeMethod createObject" time="0.0" classname="Tests.ThingsToDoPageTest">
    <skipped/>
  </testcase> <!-- @BeforeMethod createObject -->
  <testcase name="@AfterMethod tearDown" time="0.0" classname="base.CommonAPI">
    <skipped/>
  </testcase> <!-- @AfterMethod tearDown -->
  <testcase name="@BeforeMethod setUp" time="0.0" classname="base.CommonAPI">
    <skipped/>
  </testcase> <!-- @BeforeMethod setUp -->
  <testcase name="@BeforeMethod createObject" time="0.0" classname="Tests.ThingsToDoPageTest">
    <skipped/>
  </testcase> <!-- @BeforeMethod createObject -->
  <testcase name="@AfterMethod tearDown" time="0.0" classname="base.CommonAPI">
    <skipped/>
  </testcase> <!-- @AfterMethod tearDown -->
  <testcase name="@BeforeMethod setUp" time="0.0" classname="base.CommonAPI">
    <skipped/>
  </testcase> <!-- @BeforeMethod setUp -->
  <testcase name="@BeforeMethod createObject" time="0.0" classname="Tests.ThingsToDoPageTest">
    <skipped/>
  </testcase> <!-- @BeforeMethod createObject -->
  <testcase name="@AfterMethod tearDown" time="0.0" classname="base.CommonAPI">
    <skipped/>
  </testcase> <!-- @AfterMethod tearDown -->
  <testcase name="@BeforeMethod setUp" time="0.0" classname="base.CommonAPI">
    <skipped/>
  </testcase> <!-- @BeforeMethod setUp -->
  <testcase name="@BeforeMethod createObject" time="0.0" classname="Tests.ThingsToDoPageTest">
    <skipped/>
  </testcase> <!-- @BeforeMethod createObject -->
  <testcase name="@AfterMethod tearDown" time="0.0" classname="base.CommonAPI">
    <skipped/>
  </testcase> <!-- @AfterMethod tearDown -->
  <testcase name="@BeforeMethod setUp" time="0.0" classname="base.CommonAPI">
    <skipped/>
  </testcase> <!-- @BeforeMethod setUp -->
  <testcase name="@BeforeMethod createObject" time="0.0" classname="Tests.ThingsToDoPageTest">
    <skipped/>
  </testcase> <!-- @BeforeMethod createObject -->
  <testcase name="@AfterMethod tearDown" time="0.0" classname="base.CommonAPI">
    <skipped/>
  </testcase> <!-- @AfterMethod tearDown -->
  <testcase name="@BeforeMethod setUp" time="0.0" classname="base.CommonAPI">
    <skipped/>
  </testcase> <!-- @BeforeMethod setUp -->
  <testcase name="@BeforeMethod createObject" time="0.0" classname="Tests.ThingsToDoPageTest">
    <skipped/>
  </testcase> <!-- @BeforeMethod createObject -->
  <testcase name="@AfterMethod tearDown" time="0.0" classname="base.CommonAPI">
    <skipped/>
  </testcase> <!-- @AfterMethod tearDown -->
  <testcase name="@BeforeMethod setUp" time="0.0" classname="base.CommonAPI">
    <skipped/>
  </testcase> <!-- @BeforeMethod setUp -->
  <testcase name="@BeforeMethod createObject" time="0.0" classname="Tests.ThingsToDoPageTest">
    <skipped/>
  </testcase> <!-- @BeforeMethod createObject -->
  <testcase name="@AfterMethod tearDown" time="0.0" classname="base.CommonAPI">
    <skipped/>
  </testcase> <!-- @AfterMethod tearDown -->
  <testcase name="@BeforeMethod setUp" time="0.0" classname="base.CommonAPI">
    <skipped/>
  </testcase> <!-- @BeforeMethod setUp -->
  <testcase name="@BeforeMethod createObject" time="0.0" classname="Tests.ThingsToDoPageTest">
    <skipped/>
  </testcase> <!-- @BeforeMethod createObject -->
  <testcase name="@AfterMethod tearDown" time="0.0" classname="base.CommonAPI">
    <skipped/>
  </testcase> <!-- @AfterMethod tearDown -->
  <testcase name="@BeforeMethod setUp" time="0.0" classname="base.CommonAPI">
    <skipped/>
  </testcase> <!-- @BeforeMethod setUp -->
  <testcase name="@BeforeMethod createObject" time="0.0" classname="Tests.ThingsToDoPageTest">
    <skipped/>
  </testcase> <!-- @BeforeMethod createObject -->
  <testcase name="@AfterMethod tearDown" time="0.0" classname="base.CommonAPI">
    <skipped/>
  </testcase> <!-- @AfterMethod tearDown -->
  <testcase name="@BeforeMethod setUp" time="1.448" classname="base.CommonAPI">
    <failure type="org.openqa.selenium.WebDriverException" message="unknown error: failed to change window state to maximized, current state is normal
  (Session info: chrome=70.0.3538.77)
  (Driver info: chromedriver=2.42.591059 (a3d9684d10d61aa0c45f6723b327283be1ebaad8),platform=Mac OS X 10.14.0 x86_64) (WARNING: The server did not provide any stacktrace information)
Command duration or timeout: 0 milliseconds
Build info: version: &amp;apos;3.14.0&amp;apos;, revision: &amp;apos;aacccce0&amp;apos;, time: &amp;apos;2018-08-02T20:19:58.91Z&amp;apos;
System info: host: &amp;apos;juneds-MBP.home&amp;apos;, ip: &amp;apos;fe80:0:0:0:7b:f7ab:7ac7:59e0%en0&amp;apos;, os.name: &amp;apos;Mac OS X&amp;apos;, os.arch: &amp;apos;x86_64&amp;apos;, os.version: &amp;apos;10.14&amp;apos;, java.version: &amp;apos;1.8.0_181&amp;apos;
Driver info: org.openqa.selenium.chrome.ChromeDriver
Capabilities {acceptInsecureCerts: false, acceptSslCerts: false, applicationCacheEnabled: false, browserConnectionEnabled: false, browserName: chrome, chrome: {chromedriverVersion: 2.42.591059 (a3d9684d10d61a..., userDataDir: /var/folders/hn/f7wb9_d13yz...}, cssSelectorsEnabled: true, databaseEnabled: false, goog:chromeOptions: {debuggerAddress: localhost:61645}, handlesAlerts: true, hasTouchScreen: false, javascriptEnabled: true, locationContextEnabled: true, mobileEmulationEnabled: false, nativeEvents: true, networkConnectionEnabled: false, pageLoadStrategy: normal, platform: MAC, platformName: MAC, rotatable: false, setWindowRect: true, takesHeapSnapshot: true, takesScreenshot: true, unexpectedAlertBehaviour: , unhandledPromptBehavior: , version: 70.0.3538.77, webStorageEnabled: true}
Session ID: d4b62dcbbec0a78cb43c71d7d88f1179">
      <![CDATA[org.openqa.selenium.WebDriverException: unknown error: failed to change window state to maximized, current state is normal
  (Session info: chrome=70.0.3538.77)
  (Driver info: chromedriver=2.42.591059 (a3d9684d10d61aa0c45f6723b327283be1ebaad8),platform=Mac OS X 10.14.0 x86_64) (WARNING: The server did not provide any stacktrace information)
Command duration or timeout: 0 milliseconds
Build info: version: '3.14.0', revision: 'aacccce0', time: '2018-08-02T20:19:58.91Z'
System info: host: 'juneds-MBP.home', ip: 'fe80:0:0:0:7b:f7ab:7ac7:59e0%en0', os.name: 'Mac OS X', os.arch: 'x86_64', os.version: '10.14', java.version: '1.8.0_181'
Driver info: org.openqa.selenium.chrome.ChromeDriver
Capabilities {acceptInsecureCerts: false, acceptSslCerts: false, applicationCacheEnabled: false, browserConnectionEnabled: false, browserName: chrome, chrome: {chromedriverVersion: 2.42.591059 (a3d9684d10d61a..., userDataDir: /var/folders/hn/f7wb9_d13yz...}, cssSelectorsEnabled: true, databaseEnabled: false, goog:chromeOptions: {debuggerAddress: localhost:61645}, handlesAlerts: true, hasTouchScreen: false, javascriptEnabled: true, locationContextEnabled: true, mobileEmulationEnabled: false, nativeEvents: true, networkConnectionEnabled: false, pageLoadStrategy: normal, platform: MAC, platformName: MAC, rotatable: false, setWindowRect: true, takesHeapSnapshot: true, takesScreenshot: true, unexpectedAlertBehaviour: , unhandledPromptBehavior: , version: 70.0.3538.77, webStorageEnabled: true}
Session ID: d4b62dcbbec0a78cb43c71d7d88f1179
at org.openqa.selenium.remote.ErrorHandler.createThrowable(ErrorHandler.java:214)
at org.openqa.selenium.remote.ErrorHandler.throwIfResponseFailed(ErrorHandler.java:166)
at org.openqa.selenium.remote.http.JsonHttpResponseCodec.reconstructValue(JsonHttpResponseCodec.java:40)
at org.openqa.selenium.remote.http.AbstractHttpResponseCodec.decode(AbstractHttpResponseCodec.java:80)
at org.openqa.selenium.remote.http.AbstractHttpResponseCodec.decode(AbstractHttpResponseCodec.java:44)
at org.openqa.selenium.remote.HttpCommandExecutor.execute(HttpCommandExecutor.java:158)
at org.openqa.selenium.remote.service.DriverCommandExecutor.execute(DriverCommandExecutor.java:83)
at org.openqa.selenium.remote.RemoteWebDriver.execute(RemoteWebDriver.java:548)
at org.openqa.selenium.remote.RemoteWebDriver.execute(RemoteWebDriver.java:605)
at org.openqa.selenium.remote.RemoteWebDriver$RemoteWebDriverOptions$RemoteWindow.maximize(RemoteWebDriver.java:833)
at org.openqa.selenium.support.events.EventFiringWebDriver$EventFiringWindow.maximize(EventFiringWebDriver.java:768)
at base.CommonAPI.setEventListener(CommonAPI.java:53)
at base.CommonAPI.setUp(CommonAPI.java:39)
... Removed 37 stack frames]]>
    </failure>
  </testcase> <!-- @BeforeMethod setUp -->
  <testcase name="@BeforeMethod setup" time="0.0" classname="Tests.CarsPageTest">
    <skipped/>
  </testcase> <!-- @BeforeMethod setup -->
  <testcase name="@AfterMethod tearDown" time="0.0" classname="base.CommonAPI">
    <skipped/>
  </testcase> <!-- @AfterMethod tearDown -->
  <testcase name="@BeforeMethod setUp" time="0.0" classname="base.CommonAPI">
    <skipped/>
  </testcase> <!-- @BeforeMethod setUp -->
  <testcase name="@BeforeMethod setup" time="0.0" classname="Tests.CarsPageTest">
    <skipped/>
  </testcase> <!-- @BeforeMethod setup -->
  <testcase name="@AfterMethod tearDown" time="0.0" classname="base.CommonAPI">
    <skipped/>
  </testcase> <!-- @AfterMethod tearDown -->
  <testcase name="@BeforeMethod setUp" time="0.0" classname="base.CommonAPI">
    <skipped/>
  </testcase> <!-- @BeforeMethod setUp -->
  <testcase name="@BeforeMethod setup" time="0.0" classname="Tests.CarsPageTest">
    <skipped/>
  </testcase> <!-- @BeforeMethod setup -->
  <testcase name="@AfterMethod tearDown" time="0.0" classname="base.CommonAPI">
    <skipped/>
  </testcase> <!-- @AfterMethod tearDown -->
  <testcase name="@BeforeMethod setUp" time="0.0" classname="base.CommonAPI">
    <skipped/>
  </testcase> <!-- @BeforeMethod setUp -->
  <testcase name="@BeforeMethod setup" time="0.0" classname="Tests.CarsPageTest">
    <skipped/>
  </testcase> <!-- @BeforeMethod setup -->
  <testcase name="@AfterMethod tearDown" time="0.0" classname="base.CommonAPI">
    <skipped/>
  </testcase> <!-- @AfterMethod tearDown -->
  <testcase name="@BeforeMethod setUp" time="0.0" classname="base.CommonAPI">
    <skipped/>
  </testcase> <!-- @BeforeMethod setUp -->
  <testcase name="@BeforeMethod setup" time="0.0" classname="Tests.CarsPageTest">
    <skipped/>
  </testcase> <!-- @BeforeMethod setup -->
  <testcase name="@AfterMethod tearDown" time="0.0" classname="base.CommonAPI">
    <skipped/>
  </testcase> <!-- @AfterMethod tearDown -->
  <testcase name="@BeforeMethod setUp" time="0.0" classname="base.CommonAPI">
    <skipped/>
  </testcase> <!-- @BeforeMethod setUp -->
  <testcase name="@BeforeMethod setup" time="0.0" classname="Tests.CarsPageTest">
    <skipped/>
  </testcase> <!-- @BeforeMethod setup -->
  <testcase name="@AfterMethod tearDown" time="0.0" classname="base.CommonAPI">
    <skipped/>
  </testcase> <!-- @AfterMethod tearDown -->
  <testcase name="@BeforeMethod setUp" time="0.0" classname="base.CommonAPI">
    <skipped/>
  </testcase> <!-- @BeforeMethod setUp -->
  <testcase name="@BeforeMethod setup" time="0.0" classname="Tests.CarsPageTest">
    <skipped/>
  </testcase> <!-- @BeforeMethod setup -->
  <testcase name="@AfterMethod tearDown" time="0.0" classname="base.CommonAPI">
    <skipped/>
  </testcase> <!-- @AfterMethod tearDown -->
  <testcase name="@BeforeMethod setUp" time="0.0" classname="base.CommonAPI">
    <skipped/>
  </testcase> <!-- @BeforeMethod setUp -->
  <testcase name="@BeforeMethod setup" time="0.0" classname="Tests.CarsPageTest">
    <skipped/>
  </testcase> <!-- @BeforeMethod setup -->
  <testcase name="@AfterMethod tearDown" time="0.0" classname="base.CommonAPI">
    <skipped/>
  </testcase> <!-- @AfterMethod tearDown -->
  <testcase name="@BeforeMethod setUp" time="0.0" classname="base.CommonAPI">
    <skipped/>
  </testcase> <!-- @BeforeMethod setUp -->
  <testcase name="@BeforeMethod setup" time="0.0" classname="Tests.CarsPageTest">
    <skipped/>
  </testcase> <!-- @BeforeMethod setup -->
  <testcase name="@AfterMethod tearDown" time="0.0" classname="base.CommonAPI">
    <skipped/>
  </testcase> <!-- @AfterMethod tearDown -->
  <testcase name="@BeforeMethod setUp" time="0.0" classname="base.CommonAPI">
    <skipped/>
  </testcase> <!-- @BeforeMethod setUp -->
  <testcase name="@BeforeMethod setup" time="0.0" classname="Tests.CarsPageTest">
    <skipped/>
  </testcase> <!-- @BeforeMethod setup -->
  <testcase name="@AfterMethod tearDown" time="0.0" classname="base.CommonAPI">
    <skipped/>
  </testcase> <!-- @AfterMethod tearDown -->
  <testcase name="@BeforeMethod setUp" time="0.0" classname="base.CommonAPI">
    <skipped/>
  </testcase> <!-- @BeforeMethod setUp -->
  <testcase name="@BeforeMethod setup" time="0.0" classname="Tests.CarsPageTest">
    <skipped/>
  </testcase> <!-- @BeforeMethod setup -->
  <testcase name="@AfterMethod tearDown" time="0.0" classname="base.CommonAPI">
    <skipped/>
  </testcase> <!-- @AfterMethod tearDown -->
  <testcase name="@BeforeMethod setUp" time="0.0" classname="base.CommonAPI">
    <skipped/>
  </testcase> <!-- @BeforeMethod setUp -->
  <testcase name="@BeforeMethod setup" time="0.0" classname="Tests.CarsPageTest">
    <skipped/>
  </testcase> <!-- @BeforeMethod setup -->
  <testcase name="@AfterMethod tearDown" time="0.0" classname="base.CommonAPI">
    <skipped/>
  </testcase> <!-- @AfterMethod tearDown -->
  <testcase name="@BeforeMethod setUp" time="0.0" classname="base.CommonAPI">
    <skipped/>
  </testcase> <!-- @BeforeMethod setUp -->
  <testcase name="@BeforeMethod setup" time="0.0" classname="Tests.CarsPageTest">
    <skipped/>
  </testcase> <!-- @BeforeMethod setup -->
  <testcase name="@AfterMethod tearDown" time="0.0" classname="base.CommonAPI">
    <skipped/>
  </testcase> <!-- @AfterMethod tearDown -->
  <testcase name="@BeforeMethod setUp" time="0.0" classname="base.CommonAPI">
    <skipped/>
  </testcase> <!-- @BeforeMethod setUp -->
  <testcase name="@BeforeMethod setup" time="0.0" classname="Tests.CarsPageTest">
    <skipped/>
  </testcase> <!-- @BeforeMethod setup -->
  <testcase name="@AfterMethod tearDown" time="0.0" classname="base.CommonAPI">
    <skipped/>
  </testcase> <!-- @AfterMethod tearDown -->
  <testcase name="@BeforeMethod setUp" time="1.486" classname="base.CommonAPI">
    <failure type="org.openqa.selenium.WebDriverException" message="unknown error: failed to change window state to maximized, current state is normal
  (Session info: chrome=70.0.3538.77)
  (Driver info: chromedriver=2.42.591059 (a3d9684d10d61aa0c45f6723b327283be1ebaad8),platform=Mac OS X 10.14.0 x86_64) (WARNING: The server did not provide any stacktrace information)
Command duration or timeout: 0 milliseconds
Build info: version: &amp;apos;3.14.0&amp;apos;, revision: &amp;apos;aacccce0&amp;apos;, time: &amp;apos;2018-08-02T20:19:58.91Z&amp;apos;
System info: host: &amp;apos;juneds-MBP.home&amp;apos;, ip: &amp;apos;fe80:0:0:0:7b:f7ab:7ac7:59e0%en0&amp;apos;, os.name: &amp;apos;Mac OS X&amp;apos;, os.arch: &amp;apos;x86_64&amp;apos;, os.version: &amp;apos;10.14&amp;apos;, java.version: &amp;apos;1.8.0_181&amp;apos;
Driver info: org.openqa.selenium.chrome.ChromeDriver
Capabilities {acceptInsecureCerts: false, acceptSslCerts: false, applicationCacheEnabled: false, browserConnectionEnabled: false, browserName: chrome, chrome: {chromedriverVersion: 2.42.591059 (a3d9684d10d61a..., userDataDir: /var/folders/hn/f7wb9_d13yz...}, cssSelectorsEnabled: true, databaseEnabled: false, goog:chromeOptions: {debuggerAddress: localhost:61661}, handlesAlerts: true, hasTouchScreen: false, javascriptEnabled: true, locationContextEnabled: true, mobileEmulationEnabled: false, nativeEvents: true, networkConnectionEnabled: false, pageLoadStrategy: normal, platform: MAC, platformName: MAC, rotatable: false, setWindowRect: true, takesHeapSnapshot: true, takesScreenshot: true, unexpectedAlertBehaviour: , unhandledPromptBehavior: , version: 70.0.3538.77, webStorageEnabled: true}
Session ID: 968e342d0991e2f30790f0c0707423d0">
      <![CDATA[org.openqa.selenium.WebDriverException: unknown error: failed to change window state to maximized, current state is normal
  (Session info: chrome=70.0.3538.77)
  (Driver info: chromedriver=2.42.591059 (a3d9684d10d61aa0c45f6723b327283be1ebaad8),platform=Mac OS X 10.14.0 x86_64) (WARNING: The server did not provide any stacktrace information)
Command duration or timeout: 0 milliseconds
Build info: version: '3.14.0', revision: 'aacccce0', time: '2018-08-02T20:19:58.91Z'
System info: host: 'juneds-MBP.home', ip: 'fe80:0:0:0:7b:f7ab:7ac7:59e0%en0', os.name: 'Mac OS X', os.arch: 'x86_64', os.version: '10.14', java.version: '1.8.0_181'
Driver info: org.openqa.selenium.chrome.ChromeDriver
Capabilities {acceptInsecureCerts: false, acceptSslCerts: false, applicationCacheEnabled: false, browserConnectionEnabled: false, browserName: chrome, chrome: {chromedriverVersion: 2.42.591059 (a3d9684d10d61a..., userDataDir: /var/folders/hn/f7wb9_d13yz...}, cssSelectorsEnabled: true, databaseEnabled: false, goog:chromeOptions: {debuggerAddress: localhost:61661}, handlesAlerts: true, hasTouchScreen: false, javascriptEnabled: true, locationContextEnabled: true, mobileEmulationEnabled: false, nativeEvents: true, networkConnectionEnabled: false, pageLoadStrategy: normal, platform: MAC, platformName: MAC, rotatable: false, setWindowRect: true, takesHeapSnapshot: true, takesScreenshot: true, unexpectedAlertBehaviour: , unhandledPromptBehavior: , version: 70.0.3538.77, webStorageEnabled: true}
Session ID: 968e342d0991e2f30790f0c0707423d0
at org.openqa.selenium.remote.ErrorHandler.createThrowable(ErrorHandler.java:214)
at org.openqa.selenium.remote.ErrorHandler.throwIfResponseFailed(ErrorHandler.java:166)
at org.openqa.selenium.remote.http.JsonHttpResponseCodec.reconstructValue(JsonHttpResponseCodec.java:40)
at org.openqa.selenium.remote.http.AbstractHttpResponseCodec.decode(AbstractHttpResponseCodec.java:80)
at org.openqa.selenium.remote.http.AbstractHttpResponseCodec.decode(AbstractHttpResponseCodec.java:44)
at org.openqa.selenium.remote.HttpCommandExecutor.execute(HttpCommandExecutor.java:158)
at org.openqa.selenium.remote.service.DriverCommandExecutor.execute(DriverCommandExecutor.java:83)
at org.openqa.selenium.remote.RemoteWebDriver.execute(RemoteWebDriver.java:548)
at org.openqa.selenium.remote.RemoteWebDriver.execute(RemoteWebDriver.java:605)
at org.openqa.selenium.remote.RemoteWebDriver$RemoteWebDriverOptions$RemoteWindow.maximize(RemoteWebDriver.java:833)
at org.openqa.selenium.support.events.EventFiringWebDriver$EventFiringWindow.maximize(EventFiringWebDriver.java:768)
at base.CommonAPI.setEventListener(CommonAPI.java:53)
at base.CommonAPI.setUp(CommonAPI.java:39)
... Removed 37 stack frames]]>
    </failure>
  </testcase> <!-- @BeforeMethod setUp -->
  <testcase name="@BeforeMethod setup" time="0.0" classname="Tests.HotelsPageTest">
    <skipped/>
  </testcase> <!-- @BeforeMethod setup -->
  <testcase name="@AfterMethod tearDown" time="0.0" classname="base.CommonAPI">
    <skipped/>
  </testcase> <!-- @AfterMethod tearDown -->
  <testcase name="@BeforeMethod setUp" time="0.0" classname="base.CommonAPI">
    <skipped/>
  </testcase> <!-- @BeforeMethod setUp -->
  <testcase name="@BeforeMethod setup" time="0.0" classname="Tests.HotelsPageTest">
    <skipped/>
  </testcase> <!-- @BeforeMethod setup -->
  <testcase name="@AfterMethod tearDown" time="0.0" classname="base.CommonAPI">
    <skipped/>
  </testcase> <!-- @AfterMethod tearDown -->
  <testcase name="@BeforeMethod setUp" time="0.0" classname="base.CommonAPI">
    <skipped/>
  </testcase> <!-- @BeforeMethod setUp -->
  <testcase name="@BeforeMethod setup" time="0.0" classname="Tests.HotelsPageTest">
    <skipped/>
  </testcase> <!-- @BeforeMethod setup -->
  <testcase name="@AfterMethod tearDown" time="0.0" classname="base.CommonAPI">
    <skipped/>
  </testcase> <!-- @AfterMethod tearDown -->
  <testcase name="@BeforeMethod setUp" time="0.0" classname="base.CommonAPI">
    <skipped/>
  </testcase> <!-- @BeforeMethod setUp -->
  <testcase name="@BeforeMethod setup" time="0.0" classname="Tests.HotelsPageTest">
    <skipped/>
  </testcase> <!-- @BeforeMethod setup -->
  <testcase name="@AfterMethod tearDown" time="0.0" classname="base.CommonAPI">
    <skipped/>
  </testcase> <!-- @AfterMethod tearDown -->
  <testcase name="@BeforeMethod setUp" time="0.0" classname="base.CommonAPI">
    <skipped/>
  </testcase> <!-- @BeforeMethod setUp -->
  <testcase name="@BeforeMethod setup" time="0.0" classname="Tests.HotelsPageTest">
    <skipped/>
  </testcase> <!-- @BeforeMethod setup -->
  <testcase name="@AfterMethod tearDown" time="0.0" classname="base.CommonAPI">
    <skipped/>
  </testcase> <!-- @AfterMethod tearDown -->
  <testcase name="@BeforeMethod setUp" time="0.0" classname="base.CommonAPI">
    <skipped/>
  </testcase> <!-- @BeforeMethod setUp -->
  <testcase name="@BeforeMethod setup" time="0.0" classname="Tests.HotelsPageTest">
    <skipped/>
  </testcase> <!-- @BeforeMethod setup -->
  <testcase name="@AfterMethod tearDown" time="0.0" classname="base.CommonAPI">
    <skipped/>
  </testcase> <!-- @AfterMethod tearDown -->
  <testcase name="@BeforeMethod setUp" time="0.0" classname="base.CommonAPI">
    <skipped/>
  </testcase> <!-- @BeforeMethod setUp -->
  <testcase name="@BeforeMethod setup" time="0.0" classname="Tests.HotelsPageTest">
    <skipped/>
  </testcase> <!-- @BeforeMethod setup -->
  <testcase name="@AfterMethod tearDown" time="0.0" classname="base.CommonAPI">
    <skipped/>
  </testcase> <!-- @AfterMethod tearDown -->
  <testcase name="@BeforeMethod setUp" time="0.0" classname="base.CommonAPI">
    <skipped/>
  </testcase> <!-- @BeforeMethod setUp -->
  <testcase name="@BeforeMethod setup" time="0.0" classname="Tests.HotelsPageTest">
    <skipped/>
  </testcase> <!-- @BeforeMethod setup -->
  <testcase name="@AfterMethod tearDown" time="0.0" classname="base.CommonAPI">
    <skipped/>
  </testcase> <!-- @AfterMethod tearDown -->
  <testcase name="@BeforeMethod setUp" time="0.0" classname="base.CommonAPI">
    <skipped/>
  </testcase> <!-- @BeforeMethod setUp -->
  <testcase name="@BeforeMethod setup" time="0.0" classname="Tests.HotelsPageTest">
    <skipped/>
  </testcase> <!-- @BeforeMethod setup -->
  <testcase name="@AfterMethod tearDown" time="0.0" classname="base.CommonAPI">
    <skipped/>
  </testcase> <!-- @AfterMethod tearDown -->
  <testcase name="@BeforeMethod setUp" time="0.0" classname="base.CommonAPI">
    <skipped/>
  </testcase> <!-- @BeforeMethod setUp -->
  <testcase name="@BeforeMethod setup" time="0.0" classname="Tests.HotelsPageTest">
    <skipped/>
  </testcase> <!-- @BeforeMethod setup -->
  <testcase name="@AfterMethod tearDown" time="0.0" classname="base.CommonAPI">
    <skipped/>
  </testcase> <!-- @AfterMethod tearDown -->
  <testcase name="@BeforeMethod setUp" time="0.0" classname="base.CommonAPI">
    <skipped/>
  </testcase> <!-- @BeforeMethod setUp -->
  <testcase name="@BeforeMethod setup" time="0.0" classname="Tests.HotelsPageTest">
    <skipped/>
  </testcase> <!-- @BeforeMethod setup -->
  <testcase name="@AfterMethod tearDown" time="0.0" classname="base.CommonAPI">
    <skipped/>
  </testcase> <!-- @AfterMethod tearDown -->
  <testcase name="@BeforeMethod setUp" time="0.0" classname="base.CommonAPI">
    <skipped/>
  </testcase> <!-- @BeforeMethod setUp -->
  <testcase name="@BeforeMethod setup" time="0.0" classname="Tests.HotelsPageTest">
    <skipped/>
  </testcase> <!-- @BeforeMethod setup -->
  <testcase name="@AfterMethod tearDown" time="0.0" classname="base.CommonAPI">
    <skipped/>
  </testcase> <!-- @AfterMethod tearDown -->
  <testcase name="@BeforeMethod setUp" time="0.0" classname="base.CommonAPI">
    <skipped/>
  </testcase> <!-- @BeforeMethod setUp -->
  <testcase name="@BeforeMethod setup" time="0.0" classname="Tests.HotelsPageTest">
    <skipped/>
  </testcase> <!-- @BeforeMethod setup -->
  <testcase name="@AfterMethod tearDown" time="0.0" classname="base.CommonAPI">
    <skipped/>
  </testcase> <!-- @AfterMethod tearDown -->
  <testcase name="@BeforeMethod setUp" time="0.0" classname="base.CommonAPI">
    <skipped/>
  </testcase> <!-- @BeforeMethod setUp -->
  <testcase name="@BeforeMethod setup" time="0.0" classname="Tests.HotelsPageTest">
    <skipped/>
  </testcase> <!-- @BeforeMethod setup -->
  <testcase name="@AfterMethod tearDown" time="0.0" classname="base.CommonAPI">
    <skipped/>
  </testcase> <!-- @AfterMethod tearDown -->
  <testcase name="@BeforeMethod setUp" time="0.0" classname="base.CommonAPI">
    <skipped/>
  </testcase> <!-- @BeforeMethod setUp -->
  <testcase name="@BeforeMethod setup" time="0.0" classname="Tests.HotelsPageTest">
    <skipped/>
  </testcase> <!-- @BeforeMethod setup -->
  <testcase name="@AfterMethod tearDown" time="0.0" classname="base.CommonAPI">
    <skipped/>
  </testcase> <!-- @AfterMethod tearDown -->
  <testcase name="@BeforeMethod setUp" time="0.0" classname="base.CommonAPI">
    <skipped/>
  </testcase> <!-- @BeforeMethod setUp -->
  <testcase name="@BeforeMethod setup" time="0.0" classname="Tests.HotelsPageTest">
    <skipped/>
  </testcase> <!-- @BeforeMethod setup -->
  <testcase name="@AfterMethod tearDown" time="0.0" classname="base.CommonAPI">
    <skipped/>
  </testcase> <!-- @AfterMethod tearDown -->
  <testcase name="@BeforeMethod setUp" time="1.421" classname="base.CommonAPI">
    <failure type="org.openqa.selenium.WebDriverException" message="unknown error: failed to change window state to maximized, current state is normal
  (Session info: chrome=70.0.3538.77)
  (Driver info: chromedriver=2.42.591059 (a3d9684d10d61aa0c45f6723b327283be1ebaad8),platform=Mac OS X 10.14.0 x86_64) (WARNING: The server did not provide any stacktrace information)
Command duration or timeout: 0 milliseconds
Build info: version: &amp;apos;3.14.0&amp;apos;, revision: &amp;apos;aacccce0&amp;apos;, time: &amp;apos;2018-08-02T20:19:58.91Z&amp;apos;
System info: host: &amp;apos;juneds-MBP.home&amp;apos;, ip: &amp;apos;fe80:0:0:0:7b:f7ab:7ac7:59e0%en0&amp;apos;, os.name: &amp;apos;Mac OS X&amp;apos;, os.arch: &amp;apos;x86_64&amp;apos;, os.version: &amp;apos;10.14&amp;apos;, java.version: &amp;apos;1.8.0_181&amp;apos;
Driver info: org.openqa.selenium.chrome.ChromeDriver
Capabilities {acceptInsecureCerts: false, acceptSslCerts: false, applicationCacheEnabled: false, browserConnectionEnabled: false, browserName: chrome, chrome: {chromedriverVersion: 2.42.591059 (a3d9684d10d61a..., userDataDir: /var/folders/hn/f7wb9_d13yz...}, cssSelectorsEnabled: true, databaseEnabled: false, goog:chromeOptions: {debuggerAddress: localhost:61676}, handlesAlerts: true, hasTouchScreen: false, javascriptEnabled: true, locationContextEnabled: true, mobileEmulationEnabled: false, nativeEvents: true, networkConnectionEnabled: false, pageLoadStrategy: normal, platform: MAC, platformName: MAC, rotatable: false, setWindowRect: true, takesHeapSnapshot: true, takesScreenshot: true, unexpectedAlertBehaviour: , unhandledPromptBehavior: , version: 70.0.3538.77, webStorageEnabled: true}
Session ID: 8c9c40f48adba041ea8a6890b19d43a6">
      <![CDATA[org.openqa.selenium.WebDriverException: unknown error: failed to change window state to maximized, current state is normal
  (Session info: chrome=70.0.3538.77)
  (Driver info: chromedriver=2.42.591059 (a3d9684d10d61aa0c45f6723b327283be1ebaad8),platform=Mac OS X 10.14.0 x86_64) (WARNING: The server did not provide any stacktrace information)
Command duration or timeout: 0 milliseconds
Build info: version: '3.14.0', revision: 'aacccce0', time: '2018-08-02T20:19:58.91Z'
System info: host: 'juneds-MBP.home', ip: 'fe80:0:0:0:7b:f7ab:7ac7:59e0%en0', os.name: 'Mac OS X', os.arch: 'x86_64', os.version: '10.14', java.version: '1.8.0_181'
Driver info: org.openqa.selenium.chrome.ChromeDriver
Capabilities {acceptInsecureCerts: false, acceptSslCerts: false, applicationCacheEnabled: false, browserConnectionEnabled: false, browserName: chrome, chrome: {chromedriverVersion: 2.42.591059 (a3d9684d10d61a..., userDataDir: /var/folders/hn/f7wb9_d13yz...}, cssSelectorsEnabled: true, databaseEnabled: false, goog:chromeOptions: {debuggerAddress: localhost:61676}, handlesAlerts: true, hasTouchScreen: false, javascriptEnabled: true, locationContextEnabled: true, mobileEmulationEnabled: false, nativeEvents: true, networkConnectionEnabled: false, pageLoadStrategy: normal, platform: MAC, platformName: MAC, rotatable: false, setWindowRect: true, takesHeapSnapshot: true, takesScreenshot: true, unexpectedAlertBehaviour: , unhandledPromptBehavior: , version: 70.0.3538.77, webStorageEnabled: true}
Session ID: 8c9c40f48adba041ea8a6890b19d43a6
at org.openqa.selenium.remote.ErrorHandler.createThrowable(ErrorHandler.java:214)
at org.openqa.selenium.remote.ErrorHandler.throwIfResponseFailed(ErrorHandler.java:166)
at org.openqa.selenium.remote.http.JsonHttpResponseCodec.reconstructValue(JsonHttpResponseCodec.java:40)
at org.openqa.selenium.remote.http.AbstractHttpResponseCodec.decode(AbstractHttpResponseCodec.java:80)
at org.openqa.selenium.remote.http.AbstractHttpResponseCodec.decode(AbstractHttpResponseCodec.java:44)
at org.openqa.selenium.remote.HttpCommandExecutor.execute(HttpCommandExecutor.java:158)
at org.openqa.selenium.remote.service.DriverCommandExecutor.execute(DriverCommandExecutor.java:83)
at org.openqa.selenium.remote.RemoteWebDriver.execute(RemoteWebDriver.java:548)
at org.openqa.selenium.remote.RemoteWebDriver.execute(RemoteWebDriver.java:605)
at org.openqa.selenium.remote.RemoteWebDriver$RemoteWebDriverOptions$RemoteWindow.maximize(RemoteWebDriver.java:833)
at org.openqa.selenium.support.events.EventFiringWebDriver$EventFiringWindow.maximize(EventFiringWebDriver.java:768)
at base.CommonAPI.setEventListener(CommonAPI.java:53)
at base.CommonAPI.setUp(CommonAPI.java:39)
... Removed 37 stack frames]]>
    </failure>
  </testcase> <!-- @BeforeMethod setUp -->
  <testcase name="@BeforeMethod createTestObj" time="0.0" classname="Tests.DataBaseHomePageTest">
    <skipped/>
  </testcase> <!-- @BeforeMethod createTestObj -->
  <testcase name="@AfterMethod tearDown" time="0.0" classname="base.CommonAPI">
    <skipped/>
  </testcase> <!-- @AfterMethod tearDown -->
  <testcase name="@BeforeMethod setUp" time="1.393" classname="base.CommonAPI">
    <failure type="org.openqa.selenium.WebDriverException" message="unknown error: failed to change window state to maximized, current state is normal
  (Session info: chrome=70.0.3538.77)
  (Driver info: chromedriver=2.42.591059 (a3d9684d10d61aa0c45f6723b327283be1ebaad8),platform=Mac OS X 10.14.0 x86_64) (WARNING: The server did not provide any stacktrace information)
Command duration or timeout: 0 milliseconds
Build info: version: &amp;apos;3.14.0&amp;apos;, revision: &amp;apos;aacccce0&amp;apos;, time: &amp;apos;2018-08-02T20:19:58.91Z&amp;apos;
System info: host: &amp;apos;juneds-MBP.home&amp;apos;, ip: &amp;apos;fe80:0:0:0:7b:f7ab:7ac7:59e0%en0&amp;apos;, os.name: &amp;apos;Mac OS X&amp;apos;, os.arch: &amp;apos;x86_64&amp;apos;, os.version: &amp;apos;10.14&amp;apos;, java.version: &amp;apos;1.8.0_181&amp;apos;
Driver info: org.openqa.selenium.chrome.ChromeDriver
Capabilities {acceptInsecureCerts: false, acceptSslCerts: false, applicationCacheEnabled: false, browserConnectionEnabled: false, browserName: chrome, chrome: {chromedriverVersion: 2.42.591059 (a3d9684d10d61a..., userDataDir: /var/folders/hn/f7wb9_d13yz...}, cssSelectorsEnabled: true, databaseEnabled: false, goog:chromeOptions: {debuggerAddress: localhost:61692}, handlesAlerts: true, hasTouchScreen: false, javascriptEnabled: true, locationContextEnabled: true, mobileEmulationEnabled: false, nativeEvents: true, networkConnectionEnabled: false, pageLoadStrategy: normal, platform: MAC, platformName: MAC, rotatable: false, setWindowRect: true, takesHeapSnapshot: true, takesScreenshot: true, unexpectedAlertBehaviour: , unhandledPromptBehavior: , version: 70.0.3538.77, webStorageEnabled: true}
Session ID: 6b4a3dd40ff8bb357cd8bdaad2d44044">
      <![CDATA[org.openqa.selenium.WebDriverException: unknown error: failed to change window state to maximized, current state is normal
  (Session info: chrome=70.0.3538.77)
  (Driver info: chromedriver=2.42.591059 (a3d9684d10d61aa0c45f6723b327283be1ebaad8),platform=Mac OS X 10.14.0 x86_64) (WARNING: The server did not provide any stacktrace information)
Command duration or timeout: 0 milliseconds
Build info: version: '3.14.0', revision: 'aacccce0', time: '2018-08-02T20:19:58.91Z'
System info: host: 'juneds-MBP.home', ip: 'fe80:0:0:0:7b:f7ab:7ac7:59e0%en0', os.name: 'Mac OS X', os.arch: 'x86_64', os.version: '10.14', java.version: '1.8.0_181'
Driver info: org.openqa.selenium.chrome.ChromeDriver
Capabilities {acceptInsecureCerts: false, acceptSslCerts: false, applicationCacheEnabled: false, browserConnectionEnabled: false, browserName: chrome, chrome: {chromedriverVersion: 2.42.591059 (a3d9684d10d61a..., userDataDir: /var/folders/hn/f7wb9_d13yz...}, cssSelectorsEnabled: true, databaseEnabled: false, goog:chromeOptions: {debuggerAddress: localhost:61692}, handlesAlerts: true, hasTouchScreen: false, javascriptEnabled: true, locationContextEnabled: true, mobileEmulationEnabled: false, nativeEvents: true, networkConnectionEnabled: false, pageLoadStrategy: normal, platform: MAC, platformName: MAC, rotatable: false, setWindowRect: true, takesHeapSnapshot: true, takesScreenshot: true, unexpectedAlertBehaviour: , unhandledPromptBehavior: , version: 70.0.3538.77, webStorageEnabled: true}
Session ID: 6b4a3dd40ff8bb357cd8bdaad2d44044
at org.openqa.selenium.remote.ErrorHandler.createThrowable(ErrorHandler.java:214)
at org.openqa.selenium.remote.ErrorHandler.throwIfResponseFailed(ErrorHandler.java:166)
at org.openqa.selenium.remote.http.JsonHttpResponseCodec.reconstructValue(JsonHttpResponseCodec.java:40)
at org.openqa.selenium.remote.http.AbstractHttpResponseCodec.decode(AbstractHttpResponseCodec.java:80)
at org.openqa.selenium.remote.http.AbstractHttpResponseCodec.decode(AbstractHttpResponseCodec.java:44)
at org.openqa.selenium.remote.HttpCommandExecutor.execute(HttpCommandExecutor.java:158)
at org.openqa.selenium.remote.service.DriverCommandExecutor.execute(DriverCommandExecutor.java:83)
at org.openqa.selenium.remote.RemoteWebDriver.execute(RemoteWebDriver.java:548)
at org.openqa.selenium.remote.RemoteWebDriver.execute(RemoteWebDriver.java:605)
at org.openqa.selenium.remote.RemoteWebDriver$RemoteWebDriverOptions$RemoteWindow.maximize(RemoteWebDriver.java:833)
at org.openqa.selenium.support.events.EventFiringWebDriver$EventFiringWindow.maximize(EventFiringWebDriver.java:768)
at base.CommonAPI.setEventListener(CommonAPI.java:53)
at base.CommonAPI.setUp(CommonAPI.java:39)
... Removed 37 stack frames]]>
    </failure>
  </testcase> <!-- @BeforeMethod setUp -->
  <testcase name="@BeforeMethod setup" time="0.0" classname="Tests.CruisesPageTest">
    <skipped/>
  </testcase> <!-- @BeforeMethod setup -->
  <testcase name="@AfterMethod tearDown" time="0.0" classname="base.CommonAPI">
    <skipped/>
  </testcase> <!-- @AfterMethod tearDown -->
  <testcase name="@BeforeMethod setUp" time="0.0" classname="base.CommonAPI">
    <skipped/>
  </testcase> <!-- @BeforeMethod setUp -->
  <testcase name="@BeforeMethod setup" time="0.0" classname="Tests.CruisesPageTest">
    <skipped/>
  </testcase> <!-- @BeforeMethod setup -->
  <testcase name="@AfterMethod tearDown" time="0.0" classname="base.CommonAPI">
    <skipped/>
  </testcase> <!-- @AfterMethod tearDown -->
  <testcase name="@BeforeMethod setUp" time="0.0" classname="base.CommonAPI">
    <skipped/>
  </testcase> <!-- @BeforeMethod setUp -->
  <testcase name="@BeforeMethod setup" time="0.0" classname="Tests.CruisesPageTest">
    <skipped/>
  </testcase> <!-- @BeforeMethod setup -->
  <testcase name="@AfterMethod tearDown" time="0.0" classname="base.CommonAPI">
    <skipped/>
  </testcase> <!-- @AfterMethod tearDown -->
  <testcase name="@BeforeMethod setUp" time="0.0" classname="base.CommonAPI">
    <skipped/>
  </testcase> <!-- @BeforeMethod setUp -->
  <testcase name="@BeforeMethod setup" time="0.0" classname="Tests.CruisesPageTest">
    <skipped/>
  </testcase> <!-- @BeforeMethod setup -->
  <testcase name="@AfterMethod tearDown" time="0.0" classname="base.CommonAPI">
    <skipped/>
  </testcase> <!-- @AfterMethod tearDown -->
  <testcase name="@BeforeMethod setUp" time="0.0" classname="base.CommonAPI">
    <skipped/>
  </testcase> <!-- @BeforeMethod setUp -->
  <testcase name="@BeforeMethod setup" time="0.0" classname="Tests.CruisesPageTest">
    <skipped/>
  </testcase> <!-- @BeforeMethod setup -->
  <testcase name="@AfterMethod tearDown" time="0.0" classname="base.CommonAPI">
    <skipped/>
  </testcase> <!-- @AfterMethod tearDown -->
  <testcase name="@BeforeMethod setUp" time="0.0" classname="base.CommonAPI">
    <skipped/>
  </testcase> <!-- @BeforeMethod setUp -->
  <testcase name="@BeforeMethod setup" time="0.0" classname="Tests.CruisesPageTest">
    <skipped/>
  </testcase> <!-- @BeforeMethod setup -->
  <testcase name="@AfterMethod tearDown" time="0.0" classname="base.CommonAPI">
    <skipped/>
  </testcase> <!-- @AfterMethod tearDown -->
  <testcase name="@BeforeMethod setUp" time="0.0" classname="base.CommonAPI">
    <skipped/>
  </testcase> <!-- @BeforeMethod setUp -->
  <testcase name="@BeforeMethod setup" time="0.0" classname="Tests.CruisesPageTest">
    <skipped/>
  </testcase> <!-- @BeforeMethod setup -->
  <testcase name="@AfterMethod tearDown" time="0.0" classname="base.CommonAPI">
    <skipped/>
  </testcase> <!-- @AfterMethod tearDown -->
  <testcase name="@BeforeMethod setUp" time="0.0" classname="base.CommonAPI">
    <skipped/>
  </testcase> <!-- @BeforeMethod setUp -->
  <testcase name="@BeforeMethod setup" time="0.0" classname="Tests.CruisesPageTest">
    <skipped/>
  </testcase> <!-- @BeforeMethod setup -->
  <testcase name="@AfterMethod tearDown" time="0.0" classname="base.CommonAPI">
    <skipped/>
  </testcase> <!-- @AfterMethod tearDown -->
  <testcase name="@BeforeMethod setUp" time="0.0" classname="base.CommonAPI">
    <skipped/>
  </testcase> <!-- @BeforeMethod setUp -->
  <testcase name="@BeforeMethod setup" time="0.0" classname="Tests.CruisesPageTest">
    <skipped/>
  </testcase> <!-- @BeforeMethod setup -->
  <testcase name="@AfterMethod tearDown" time="0.0" classname="base.CommonAPI">
    <skipped/>
  </testcase> <!-- @AfterMethod tearDown -->
  <testcase name="@BeforeMethod setUp" time="0.0" classname="base.CommonAPI">
    <skipped/>
  </testcase> <!-- @BeforeMethod setUp -->
  <testcase name="@BeforeMethod setup" time="0.0" classname="Tests.CruisesPageTest">
    <skipped/>
  </testcase> <!-- @BeforeMethod setup -->
  <testcase name="@AfterMethod tearDown" time="0.0" classname="base.CommonAPI">
    <skipped/>
  </testcase> <!-- @AfterMethod tearDown -->
  <testcase name="@BeforeMethod setUp" time="0.0" classname="base.CommonAPI">
    <skipped/>
  </testcase> <!-- @BeforeMethod setUp -->
  <testcase name="@BeforeMethod setup" time="0.0" classname="Tests.CruisesPageTest">
    <skipped/>
  </testcase> <!-- @BeforeMethod setup -->
  <testcase name="@AfterMethod tearDown" time="0.0" classname="base.CommonAPI">
    <skipped/>
  </testcase> <!-- @AfterMethod tearDown -->
  <testcase name="@BeforeMethod setUp" time="0.0" classname="base.CommonAPI">
    <skipped/>
  </testcase> <!-- @BeforeMethod setUp -->
  <testcase name="@BeforeMethod setup" time="0.0" classname="Tests.CruisesPageTest">
    <skipped/>
  </testcase> <!-- @BeforeMethod setup -->
  <testcase name="@AfterMethod tearDown" time="0.0" classname="base.CommonAPI">
    <skipped/>
  </testcase> <!-- @AfterMethod tearDown -->
  <testcase name="@BeforeMethod setUp" time="0.0" classname="base.CommonAPI">
    <skipped/>
  </testcase> <!-- @BeforeMethod setUp -->
  <testcase name="@BeforeMethod setup" time="0.0" classname="Tests.CruisesPageTest">
    <skipped/>
  </testcase> <!-- @BeforeMethod setup -->
  <testcase name="@AfterMethod tearDown" time="0.0" classname="base.CommonAPI">
    <skipped/>
  </testcase> <!-- @AfterMethod tearDown -->
  <testcase name="@BeforeMethod setUp" time="0.0" classname="base.CommonAPI">
    <skipped/>
  </testcase> <!-- @BeforeMethod setUp -->
  <testcase name="@BeforeMethod setup" time="0.0" classname="Tests.CruisesPageTest">
    <skipped/>
  </testcase> <!-- @BeforeMethod setup -->
  <testcase name="@AfterMethod tearDown" time="0.0" classname="base.CommonAPI">
    <skipped/>
  </testcase> <!-- @AfterMethod tearDown -->
  <testcase name="@BeforeMethod setUp" time="1.591" classname="base.CommonAPI">
    <failure type="org.openqa.selenium.WebDriverException" message="unknown error: failed to change window state to maximized, current state is normal
  (Session info: chrome=70.0.3538.77)
  (Driver info: chromedriver=2.42.591059 (a3d9684d10d61aa0c45f6723b327283be1ebaad8),platform=Mac OS X 10.14.0 x86_64) (WARNING: The server did not provide any stacktrace information)
Command duration or timeout: 0 milliseconds
Build info: version: &amp;apos;3.14.0&amp;apos;, revision: &amp;apos;aacccce0&amp;apos;, time: &amp;apos;2018-08-02T20:19:58.91Z&amp;apos;
System info: host: &amp;apos;juneds-MBP.home&amp;apos;, ip: &amp;apos;fe80:0:0:0:7b:f7ab:7ac7:59e0%en0&amp;apos;, os.name: &amp;apos;Mac OS X&amp;apos;, os.arch: &amp;apos;x86_64&amp;apos;, os.version: &amp;apos;10.14&amp;apos;, java.version: &amp;apos;1.8.0_181&amp;apos;
Driver info: org.openqa.selenium.chrome.ChromeDriver
Capabilities {acceptInsecureCerts: false, acceptSslCerts: false, applicationCacheEnabled: false, browserConnectionEnabled: false, browserName: chrome, chrome: {chromedriverVersion: 2.42.591059 (a3d9684d10d61a..., userDataDir: /var/folders/hn/f7wb9_d13yz...}, cssSelectorsEnabled: true, databaseEnabled: false, goog:chromeOptions: {debuggerAddress: localhost:61708}, handlesAlerts: true, hasTouchScreen: false, javascriptEnabled: true, locationContextEnabled: true, mobileEmulationEnabled: false, nativeEvents: true, networkConnectionEnabled: false, pageLoadStrategy: normal, platform: MAC, platformName: MAC, rotatable: false, setWindowRect: true, takesHeapSnapshot: true, takesScreenshot: true, unexpectedAlertBehaviour: , unhandledPromptBehavior: , version: 70.0.3538.77, webStorageEnabled: true}
Session ID: 6c0ee316a27019350508fb6f93f19f3e">
      <![CDATA[org.openqa.selenium.WebDriverException: unknown error: failed to change window state to maximized, current state is normal
  (Session info: chrome=70.0.3538.77)
  (Driver info: chromedriver=2.42.591059 (a3d9684d10d61aa0c45f6723b327283be1ebaad8),platform=Mac OS X 10.14.0 x86_64) (WARNING: The server did not provide any stacktrace information)
Command duration or timeout: 0 milliseconds
Build info: version: '3.14.0', revision: 'aacccce0', time: '2018-08-02T20:19:58.91Z'
System info: host: 'juneds-MBP.home', ip: 'fe80:0:0:0:7b:f7ab:7ac7:59e0%en0', os.name: 'Mac OS X', os.arch: 'x86_64', os.version: '10.14', java.version: '1.8.0_181'
Driver info: org.openqa.selenium.chrome.ChromeDriver
Capabilities {acceptInsecureCerts: false, acceptSslCerts: false, applicationCacheEnabled: false, browserConnectionEnabled: false, browserName: chrome, chrome: {chromedriverVersion: 2.42.591059 (a3d9684d10d61a..., userDataDir: /var/folders/hn/f7wb9_d13yz...}, cssSelectorsEnabled: true, databaseEnabled: false, goog:chromeOptions: {debuggerAddress: localhost:61708}, handlesAlerts: true, hasTouchScreen: false, javascriptEnabled: true, locationContextEnabled: true, mobileEmulationEnabled: false, nativeEvents: true, networkConnectionEnabled: false, pageLoadStrategy: normal, platform: MAC, platformName: MAC, rotatable: false, setWindowRect: true, takesHeapSnapshot: true, takesScreenshot: true, unexpectedAlertBehaviour: , unhandledPromptBehavior: , version: 70.0.3538.77, webStorageEnabled: true}
Session ID: 6c0ee316a27019350508fb6f93f19f3e
at org.openqa.selenium.remote.ErrorHandler.createThrowable(ErrorHandler.java:214)
at org.openqa.selenium.remote.ErrorHandler.throwIfResponseFailed(ErrorHandler.java:166)
at org.openqa.selenium.remote.http.JsonHttpResponseCodec.reconstructValue(JsonHttpResponseCodec.java:40)
at org.openqa.selenium.remote.http.AbstractHttpResponseCodec.decode(AbstractHttpResponseCodec.java:80)
at org.openqa.selenium.remote.http.AbstractHttpResponseCodec.decode(AbstractHttpResponseCodec.java:44)
at org.openqa.selenium.remote.HttpCommandExecutor.execute(HttpCommandExecutor.java:158)
at org.openqa.selenium.remote.service.DriverCommandExecutor.execute(DriverCommandExecutor.java:83)
at org.openqa.selenium.remote.RemoteWebDriver.execute(RemoteWebDriver.java:548)
at org.openqa.selenium.remote.RemoteWebDriver.execute(RemoteWebDriver.java:605)
at org.openqa.selenium.remote.RemoteWebDriver$RemoteWebDriverOptions$RemoteWindow.maximize(RemoteWebDriver.java:833)
at org.openqa.selenium.support.events.EventFiringWebDriver$EventFiringWindow.maximize(EventFiringWebDriver.java:768)
at base.CommonAPI.setEventListener(CommonAPI.java:53)
at base.CommonAPI.setUp(CommonAPI.java:39)
... Removed 37 stack frames]]>
    </failure>
  </testcase> <!-- @BeforeMethod setUp -->
  <testcase name="@BeforeMethod createTestObj" time="0.0" classname="Tests.HomePageTest">
    <skipped/>
  </testcase> <!-- @BeforeMethod createTestObj -->
  <testcase name="@AfterMethod tearDown" time="0.0" classname="base.CommonAPI">
    <skipped/>
  </testcase> <!-- @AfterMethod tearDown -->
  <testcase name="@BeforeMethod setUp" time="0.0" classname="base.CommonAPI">
    <skipped/>
  </testcase> <!-- @BeforeMethod setUp -->
  <testcase name="@BeforeMethod createTestObj" time="0.0" classname="Tests.HomePageTest">
    <skipped/>
  </testcase> <!-- @BeforeMethod createTestObj -->
  <testcase name="@AfterMethod tearDown" time="0.0" classname="base.CommonAPI">
    <skipped/>
  </testcase> <!-- @AfterMethod tearDown -->
  <testcase name="@BeforeMethod setUp" time="0.0" classname="base.CommonAPI">
    <skipped/>
  </testcase> <!-- @BeforeMethod setUp -->
  <testcase name="@BeforeMethod createTestObj" time="0.0" classname="Tests.HomePageTest">
    <skipped/>
  </testcase> <!-- @BeforeMethod createTestObj -->
  <testcase name="@AfterMethod tearDown" time="0.0" classname="base.CommonAPI">
    <skipped/>
  </testcase> <!-- @AfterMethod tearDown -->
  <testcase name="@BeforeMethod setUp" time="0.0" classname="base.CommonAPI">
    <skipped/>
  </testcase> <!-- @BeforeMethod setUp -->
  <testcase name="@BeforeMethod createTestObj" time="0.0" classname="Tests.HomePageTest">
    <skipped/>
  </testcase> <!-- @BeforeMethod createTestObj -->
  <testcase name="@AfterMethod tearDown" time="0.0" classname="base.CommonAPI">
    <skipped/>
  </testcase> <!-- @AfterMethod tearDown -->
  <testcase name="@BeforeMethod setUp" time="0.0" classname="base.CommonAPI">
    <skipped/>
  </testcase> <!-- @BeforeMethod setUp -->
  <testcase name="@BeforeMethod createTestObj" time="0.0" classname="Tests.HomePageTest">
    <skipped/>
  </testcase> <!-- @BeforeMethod createTestObj -->
  <testcase name="@AfterMethod tearDown" time="0.0" classname="base.CommonAPI">
    <skipped/>
  </testcase> <!-- @AfterMethod tearDown -->
  <testcase name="@BeforeMethod setUp" time="0.0" classname="base.CommonAPI">
    <skipped/>
  </testcase> <!-- @BeforeMethod setUp -->
  <testcase name="@BeforeMethod createTestObj" time="0.0" classname="Tests.HomePageTest">
    <skipped/>
  </testcase> <!-- @BeforeMethod createTestObj -->
  <testcase name="@AfterMethod tearDown" time="0.0" classname="base.CommonAPI">
    <skipped/>
  </testcase> <!-- @AfterMethod tearDown -->
  <testcase name="@BeforeMethod setUp" time="0.0" classname="base.CommonAPI">
    <skipped/>
  </testcase> <!-- @BeforeMethod setUp -->
  <testcase name="@BeforeMethod createTestObj" time="0.0" classname="Tests.HomePageTest">
    <skipped/>
  </testcase> <!-- @BeforeMethod createTestObj -->
  <testcase name="@AfterMethod tearDown" time="0.0" classname="base.CommonAPI">
    <skipped/>
  </testcase> <!-- @AfterMethod tearDown -->
  <testcase name="@BeforeMethod setUp" time="0.0" classname="base.CommonAPI">
    <skipped/>
  </testcase> <!-- @BeforeMethod setUp -->
  <testcase name="@BeforeMethod createTestObj" time="0.0" classname="Tests.HomePageTest">
    <skipped/>
  </testcase> <!-- @BeforeMethod createTestObj -->
  <testcase name="@AfterMethod tearDown" time="0.0" classname="base.CommonAPI">
    <skipped/>
  </testcase> <!-- @AfterMethod tearDown -->
  <testcase name="@BeforeMethod setUp" time="0.0" classname="base.CommonAPI">
    <skipped/>
  </testcase> <!-- @BeforeMethod setUp -->
  <testcase name="@BeforeMethod createTestObj" time="0.0" classname="Tests.HomePageTest">
    <skipped/>
  </testcase> <!-- @BeforeMethod createTestObj -->
  <testcase name="@AfterMethod tearDown" time="0.0" classname="base.CommonAPI">
    <skipped/>
  </testcase> <!-- @AfterMethod tearDown -->
  <testcase name="@BeforeMethod setUp" time="0.0" classname="base.CommonAPI">
    <skipped/>
  </testcase> <!-- @BeforeMethod setUp -->
  <testcase name="@BeforeMethod createTestObj" time="0.0" classname="Tests.HomePageTest">
    <skipped/>
  </testcase> <!-- @BeforeMethod createTestObj -->
  <testcase name="@AfterMethod tearDown" time="0.0" classname="base.CommonAPI">
    <skipped/>
  </testcase> <!-- @AfterMethod tearDown -->
  <testcase name="@BeforeMethod setUp" time="0.0" classname="base.CommonAPI">
    <skipped/>
  </testcase> <!-- @BeforeMethod setUp -->
  <testcase name="@BeforeMethod createTestObj" time="0.0" classname="Tests.HomePageTest">
    <skipped/>
  </testcase> <!-- @BeforeMethod createTestObj -->
  <testcase name="@AfterMethod tearDown" time="0.0" classname="base.CommonAPI">
    <skipped/>
  </testcase> <!-- @AfterMethod tearDown -->
  <testcase name="@BeforeMethod setUp" time="0.0" classname="base.CommonAPI">
    <skipped/>
  </testcase> <!-- @BeforeMethod setUp -->
  <testcase name="@BeforeMethod createTestObj" time="0.0" classname="Tests.HomePageTest">
    <skipped/>
  </testcase> <!-- @BeforeMethod createTestObj -->
  <testcase name="@AfterMethod tearDown" time="0.0" classname="base.CommonAPI">
    <skipped/>
  </testcase> <!-- @AfterMethod tearDown -->
  <testcase name="@BeforeMethod setUp" time="1.715" classname="base.CommonAPI">
    <failure type="org.openqa.selenium.WebDriverException" message="unknown error: failed to change window state to maximized, current state is normal
  (Session info: chrome=70.0.3538.77)
  (Driver info: chromedriver=2.42.591059 (a3d9684d10d61aa0c45f6723b327283be1ebaad8),platform=Mac OS X 10.14.0 x86_64) (WARNING: The server did not provide any stacktrace information)
Command duration or timeout: 0 milliseconds
Build info: version: &amp;apos;3.14.0&amp;apos;, revision: &amp;apos;aacccce0&amp;apos;, time: &amp;apos;2018-08-02T20:19:58.91Z&amp;apos;
System info: host: &amp;apos;juneds-MBP.home&amp;apos;, ip: &amp;apos;fe80:0:0:0:7b:f7ab:7ac7:59e0%en0&amp;apos;, os.name: &amp;apos;Mac OS X&amp;apos;, os.arch: &amp;apos;x86_64&amp;apos;, os.version: &amp;apos;10.14&amp;apos;, java.version: &amp;apos;1.8.0_181&amp;apos;
Driver info: org.openqa.selenium.chrome.ChromeDriver
Capabilities {acceptInsecureCerts: false, acceptSslCerts: false, applicationCacheEnabled: false, browserConnectionEnabled: false, browserName: chrome, chrome: {chromedriverVersion: 2.42.591059 (a3d9684d10d61a..., userDataDir: /var/folders/hn/f7wb9_d13yz...}, cssSelectorsEnabled: true, databaseEnabled: false, goog:chromeOptions: {debuggerAddress: localhost:61727}, handlesAlerts: true, hasTouchScreen: false, javascriptEnabled: true, locationContextEnabled: true, mobileEmulationEnabled: false, nativeEvents: true, networkConnectionEnabled: false, pageLoadStrategy: normal, platform: MAC, platformName: MAC, rotatable: false, setWindowRect: true, takesHeapSnapshot: true, takesScreenshot: true, unexpectedAlertBehaviour: , unhandledPromptBehavior: , version: 70.0.3538.77, webStorageEnabled: true}
Session ID: 0a415f57abed0e063c6971733387e59c">
      <![CDATA[org.openqa.selenium.WebDriverException: unknown error: failed to change window state to maximized, current state is normal
  (Session info: chrome=70.0.3538.77)
  (Driver info: chromedriver=2.42.591059 (a3d9684d10d61aa0c45f6723b327283be1ebaad8),platform=Mac OS X 10.14.0 x86_64) (WARNING: The server did not provide any stacktrace information)
Command duration or timeout: 0 milliseconds
Build info: version: '3.14.0', revision: 'aacccce0', time: '2018-08-02T20:19:58.91Z'
System info: host: 'juneds-MBP.home', ip: 'fe80:0:0:0:7b:f7ab:7ac7:59e0%en0', os.name: 'Mac OS X', os.arch: 'x86_64', os.version: '10.14', java.version: '1.8.0_181'
Driver info: org.openqa.selenium.chrome.ChromeDriver
Capabilities {acceptInsecureCerts: false, acceptSslCerts: false, applicationCacheEnabled: false, browserConnectionEnabled: false, browserName: chrome, chrome: {chromedriverVersion: 2.42.591059 (a3d9684d10d61a..., userDataDir: /var/folders/hn/f7wb9_d13yz...}, cssSelectorsEnabled: true, databaseEnabled: false, goog:chromeOptions: {debuggerAddress: localhost:61727}, handlesAlerts: true, hasTouchScreen: false, javascriptEnabled: true, locationContextEnabled: true, mobileEmulationEnabled: false, nativeEvents: true, networkConnectionEnabled: false, pageLoadStrategy: normal, platform: MAC, platformName: MAC, rotatable: false, setWindowRect: true, takesHeapSnapshot: true, takesScreenshot: true, unexpectedAlertBehaviour: , unhandledPromptBehavior: , version: 70.0.3538.77, webStorageEnabled: true}
Session ID: 0a415f57abed0e063c6971733387e59c
at org.openqa.selenium.remote.ErrorHandler.createThrowable(ErrorHandler.java:214)
at org.openqa.selenium.remote.ErrorHandler.throwIfResponseFailed(ErrorHandler.java:166)
at org.openqa.selenium.remote.http.JsonHttpResponseCodec.reconstructValue(JsonHttpResponseCodec.java:40)
at org.openqa.selenium.remote.http.AbstractHttpResponseCodec.decode(AbstractHttpResponseCodec.java:80)
at org.openqa.selenium.remote.http.AbstractHttpResponseCodec.decode(AbstractHttpResponseCodec.java:44)
at org.openqa.selenium.remote.HttpCommandExecutor.execute(HttpCommandExecutor.java:158)
at org.openqa.selenium.remote.service.DriverCommandExecutor.execute(DriverCommandExecutor.java:83)
at org.openqa.selenium.remote.RemoteWebDriver.execute(RemoteWebDriver.java:548)
at org.openqa.selenium.remote.RemoteWebDriver.execute(RemoteWebDriver.java:605)
at org.openqa.selenium.remote.RemoteWebDriver$RemoteWebDriverOptions$RemoteWindow.maximize(RemoteWebDriver.java:833)
at org.openqa.selenium.support.events.EventFiringWebDriver$EventFiringWindow.maximize(EventFiringWebDriver.java:768)
at base.CommonAPI.setEventListener(CommonAPI.java:53)
at base.CommonAPI.setUp(CommonAPI.java:39)
... Removed 37 stack frames]]>
    </failure>
  </testcase> <!-- @BeforeMethod setUp -->
  <testcase name="@BeforeMethod createTestObj" time="0.0" classname="Tests.LoginPageTest">
    <skipped/>
  </testcase> <!-- @BeforeMethod createTestObj -->
  <testcase name="@AfterMethod tearDown" time="0.0" classname="base.CommonAPI">
    <skipped/>
  </testcase> <!-- @AfterMethod tearDown -->
  <testcase name="@BeforeMethod setUp" time="0.0" classname="base.CommonAPI">
    <skipped/>
  </testcase> <!-- @BeforeMethod setUp -->
  <testcase name="@BeforeMethod createTestObj" time="0.0" classname="Tests.LoginPageTest">
    <skipped/>
  </testcase> <!-- @BeforeMethod createTestObj -->
  <testcase name="@AfterMethod tearDown" time="0.0" classname="base.CommonAPI">
    <skipped/>
  </testcase> <!-- @AfterMethod tearDown -->
  <testcase name="@BeforeMethod setUp" time="1.436" classname="base.CommonAPI">
    <failure type="org.openqa.selenium.WebDriverException" message="unknown error: failed to change window state to maximized, current state is normal
  (Session info: chrome=70.0.3538.77)
  (Driver info: chromedriver=2.42.591059 (a3d9684d10d61aa0c45f6723b327283be1ebaad8),platform=Mac OS X 10.14.0 x86_64) (WARNING: The server did not provide any stacktrace information)
Command duration or timeout: 0 milliseconds
Build info: version: &amp;apos;3.14.0&amp;apos;, revision: &amp;apos;aacccce0&amp;apos;, time: &amp;apos;2018-08-02T20:19:58.91Z&amp;apos;
System info: host: &amp;apos;juneds-MBP.home&amp;apos;, ip: &amp;apos;fe80:0:0:0:7b:f7ab:7ac7:59e0%en0&amp;apos;, os.name: &amp;apos;Mac OS X&amp;apos;, os.arch: &amp;apos;x86_64&amp;apos;, os.version: &amp;apos;10.14&amp;apos;, java.version: &amp;apos;1.8.0_181&amp;apos;
Driver info: org.openqa.selenium.chrome.ChromeDriver
Capabilities {acceptInsecureCerts: false, acceptSslCerts: false, applicationCacheEnabled: false, browserConnectionEnabled: false, browserName: chrome, chrome: {chromedriverVersion: 2.42.591059 (a3d9684d10d61a..., userDataDir: /var/folders/hn/f7wb9_d13yz...}, cssSelectorsEnabled: true, databaseEnabled: false, goog:chromeOptions: {debuggerAddress: localhost:61743}, handlesAlerts: true, hasTouchScreen: false, javascriptEnabled: true, locationContextEnabled: true, mobileEmulationEnabled: false, nativeEvents: true, networkConnectionEnabled: false, pageLoadStrategy: normal, platform: MAC, platformName: MAC, rotatable: false, setWindowRect: true, takesHeapSnapshot: true, takesScreenshot: true, unexpectedAlertBehaviour: , unhandledPromptBehavior: , version: 70.0.3538.77, webStorageEnabled: true}
Session ID: 327e1b38113cf43b2278dc8f13b1766f">
      <![CDATA[org.openqa.selenium.WebDriverException: unknown error: failed to change window state to maximized, current state is normal
  (Session info: chrome=70.0.3538.77)
  (Driver info: chromedriver=2.42.591059 (a3d9684d10d61aa0c45f6723b327283be1ebaad8),platform=Mac OS X 10.14.0 x86_64) (WARNING: The server did not provide any stacktrace information)
Command duration or timeout: 0 milliseconds
Build info: version: '3.14.0', revision: 'aacccce0', time: '2018-08-02T20:19:58.91Z'
System info: host: 'juneds-MBP.home', ip: 'fe80:0:0:0:7b:f7ab:7ac7:59e0%en0', os.name: 'Mac OS X', os.arch: 'x86_64', os.version: '10.14', java.version: '1.8.0_181'
Driver info: org.openqa.selenium.chrome.ChromeDriver
Capabilities {acceptInsecureCerts: false, acceptSslCerts: false, applicationCacheEnabled: false, browserConnectionEnabled: false, browserName: chrome, chrome: {chromedriverVersion: 2.42.591059 (a3d9684d10d61a..., userDataDir: /var/folders/hn/f7wb9_d13yz...}, cssSelectorsEnabled: true, databaseEnabled: false, goog:chromeOptions: {debuggerAddress: localhost:61743}, handlesAlerts: true, hasTouchScreen: false, javascriptEnabled: true, locationContextEnabled: true, mobileEmulationEnabled: false, nativeEvents: true, networkConnectionEnabled: false, pageLoadStrategy: normal, platform: MAC, platformName: MAC, rotatable: false, setWindowRect: true, takesHeapSnapshot: true, takesScreenshot: true, unexpectedAlertBehaviour: , unhandledPromptBehavior: , version: 70.0.3538.77, webStorageEnabled: true}
Session ID: 327e1b38113cf43b2278dc8f13b1766f
at org.openqa.selenium.remote.ErrorHandler.createThrowable(ErrorHandler.java:214)
at org.openqa.selenium.remote.ErrorHandler.throwIfResponseFailed(ErrorHandler.java:166)
at org.openqa.selenium.remote.http.JsonHttpResponseCodec.reconstructValue(JsonHttpResponseCodec.java:40)
at org.openqa.selenium.remote.http.AbstractHttpResponseCodec.decode(AbstractHttpResponseCodec.java:80)
at org.openqa.selenium.remote.http.AbstractHttpResponseCodec.decode(AbstractHttpResponseCodec.java:44)
at org.openqa.selenium.remote.HttpCommandExecutor.execute(HttpCommandExecutor.java:158)
at org.openqa.selenium.remote.service.DriverCommandExecutor.execute(DriverCommandExecutor.java:83)
at org.openqa.selenium.remote.RemoteWebDriver.execute(RemoteWebDriver.java:548)
at org.openqa.selenium.remote.RemoteWebDriver.execute(RemoteWebDriver.java:605)
at org.openqa.selenium.remote.RemoteWebDriver$RemoteWebDriverOptions$RemoteWindow.maximize(RemoteWebDriver.java:833)
at org.openqa.selenium.support.events.EventFiringWebDriver$EventFiringWindow.maximize(EventFiringWebDriver.java:768)
at base.CommonAPI.setEventListener(CommonAPI.java:53)
at base.CommonAPI.setUp(CommonAPI.java:39)
... Removed 37 stack frames]]>
    </failure>
  </testcase> <!-- @BeforeMethod setUp -->
  <testcase name="@BeforeMethod createTestObj" time="0.0" classname="Tests.CustomerServicePageTest">
    <skipped/>
  </testcase> <!-- @BeforeMethod createTestObj -->
  <testcase name="@AfterMethod tearDown" time="0.0" classname="base.CommonAPI">
    <skipped/>
  </testcase> <!-- @AfterMethod tearDown -->
  <testcase name="@BeforeMethod setUp" time="0.0" classname="base.CommonAPI">
    <skipped/>
  </testcase> <!-- @BeforeMethod setUp -->
  <testcase name="@BeforeMethod createTestObj" time="0.0" classname="Tests.CustomerServicePageTest">
    <skipped/>
  </testcase> <!-- @BeforeMethod createTestObj -->
  <testcase name="@AfterMethod tearDown" time="0.0" classname="base.CommonAPI">
    <skipped/>
  </testcase> <!-- @AfterMethod tearDown -->
  <testcase name="@BeforeMethod setUp" time="0.0" classname="base.CommonAPI">
    <skipped/>
  </testcase> <!-- @BeforeMethod setUp -->
  <testcase name="@BeforeMethod createTestObj" time="0.0" classname="Tests.CustomerServicePageTest">
    <skipped/>
  </testcase> <!-- @BeforeMethod createTestObj -->
  <testcase name="@AfterMethod tearDown" time="0.0" classname="base.CommonAPI">
    <skipped/>
  </testcase> <!-- @AfterMethod tearDown -->
  <testcase name="@BeforeMethod setUp" time="0.0" classname="base.CommonAPI">
    <skipped/>
  </testcase> <!-- @BeforeMethod setUp -->
  <testcase name="@BeforeMethod createTestObj" time="0.0" classname="Tests.CustomerServicePageTest">
    <skipped/>
  </testcase> <!-- @BeforeMethod createTestObj -->
  <testcase name="@AfterMethod tearDown" time="0.0" classname="base.CommonAPI">
    <skipped/>
  </testcase> <!-- @AfterMethod tearDown -->
  <testcase name="@BeforeMethod setUp" time="0.0" classname="base.CommonAPI">
    <skipped/>
  </testcase> <!-- @BeforeMethod setUp -->
  <testcase name="@BeforeMethod createTestObj" time="0.0" classname="Tests.CustomerServicePageTest">
    <skipped/>
  </testcase> <!-- @BeforeMethod createTestObj -->
  <testcase name="@AfterMethod tearDown" time="0.0" classname="base.CommonAPI">
    <skipped/>
  </testcase> <!-- @AfterMethod tearDown -->
  <testcase name="@BeforeMethod setUp" time="2.179" classname="base.CommonAPI">
    <failure type="org.openqa.selenium.WebDriverException" message="unknown error: failed to change window state to maximized, current state is normal
  (Session info: chrome=70.0.3538.77)
  (Driver info: chromedriver=2.42.591059 (a3d9684d10d61aa0c45f6723b327283be1ebaad8),platform=Mac OS X 10.14.0 x86_64) (WARNING: The server did not provide any stacktrace information)
Command duration or timeout: 0 milliseconds
Build info: version: &amp;apos;3.14.0&amp;apos;, revision: &amp;apos;aacccce0&amp;apos;, time: &amp;apos;2018-08-02T20:19:58.91Z&amp;apos;
System info: host: &amp;apos;juneds-MBP.home&amp;apos;, ip: &amp;apos;fe80:0:0:0:7b:f7ab:7ac7:59e0%en0&amp;apos;, os.name: &amp;apos;Mac OS X&amp;apos;, os.arch: &amp;apos;x86_64&amp;apos;, os.version: &amp;apos;10.14&amp;apos;, java.version: &amp;apos;1.8.0_181&amp;apos;
Driver info: org.openqa.selenium.chrome.ChromeDriver
Capabilities {acceptInsecureCerts: false, acceptSslCerts: false, applicationCacheEnabled: false, browserConnectionEnabled: false, browserName: chrome, chrome: {chromedriverVersion: 2.42.591059 (a3d9684d10d61a..., userDataDir: /var/folders/hn/f7wb9_d13yz...}, cssSelectorsEnabled: true, databaseEnabled: false, goog:chromeOptions: {debuggerAddress: localhost:61760}, handlesAlerts: true, hasTouchScreen: false, javascriptEnabled: true, locationContextEnabled: true, mobileEmulationEnabled: false, nativeEvents: true, networkConnectionEnabled: false, pageLoadStrategy: normal, platform: MAC, platformName: MAC, rotatable: false, setWindowRect: true, takesHeapSnapshot: true, takesScreenshot: true, unexpectedAlertBehaviour: , unhandledPromptBehavior: , version: 70.0.3538.77, webStorageEnabled: true}
Session ID: 1d124285856d065d893acd6a8cdf2a5f">
      <![CDATA[org.openqa.selenium.WebDriverException: unknown error: failed to change window state to maximized, current state is normal
  (Session info: chrome=70.0.3538.77)
  (Driver info: chromedriver=2.42.591059 (a3d9684d10d61aa0c45f6723b327283be1ebaad8),platform=Mac OS X 10.14.0 x86_64) (WARNING: The server did not provide any stacktrace information)
Command duration or timeout: 0 milliseconds
Build info: version: '3.14.0', revision: 'aacccce0', time: '2018-08-02T20:19:58.91Z'
System info: host: 'juneds-MBP.home', ip: 'fe80:0:0:0:7b:f7ab:7ac7:59e0%en0', os.name: 'Mac OS X', os.arch: 'x86_64', os.version: '10.14', java.version: '1.8.0_181'
Driver info: org.openqa.selenium.chrome.ChromeDriver
Capabilities {acceptInsecureCerts: false, acceptSslCerts: false, applicationCacheEnabled: false, browserConnectionEnabled: false, browserName: chrome, chrome: {chromedriverVersion: 2.42.591059 (a3d9684d10d61a..., userDataDir: /var/folders/hn/f7wb9_d13yz...}, cssSelectorsEnabled: true, databaseEnabled: false, goog:chromeOptions: {debuggerAddress: localhost:61760}, handlesAlerts: true, hasTouchScreen: false, javascriptEnabled: true, locationContextEnabled: true, mobileEmulationEnabled: false, nativeEvents: true, networkConnectionEnabled: false, pageLoadStrategy: normal, platform: MAC, platformName: MAC, rotatable: false, setWindowRect: true, takesHeapSnapshot: true, takesScreenshot: true, unexpectedAlertBehaviour: , unhandledPromptBehavior: , version: 70.0.3538.77, webStorageEnabled: true}
Session ID: 1d124285856d065d893acd6a8cdf2a5f
at org.openqa.selenium.remote.ErrorHandler.createThrowable(ErrorHandler.java:214)
at org.openqa.selenium.remote.ErrorHandler.throwIfResponseFailed(ErrorHandler.java:166)
at org.openqa.selenium.remote.http.JsonHttpResponseCodec.reconstructValue(JsonHttpResponseCodec.java:40)
at org.openqa.selenium.remote.http.AbstractHttpResponseCodec.decode(AbstractHttpResponseCodec.java:80)
at org.openqa.selenium.remote.http.AbstractHttpResponseCodec.decode(AbstractHttpResponseCodec.java:44)
at org.openqa.selenium.remote.HttpCommandExecutor.execute(HttpCommandExecutor.java:158)
at org.openqa.selenium.remote.service.DriverCommandExecutor.execute(DriverCommandExecutor.java:83)
at org.openqa.selenium.remote.RemoteWebDriver.execute(RemoteWebDriver.java:548)
at org.openqa.selenium.remote.RemoteWebDriver.execute(RemoteWebDriver.java:605)
at org.openqa.selenium.remote.RemoteWebDriver$RemoteWebDriverOptions$RemoteWindow.maximize(RemoteWebDriver.java:833)
at org.openqa.selenium.support.events.EventFiringWebDriver$EventFiringWindow.maximize(EventFiringWebDriver.java:768)
at base.CommonAPI.setEventListener(CommonAPI.java:53)
at base.CommonAPI.setUp(CommonAPI.java:39)
... Removed 37 stack frames]]>
    </failure>
  </testcase> <!-- @BeforeMethod setUp -->
  <testcase name="@BeforeMethod setup" time="0.0" classname="Tests.DealsPageTest">
    <skipped/>
  </testcase> <!-- @BeforeMethod setup -->
  <testcase name="@AfterMethod tearDown" time="0.0" classname="base.CommonAPI">
    <skipped/>
  </testcase> <!-- @AfterMethod tearDown -->
  <testcase name="@BeforeMethod setUp" time="0.0" classname="base.CommonAPI">
    <skipped/>
  </testcase> <!-- @BeforeMethod setUp -->
  <testcase name="@BeforeMethod setup" time="0.0" classname="Tests.DealsPageTest">
    <skipped/>
  </testcase> <!-- @BeforeMethod setup -->
  <testcase name="@AfterMethod tearDown" time="0.0" classname="base.CommonAPI">
    <skipped/>
  </testcase> <!-- @AfterMethod tearDown -->
  <testcase name="@BeforeMethod setUp" time="0.0" classname="base.CommonAPI">
    <skipped/>
  </testcase> <!-- @BeforeMethod setUp -->
  <testcase name="@BeforeMethod setup" time="0.0" classname="Tests.DealsPageTest">
    <skipped/>
  </testcase> <!-- @BeforeMethod setup -->
  <testcase name="@AfterMethod tearDown" time="0.0" classname="base.CommonAPI">
    <skipped/>
  </testcase> <!-- @AfterMethod tearDown -->
  <testcase name="@BeforeMethod setUp" time="0.0" classname="base.CommonAPI">
    <skipped/>
  </testcase> <!-- @BeforeMethod setUp -->
[...]
    <skipped/>
  </testcase> <!-- @BeforeMethod setup -->
  <testcase name="@AfterMethod tearDown" time="0.0" classname="base.CommonAPI">
    <skipped/>
  </testcase> <!-- @AfterMethod tearDown -->
  <testcase name="@BeforeMethod setUp" time="0.0" classname="base.CommonAPI">
    <skipped/>
  </testcase> <!-- @BeforeMethod setUp -->
  <testcase name="@BeforeMethod setup" time="0.0" classname="Tests.FlightsPageTest">
    <skipped/>
  </testcase> <!-- @BeforeMethod setup -->
  <testcase name="@AfterMethod tearDown" time="0.0" classname="base.CommonAPI">
    <skipped/>
  </testcase> <!-- @AfterMethod tearDown -->
  <testcase name="@BeforeMethod setUp" time="0.0" classname="base.CommonAPI">
    <skipped/>
  </testcase> <!-- @BeforeMethod setUp -->
  <testcase name="@BeforeMethod setup" time="0.0" classname="Tests.FlightsPageTest">
    <skipped/>
  </testcase> <!-- @BeforeMethod setup -->
  <testcase name="@AfterMethod tearDown" time="0.0" classname="base.CommonAPI">
    <skipped/>
  </testcase> <!-- @AfterMethod tearDown -->
  <testcase name="@BeforeMethod setUp" time="0.0" classname="base.CommonAPI">
    <skipped/>
  </testcase> <!-- @BeforeMethod setUp -->
  <testcase name="@BeforeMethod setup" time="0.0" classname="Tests.FlightsPageTest">
    <skipped/>
  </testcase> <!-- @BeforeMethod setup -->
  <testcase name="@AfterMethod tearDown" time="0.0" classname="base.CommonAPI">
    <skipped/>
  </testcase> <!-- @AfterMethod tearDown -->
  <testcase name="@BeforeMethod setUp" time="0.0" classname="base.CommonAPI">
    <skipped/>
  </testcase> <!-- @BeforeMethod setUp -->
  <testcase name="@BeforeMethod setup" time="0.0" classname="Tests.FlightsPageTest">
    <skipped/>
  </testcase> <!-- @BeforeMethod setup -->
  <testcase name="@AfterMethod tearDown" time="0.0" classname="base.CommonAPI">
    <skipped/>
  </testcase> <!-- @AfterMethod tearDown -->
  <testcase name="@BeforeMethod setUp" time="0.0" classname="base.CommonAPI">
    <skipped/>
  </testcase> <!-- @BeforeMethod setUp -->
  <testcase name="@BeforeMethod setup" time="0.0" classname="Tests.FlightsPageTest">
    <skipped/>
  </testcase> <!-- @BeforeMethod setup -->
  <testcase name="@AfterMethod tearDown" time="0.0" classname="base.CommonAPI">
    <skipped/>
  </testcase> <!-- @AfterMethod tearDown -->
  <testcase name="@BeforeMethod setUp" time="0.0" classname="base.CommonAPI">
    <skipped/>
  </testcase> <!-- @BeforeMethod setUp -->
  <testcase name="@BeforeMethod setup" time="0.0" classname="Tests.FlightsPageTest">
    <skipped/>
  </testcase> <!-- @BeforeMethod setup -->
  <testcase name="@AfterMethod tearDown" time="0.0" classname="base.CommonAPI">
    <skipped/>
  </testcase> <!-- @AfterMethod tearDown -->
  <testcase name="@BeforeMethod setUp" time="0.0" classname="base.CommonAPI">
    <skipped/>
  </testcase> <!-- @BeforeMethod setUp -->
  <testcase name="@BeforeMethod setup" time="0.0" classname="Tests.FlightsPageTest">
    <skipped/>
  </testcase> <!-- @BeforeMethod setup -->
  <testcase name="@AfterMethod tearDown" time="0.0" classname="base.CommonAPI">
    <skipped/>
  </testcase> <!-- @AfterMethod tearDown -->
  <testcase name="verifyHumanOrRobotPageTitleTest" time="0.0" classname="Tests.SignUpPageTest">
    <skipped/>
  </testcase> <!-- verifyHumanOrRobotPageTitleTest -->
  <testcase name="caribbeanActivitiesCountTest" time="0.0" classname="Tests.ThingsToDoPageTest">
    <skipped/>
  </testcase> <!-- caribbeanActivitiesCountTest -->
  <testcase name="europeActivitiesCountTest" time="0.0" classname="Tests.ThingsToDoPageTest">
    <skipped/>
  </testcase> <!-- europeActivitiesCountTest -->
  <testcase name="headerLabelTextValidationTest" time="0.0" classname="Tests.ThingsToDoPageTest">
    <skipped/>
  </testcase> <!-- headerLabelTextValidationTest -->
  <testcase name="invalidSearchTest" time="0.0" classname="Tests.ThingsToDoPageTest">
    <skipped/>
  </testcase> <!-- invalidSearchTest -->
  <testcase name="latinActivitiesCountTest" time="0.0" classname="Tests.ThingsToDoPageTest">
    <skipped/>
  </testcase> <!-- latinActivitiesCountTest -->
  <testcase name="pageTitleTest" time="0.0" classname="Tests.ThingsToDoPageTest">
    <skipped/>
  </testcase> <!-- pageTitleTest -->
  <testcase name="pageUrl" time="0.0" classname="Tests.ThingsToDoPageTest">
    <skipped/>
  </testcase> <!-- pageUrl -->
  <testcase name="testThingsToDoForm" time="0.0" classname="Tests.ThingsToDoPageTest">
    <skipped/>
  </testcase> <!-- testThingsToDoForm -->
  <testcase name="thingsToDoInEuropeLabelVisibilityTest" time="0.0" classname="Tests.ThingsToDoPageTest">
    <skipped/>
  </testcase> <!-- thingsToDoInEuropeLabelVisibilityTest -->
  <testcase name="thingsToDoLlinkIsUnderlinedTest" time="0.0" classname="Tests.ThingsToDoPageTest">
    <skipped/>
  </testcase> <!-- thingsToDoLlinkIsUnderlinedTest -->
  <testcase name="toursAndActivitiesInLatinAmericaLabelTest" time="0.0" classname="Tests.ThingsToDoPageTest">
    <skipped/>
  </testcase> <!-- toursAndActivitiesInLatinAmericaLabelTest -->
  <testcase name="usActivitiesCountTest" time="0.0" classname="Tests.ThingsToDoPageTest">
    <skipped/>
  </testcase> <!-- usActivitiesCountTest -->
  <testcase name="usActivitiesLabelVisibilityTest" time="0.0" classname="Tests.ThingsToDoPageTest">
    <skipped/>
  </testcase> <!-- usActivitiesLabelVisibilityTest -->
  <testcase name="whatToDoInTheCaribbeanLabelVisibiityTest" time="0.0" classname="Tests.ThingsToDoPageTest">
    <skipped/>
  </testcase> <!-- whatToDoInTheCaribbeanLabelVisibiityTest -->
  <testcase name="testCarFlightTabIsSelected" time="0.0" classname="Tests.CarsPageTest">
    <skipped/>
  </testcase> <!-- testCarFlightTabIsSelected -->
  <testcase name="testCarHotelFlightTabIsSelected" time="0.0" classname="Tests.CarsPageTest">
    <skipped/>
  </testcase> <!-- testCarHotelFlightTabIsSelected -->
  <testcase name="testCarHotelTabIsSelected" time="0.0" classname="Tests.CarsPageTest">
    <skipped/>
  </testcase> <!-- testCarHotelTabIsSelected -->
  <testcase name="testCarPageBannerIsDisplayed" time="0.0" classname="Tests.CarsPageTest">
    <skipped/>
  </testcase> <!-- testCarPageBannerIsDisplayed -->
  <testcase name="testCarPageBannerValidText" time="0.0" classname="Tests.CarsPageTest">
    <skipped/>
  </testcase> <!-- testCarPageBannerValidText -->
  <testcase name="testCarTabIsUnderLined" time="0.0" classname="Tests.CarsPageTest">
    <skipped/>
  </testcase> <!-- testCarTabIsUnderLined -->
  <testcase name="testCheckboxSelection" time="0.0" classname="Tests.CarsPageTest">
    <skipped/>
  </testcase> <!-- testCheckboxSelection -->
  <testcase name="testDomesticRentalsLabelFont" time="0.0" classname="Tests.CarsPageTest">
    <skipped/>
  </testcase> <!-- testDomesticRentalsLabelFont -->
  <testcase name="testDomesticRentalsListCount" time="0.0" classname="Tests.CarsPageTest">
    <skipped/>
  </testcase> <!-- testDomesticRentalsListCount -->
  <testcase name="testInternationalRentalCarsHeight" time="0.0" classname="Tests.CarsPageTest">
    <skipped/>
  </testcase> <!-- testInternationalRentalCarsHeight -->
  <testcase name="testInternationalRentalsListCount" time="0.0" classname="Tests.CarsPageTest">
    <skipped/>
  </testcase> <!-- testInternationalRentalsListCount -->
  <testcase name="testPageUrl" time="0.0" classname="Tests.CarsPageTest">
    <skipped/>
  </testcase> <!-- testPageUrl -->
  <testcase name="testTitleValidation" time="0.0" classname="Tests.CarsPageTest">
    <skipped/>
  </testcase> <!-- testTitleValidation -->
  <testcase name="testcarTabIsSelected" time="0.0" classname="Tests.CarsPageTest">
    <skipped/>
  </testcase> <!-- testcarTabIsSelected -->
  <testcase name="countGlobalLinksTest" time="0.0" classname="Tests.HotelsPageTest">
    <skipped/>
  </testcase> <!-- countGlobalLinksTest -->
  <testcase name="hotelsLinkIsUnderlinedTest" time="0.0" classname="Tests.HotelsPageTest">
    <skipped/>
  </testcase> <!-- hotelsLinkIsUnderlinedTest -->
  <testcase name="pageUrlTest" time="0.0" classname="Tests.HotelsPageTest">
    <skipped/>
  </testcase> <!-- pageUrlTest -->
  <testcase name="testAddPropertyButtonColor" time="0.0" classname="Tests.HotelsPageTest">
    <skipped/>
  </testcase> <!-- testAddPropertyButtonColor -->
  <testcase name="testExploreMoreAttribute" time="0.0" classname="Tests.HotelsPageTest">
    <skipped/>
  </testcase> <!-- testExploreMoreAttribute -->
  <testcase name="testIsQRCodeDisplayed" time="0.0" classname="Tests.HotelsPageTest">
    <skipped/>
  </testcase> <!-- testIsQRCodeDisplayed -->
  <testcase name="testLegalDivText" time="0.0" classname="Tests.HotelsPageTest">
    <skipped/>
  </testcase> <!-- testLegalDivText -->
  <testcase name="testSendButtonBorderRadius" time="0.0" classname="Tests.HotelsPageTest">
    <skipped/>
  </testcase> <!-- testSendButtonBorderRadius -->
  <testcase name="testTitleValidation" time="0.0" classname="Tests.HotelsPageTest">
    <skipped/>
  </testcase> <!-- testTitleValidation -->
  <testcase name="testTodaysTopDealBoxSize" time="0.0" classname="Tests.HotelsPageTest">
    <skipped/>
  </testcase> <!-- testTodaysTopDealBoxSize -->
  <testcase name="testValidateEuropeHotelLinkCount" time="0.0" classname="Tests.HotelsPageTest">
    <skipped/>
  </testcase> <!-- testValidateEuropeHotelLinkCount -->
  <testcase name="testValidateInternationalHotelLinkCount" time="0.0" classname="Tests.HotelsPageTest">
    <skipped/>
  </testcase> <!-- testValidateInternationalHotelLinkCount -->
  <testcase name="testValidateLabelEuropeHotel" time="0.0" classname="Tests.HotelsPageTest">
    <skipped/>
  </testcase> <!-- testValidateLabelEuropeHotel -->
  <testcase name="testValidateLabelHotelDiscount" time="0.0" classname="Tests.HotelsPageTest">
    <skipped/>
  </testcase> <!-- testValidateLabelHotelDiscount -->
  <testcase name="testValidateLabelInternationalHotel" time="0.0" classname="Tests.HotelsPageTest">
    <skipped/>
  </testcase> <!-- testValidateLabelInternationalHotel -->
  <testcase name="testValidateUsHotelLinkCount" time="0.0" classname="Tests.HotelsPageTest">
    <skipped/>
  </testcase> <!-- testValidateUsHotelLinkCount -->
  <testcase name="navbarLinksTest" time="0.0" classname="Tests.DataBaseHomePageTest">
    <skipped/>
  </testcase> <!-- navbarLinksTest -->
  <testcase name="allInclusiveCruisesCountTest" time="0.0" classname="Tests.CruisesPageTest">
    <skipped/>
  </testcase> <!-- allInclusiveCruisesCountTest -->
  <testcase name="bestCruisesCountTest" time="0.0" classname="Tests.CruisesPageTest">
    <skipped/>
  </testcase> <!-- bestCruisesCountTest -->
  <testcase name="cruiseDealsandDiscountsontheBestCruiseLinesLabelVisibilityTest" time="0.0" classname="Tests.CruisesPageTest">
    <skipped/>
  </testcase> <!-- cruiseDealsandDiscountsontheBestCruiseLinesLabelVisibilityTest -->
  <testcase name="cruisesLinkisUnderLinedTest" time="0.0" classname="Tests.CruisesPageTest">
    <skipped/>
  </testcase> <!-- cruisesLinkisUnderLinedTest -->
  <testcase name="destinationCruisesCountTest" time="0.0" classname="Tests.CruisesPageTest">
    <skipped/>
  </testcase> <!-- destinationCruisesCountTest -->
  <testcase name="discountCruisesCountTest" time="0.0" classname="Tests.CruisesPageTest">
    <skipped/>
  </testcase> <!-- discountCruisesCountTest -->
  <testcase name="enjoytThetBestCruiseTravelDestinationsLabelVisibilityTest" time="0.0" classname="Tests.CruisesPageTest">
    <skipped/>
  </testcase> <!-- enjoytThetBestCruiseTravelDestinationsLabelVisibilityTest -->
  <testcase name="headerLabelTextValidationTest" time="0.0" classname="Tests.CruisesPageTest">
    <skipped/>
  </testcase> <!-- headerLabelTextValidationTest -->
  <testcase name="lastMinuteCruiseDealsVacationIdeasLabelVisibilityTest" time="0.0" classname="Tests.CruisesPageTest">
    <skipped/>
  </testcase> <!-- lastMinuteCruiseDealsVacationIdeasLabelVisibilityTest -->
  <testcase name="lastMinuteCruisesCountTest" time="0.0" classname="Tests.CruisesPageTest">
    <skipped/>
  </testcase> <!-- lastMinuteCruisesCountTest -->
  <testcase name="pageTitleValidateTest" time="0.0" classname="Tests.CruisesPageTest">
    <skipped/>
  </testcase> <!-- pageTitleValidateTest -->
  <testcase name="pageUrlTest" time="0.0" classname="Tests.CruisesPageTest">
    <skipped/>
  </testcase> <!-- pageUrlTest -->
  <testcase name="takeAVacationonTheseAllInclusiveCruisesLabelVisibilityTest" time="0.0" classname="Tests.CruisesPageTest">
    <skipped/>
  </testcase> <!-- takeAVacationonTheseAllInclusiveCruisesLabelVisibilityTest -->
  <testcase name="yourFirstStopforDiscountCruisesLabelVisibilityTest" time="0.0" classname="Tests.CruisesPageTest">
    <skipped/>
  </testcase> <!-- yourFirstStopforDiscountCruisesLabelVisibilityTest -->
  <testcase name="exploreMoreToggleVisibilityTest" time="0.0" classname="Tests.HomePageTest">
    <skipped/>
  </testcase> <!-- exploreMoreToggleVisibilityTest -->
  <testcase name="flightsToNewYorkLinkStatusTest" time="0.0" classname="Tests.HomePageTest">
    <skipped/>
  </testcase> <!-- flightsToNewYorkLinkStatusTest -->
  <testcase name="hotelLinksIndexValueTest" time="0.0" classname="Tests.HomePageTest">
    <skipped/>
  </testcase> <!-- hotelLinksIndexValueTest -->
  <testcase name="pageUrlTest" time="0.0" classname="Tests.HomePageTest">
    <skipped/>
  </testcase> <!-- pageUrlTest -->
  <testcase name="testRoundTripFlightWithExcelData" time="0.0" classname="Tests.HomePageTest">
    <skipped/>
  </testcase> <!-- testRoundTripFlightWithExcelData -->
  <testcase name="testRoundTripFlightWithExcelData" time="0.0" classname="Tests.HomePageTest">
    <skipped/>
  </testcase> <!-- testRoundTripFlightWithExcelData -->
  <testcase name="testRoundTripFlightWithExcelData" time="0.0" classname="Tests.HomePageTest">
    <skipped/>
  </testcase> <!-- testRoundTripFlightWithExcelData -->
  <testcase name="testRoundTripFlightWithExcelData" time="0.0" classname="Tests.HomePageTest">
    <skipped/>
  </testcase> <!-- testRoundTripFlightWithExcelData -->
  <testcase name="testRoundTripFlightWithOneAdult" time="0.0" classname="Tests.HomePageTest">
    <skipped/>
  </testcase> <!-- testRoundTripFlightWithOneAdult -->
  <testcase name="vacationPakagesCountTest" time="0.0" classname="Tests.HomePageTest">
    <skipped/>
  </testcase> <!-- vacationPakagesCountTest -->
  <testcase name="validateHeroBannerImgUrl" time="0.0" classname="Tests.HomePageTest">
    <skipped/>
  </testcase> <!-- validateHeroBannerImgUrl -->
  <testcase name="verifyPageTitleWithKeyWord" time="0.0" classname="Tests.HomePageTest">
    <skipped/>
  </testcase> <!-- verifyPageTitleWithKeyWord -->
  <testcase name="testLoginForm" time="0.0" classname="Tests.LoginPageTest">
    <skipped/>
  </testcase> <!-- testLoginForm -->
  <testcase name="validateUrlTest" time="0.0" classname="Tests.LoginPageTest">
    <skipped/>
  </testcase> <!-- validateUrlTest -->
  <testcase name="addPropertyTest" time="0.0" classname="Tests.CustomerServicePageTest">
    <skipped/>
  </testcase> <!-- addPropertyTest -->
  <testcase name="pageUrlTest" time="0.0" classname="Tests.CustomerServicePageTest">
    <skipped/>
  </testcase> <!-- pageUrlTest -->
  <testcase name="searchResultsCount" time="0.0" classname="Tests.CustomerServicePageTest">
    <skipped/>
  </testcase> <!-- searchResultsCount -->
  <testcase name="validateLabelText" time="0.0" classname="Tests.CustomerServicePageTest">
    <skipped/>
  </testcase> <!-- validateLabelText -->
  <testcase name="validatePhoneFieldTest" time="0.0" classname="Tests.CustomerServicePageTest">
    <skipped/>
  </testcase> <!-- validatePhoneFieldTest -->
  <testcase name="carRentalDealsCountTest" time="0.0" classname="Tests.DealsPageTest">
    <skipped/>
  </testcase> <!-- carRentalDealsCountTest -->
  <testcase name="carRentalDealsLabelVisibilityTest" time="0.0" classname="Tests.DealsPageTest">
    <skipped/>
  </testcase> <!-- carRentalDealsLabelVisibilityTest -->
  <testcase name="chooseClassVerificationTest" time="0.0" classname="Tests.DealsPageTest">
    <skipped/>
  </testcase> <!-- chooseClassVerificationTest -->
  <testcase name="cruiseDealsCountTest" time="0.0" classname="Tests.DealsPageTest">
    <skipped/>
  </testcase> <!-- cruiseDealsCountTest -->
  <testcase name="cruiseLabelBoxsizeTest" time="0.0" classname="Tests.DealsPageTest">
    <skipped/>
  </testcase> <!-- cruiseLabelBoxsizeTest -->
  <testcase name="dealsLinkIsUnderlinedTest" time="0.0" classname="Tests.DealsPageTest">
    <skipped/>
  </testcase> <!-- dealsLinkIsUnderlinedTest -->
  <testcase name="flightDealsCountTest" time="0.0" classname="Tests.DealsPageTest">
    <skipped/>
  </testcase> <!-- flightDealsCountTest -->
  <testcase name="flightDealsDisplayTest" time="0.0" classname="Tests.DealsPageTest">
    <skipped/>
  </testcase> <!-- flightDealsDisplayTest -->
  <testcase name="hawaiiLinkValidationTest" time="0.0" classname="Tests.DealsPageTest">
    <skipped/>
  </testcase> <!-- hawaiiLinkValidationTest -->
  <testcase name="headerLabelTextValidationTest" time="0.0" classname="Tests.DealsPageTest">
    <skipped/>
  </testcase> <!-- headerLabelTextValidationTest -->
  <testcase name="hotelDealsLabelcolorTest" time="0.0" classname="Tests.DealsPageTest">
    <skipped/>
  </testcase> <!-- hotelDealsLabelcolorTest -->
  <testcase name="hotelsDealsCountTest" time="0.0" classname="Tests.DealsPageTest">
    <skipped/>
  </testcase> <!-- hotelsDealsCountTest -->
  <testcase name="pageTitleValidationTest" time="0.0" classname="Tests.DealsPageTest">
    <skipped/>
  </testcase> <!-- pageTitleValidationTest -->
  <testcase name="properUrlTest" time="0.0" classname="Tests.DealsPageTest">
    <skipped/>
  </testcase> <!-- properUrlTest -->
  <testcase name="skiLinkValidationTest" time="0.0" classname="Tests.DealsPageTest">
    <skipped/>
  </testcase> <!-- skiLinkValidationTest -->
  <testcase name="vacationDealsCountTest" time="0.0" classname="Tests.DealsPageTest">
    <skipped/>
  </testcase> <!-- vacationDealsCountTest -->
  <testcase name="vacationPakageDealsLabelFontWeightTest" time="0.0" classname="Tests.DealsPageTest">
    <skipped/>
  </testcase> <!-- vacationPakageDealsLabelFontWeightTest -->
  <testcase name="addOnAdvantageImgUrlValidationTest" time="0.0" classname="Tests.FlightsPageTest">
    <skipped/>
  </testcase> <!-- addOnAdvantageImgUrlValidationTest -->
  <testcase name="airlinesDropDownTest" time="0.0" classname="Tests.FlightsPageTest">
    <skipped/>
  </testcase> <!-- airlinesDropDownTest -->
  <testcase name="discountAirfareLinksCountTest" time="0.0" classname="Tests.FlightsPageTest">
    <skipped/>
  </testcase> <!-- discountAirfareLinksCountTest -->
  <testcase name="dropDownValidationTest" time="0.0" classname="Tests.FlightsPageTest">
    <skipped/>
  </testcase> <!-- dropDownValidationTest -->
  <testcase name="flightslinkIsUnderlinedTest" time="0.0" classname="Tests.FlightsPageTest">
    <skipped/>
  </testcase> <!-- flightslinkIsUnderlinedTest -->
  <testcase name="headerLabelTextValidationTest" time="0.0" classname="Tests.FlightsPageTest">
    <skipped/>
  </testcase> <!-- headerLabelTextValidationTest -->
  <testcase name="pageTitleValidationTest" time="0.0" classname="Tests.FlightsPageTest">
    <skipped/>
  </testcase> <!-- pageTitleValidationTest -->
  <testcase name="popularFlightRoutesLabelVisibilityTest" time="0.0" classname="Tests.FlightsPageTest">
    <skipped/>
  </testcase> <!-- popularFlightRoutesLabelVisibilityTest -->
  <testcase name="popularFlightRoutesLinksCountTest" time="0.0" classname="Tests.FlightsPageTest">
    <skipped/>
  </testcase> <!-- popularFlightRoutesLinksCountTest -->
  <testcase name="popularFlightsNDiscountAirfareLabelVisibilityTest" time="0.0" classname="Tests.FlightsPageTest">
    <skipped/>
  </testcase> <!-- popularFlightsNDiscountAirfareLabelVisibilityTest -->
  <testcase name="properUrlTest" time="0.0" classname="Tests.FlightsPageTest">
    <skipped/>
  </testcase> <!-- properUrlTest -->
</testsuite> <!-- Surefire test -->
