-------------------------------------------------------------------------------
Test set: TestSuite
-------------------------------------------------------------------------------
Tests run: 97, Failures: 36, Errors: 0, Skipped: 0, Time elapsed: 3,258.003 s <<< FAILURE! - in TestSuite
verifyHumanOrRobotPageTitle(Tests.SignUpPageTest)  Time elapsed: 0.026 s  <<< FAILURE!
java.lang.AssertionError: expected [Bot or Not?] but found [Expedia Travel: Search Hotels, Cheap Flights, Car Rentals & Vacations]
	at Tests.SignUpPageTest.verifyHumanOrRobotPageTitle(SignUpPageTest.java:22)

testThingsToDoForm(Tests.ThingsToDoPageTest)  Time elapsed: 4.682 s  <<< FAILURE!
java.lang.AssertionError: expected [true] but found [false]
	at Tests.ThingsToDoPageTest.testThingsToDoForm(ThingsToDoPageTest.java:24)

testCarFlightTabIsSelected(Tests.CarsPageTest)  Time elapsed: 0.895 s  <<< FAILURE!
java.lang.AssertionError: expected [true] but found [false]
	at Tests.CarsPageTest.testCarFlightTabIsSelected(CarsPageTest.java:44)

testCarHotelFlightTabIsSelected(Tests.CarsPageTest)  Time elapsed: 0.225 s  <<< FAILURE!
java.lang.AssertionError: expected [true] but found [false]
	at Tests.CarsPageTest.testCarHotelFlightTabIsSelected(CarsPageTest.java:40)

testCarHotelTabIsSelected(Tests.CarsPageTest)  Time elapsed: 0.247 s  <<< FAILURE!
java.lang.AssertionError: expected [true] but found [false]
	at Tests.CarsPageTest.testCarHotelTabIsSelected(CarsPageTest.java:36)

testCheckboxSelection(Tests.CarsPageTest)  Time elapsed: 2.483 s  <<< FAILURE!
org.openqa.selenium.ElementNotVisibleException: 
element not interactable
  (Session info: chrome=69.0.3497.100)
  (Driver info: chromedriver=2.42.591059 (a3d9684d10d61aa0c45f6723b327283be1ebaad8),platform=Mac OS X 10.14.0 x86_64) (WARNING: The server did not provide any stacktrace information)
Command duration or timeout: 0 milliseconds
Build info: version: '3.14.0', revision: 'aacccce0', time: '2018-08-02T20:19:58.91Z'
System info: host: 'juneds-MacBook-Pro.local', ip: 'fe80:0:0:0:7b:f7ab:7ac7:59e0%en0', os.name: 'Mac OS X', os.arch: 'x86_64', os.version: '10.14', java.version: '1.8.0_181'
Driver info: org.openqa.selenium.chrome.ChromeDriver
Capabilities {acceptInsecureCerts: false, acceptSslCerts: false, applicationCacheEnabled: false, browserConnectionEnabled: false, browserName: chrome, chrome: {chromedriverVersion: 2.42.591059 (a3d9684d10d61a..., userDataDir: /var/folders/hn/f7wb9_d13yz...}, cssSelectorsEnabled: true, databaseEnabled: false, goog:chromeOptions: {debuggerAddress: localhost:63263}, handlesAlerts: true, hasTouchScreen: false, javascriptEnabled: true, locationContextEnabled: true, mobileEmulationEnabled: false, nativeEvents: true, networkConnectionEnabled: false, pageLoadStrategy: normal, platform: MAC, platformName: MAC, rotatable: false, setWindowRect: true, takesHeapSnapshot: true, takesScreenshot: true, unexpectedAlertBehaviour: , unhandledPromptBehavior: , version: 69.0.3497.100, webStorageEnabled: true}
Session ID: fb2a52d290896dda353461be95d358d5
	at Tests.CarsPageTest.testCheckboxSelection(CarsPageTest.java:52)

testInternationalRentalCarsHeight(Tests.CarsPageTest)  Time elapsed: 2.185 s  <<< FAILURE!
java.lang.AssertionError: expected [1.75] but found [26.25px]
	at Tests.CarsPageTest.testInternationalRentalCarsHeight(CarsPageTest.java:60)

testcarTabIsSelected(Tests.CarsPageTest)  Time elapsed: 5.663 s  <<< FAILURE!
java.lang.AssertionError: expected [true] but found [false]
	at Tests.CarsPageTest.testcarTabIsSelected(CarsPageTest.java:32)

testAddPropertyButtonColor(Tests.HotelsPageTest)  Time elapsed: 0.038 s  <<< FAILURE!
java.lang.AssertionError: expected [#0065b8] but found [rgba(0, 101, 184, 1)]
	at Tests.HotelsPageTest.testAddPropertyButtonColor(HotelsPageTest.java:54)

testExploreMoreAttribute(Tests.HotelsPageTest)  Time elapsed: 0.056 s  <<< FAILURE!
java.lang.AssertionError: expected [#exploreMore] but found [https://www.expedia.com/Hotels#exploreMore]
	at Tests.HotelsPageTest.testExploreMoreAttribute(HotelsPageTest.java:74)

testValidateEuropeHotelLinkCount(Tests.HotelsPageTest)  Time elapsed: 8.022 s  <<< FAILURE!
java.lang.AssertionError: expected [15] but found [0]
	at Tests.HotelsPageTest.testValidateEuropeHotelLinkCount(HotelsPageTest.java:40)

testValidateInternationalHotelLinkCount(Tests.HotelsPageTest)  Time elapsed: 8.033 s  <<< FAILURE!
java.lang.AssertionError: expected [15] but found [0]
	at Tests.HotelsPageTest.testValidateInternationalHotelLinkCount(HotelsPageTest.java:44)

testValidateLabelEuropeHotel(Tests.HotelsPageTest)  Time elapsed: 9.412 s  <<< FAILURE!
org.openqa.selenium.NoSuchElementException: 
no such element: Unable to locate element: {"method":"xpath","selector":"//h3[contains(text(),'Europe Hotel Reservations')]"}
  (Session info: chrome=69.0.3497.100)
  (Driver info: chromedriver=2.42.591059 (a3d9684d10d61aa0c45f6723b327283be1ebaad8),platform=Mac OS X 10.14.0 x86_64) (WARNING: The server did not provide any stacktrace information)
Command duration or timeout: 0 milliseconds
For documentation on this error, please visit: http://seleniumhq.org/exceptions/no_such_element.html
Build info: version: '3.14.0', revision: 'aacccce0', time: '2018-08-02T20:19:58.91Z'
System info: host: 'juneds-MacBook-Pro.local', ip: 'fe80:0:0:0:7b:f7ab:7ac7:59e0%en0', os.name: 'Mac OS X', os.arch: 'x86_64', os.version: '10.14', java.version: '1.8.0_181'
Driver info: org.openqa.selenium.chrome.ChromeDriver
Capabilities {acceptInsecureCerts: false, acceptSslCerts: false, applicationCacheEnabled: false, browserConnectionEnabled: false, browserName: chrome, chrome: {chromedriverVersion: 2.42.591059 (a3d9684d10d61a..., userDataDir: /var/folders/hn/f7wb9_d13yz...}, cssSelectorsEnabled: true, databaseEnabled: false, goog:chromeOptions: {debuggerAddress: localhost:50193}, handlesAlerts: true, hasTouchScreen: false, javascriptEnabled: true, locationContextEnabled: true, mobileEmulationEnabled: false, nativeEvents: true, networkConnectionEnabled: false, pageLoadStrategy: normal, platform: MAC, platformName: MAC, rotatable: false, setWindowRect: true, takesHeapSnapshot: true, takesScreenshot: true, unexpectedAlertBehaviour: , unhandledPromptBehavior: , version: 69.0.3497.100, webStorageEnabled: true}
Session ID: f33b32fbc0a7923d5557cd0f5e54bfa9
*** Element info: {Using=xpath, value=//h3[contains(text(),'Europe Hotel Reservations')]}
	at Tests.HotelsPageTest.testValidateLabelEuropeHotel(HotelsPageTest.java:26)

testValidateLabelHotelDiscount(Tests.HotelsPageTest)  Time elapsed: 9.247 s  <<< FAILURE!
org.openqa.selenium.NoSuchElementException: 
no such element: Unable to locate element: {"method":"xpath","selector":"//h3[contains(text(),'U.S. Hotel Discounts')]"}
  (Session info: chrome=69.0.3497.100)
  (Driver info: chromedriver=2.42.591059 (a3d9684d10d61aa0c45f6723b327283be1ebaad8),platform=Mac OS X 10.14.0 x86_64) (WARNING: The server did not provide any stacktrace information)
Command duration or timeout: 0 milliseconds
For documentation on this error, please visit: http://seleniumhq.org/exceptions/no_such_element.html
Build info: version: '3.14.0', revision: 'aacccce0', time: '2018-08-02T20:19:58.91Z'
System info: host: 'juneds-MacBook-Pro.local', ip: 'fe80:0:0:0:7b:f7ab:7ac7:59e0%en0', os.name: 'Mac OS X', os.arch: 'x86_64', os.version: '10.14', java.version: '1.8.0_181'
Driver info: org.openqa.selenium.chrome.ChromeDriver
Capabilities {acceptInsecureCerts: false, acceptSslCerts: false, applicationCacheEnabled: false, browserConnectionEnabled: false, browserName: chrome, chrome: {chromedriverVersion: 2.42.591059 (a3d9684d10d61a..., userDataDir: /var/folders/hn/f7wb9_d13yz...}, cssSelectorsEnabled: true, databaseEnabled: false, goog:chromeOptions: {debuggerAddress: localhost:50333}, handlesAlerts: true, hasTouchScreen: false, javascriptEnabled: true, locationContextEnabled: true, mobileEmulationEnabled: false, nativeEvents: true, networkConnectionEnabled: false, pageLoadStrategy: normal, platform: MAC, platformName: MAC, rotatable: false, setWindowRect: true, takesHeapSnapshot: true, takesScreenshot: true, unexpectedAlertBehaviour: , unhandledPromptBehavior: , version: 69.0.3497.100, webStorageEnabled: true}
Session ID: 5679f4237f5e8372adc5ed8ba9980301
*** Element info: {Using=xpath, value=//h3[contains(text(),'U.S. Hotel Discounts')]}
	at Tests.HotelsPageTest.testValidateLabelHotelDiscount(HotelsPageTest.java:21)

testValidateLabelInternationalHotel(Tests.HotelsPageTest)  Time elapsed: 9.283 s  <<< FAILURE!
org.openqa.selenium.NoSuchElementException: 
no such element: Unable to locate element: {"method":"xpath","selector":"//h3[contains(text(),'More International Hotels')]"}
  (Session info: chrome=69.0.3497.100)
  (Driver info: chromedriver=2.42.591059 (a3d9684d10d61aa0c45f6723b327283be1ebaad8),platform=Mac OS X 10.14.0 x86_64) (WARNING: The server did not provide any stacktrace information)
Command duration or timeout: 0 milliseconds
For documentation on this error, please visit: http://seleniumhq.org/exceptions/no_such_element.html
Build info: version: '3.14.0', revision: 'aacccce0', time: '2018-08-02T20:19:58.91Z'
System info: host: 'juneds-MacBook-Pro.local', ip: 'fe80:0:0:0:7b:f7ab:7ac7:59e0%en0', os.name: 'Mac OS X', os.arch: 'x86_64', os.version: '10.14', java.version: '1.8.0_181'
Driver info: org.openqa.selenium.chrome.ChromeDriver
Capabilities {acceptInsecureCerts: false, acceptSslCerts: false, applicationCacheEnabled: false, browserConnectionEnabled: false, browserName: chrome, chrome: {chromedriverVersion: 2.42.591059 (a3d9684d10d61a..., userDataDir: /var/folders/hn/f7wb9_d13yz...}, cssSelectorsEnabled: true, databaseEnabled: false, goog:chromeOptions: {debuggerAddress: localhost:50483}, handlesAlerts: true, hasTouchScreen: false, javascriptEnabled: true, locationContextEnabled: true, mobileEmulationEnabled: false, nativeEvents: true, networkConnectionEnabled: false, pageLoadStrategy: normal, platform: MAC, platformName: MAC, rotatable: false, setWindowRect: true, takesHeapSnapshot: true, takesScreenshot: true, unexpectedAlertBehaviour: , unhandledPromptBehavior: , version: 69.0.3497.100, webStorageEnabled: true}
Session ID: 3ed682e79ec5a05d56becc1e570afa45
*** Element info: {Using=xpath, value=//h3[contains(text(),'More International Hotels')]}
	at Tests.HotelsPageTest.testValidateLabelInternationalHotel(HotelsPageTest.java:31)

testValidateUsHotelLinkCount(Tests.HotelsPageTest)  Time elapsed: 8.056 s  <<< FAILURE!
java.lang.AssertionError: expected [15] but found [0]
	at Tests.HotelsPageTest.testValidateUsHotelLinkCount(HotelsPageTest.java:36)

flightsToNewYorkLinkStatusTest(Tests.HomePageTest)  Time elapsed: 10.218 s  <<< FAILURE!
org.openqa.selenium.NoSuchElementException: 
no such element: Unable to locate element: {"method":"xpath","selector":"//a[contains(text(),'Flights to New York')]"}
  (Session info: chrome=69.0.3497.100)
  (Driver info: chromedriver=2.42.591059 (a3d9684d10d61aa0c45f6723b327283be1ebaad8),platform=Mac OS X 10.14.0 x86_64) (WARNING: The server did not provide any stacktrace information)
Command duration or timeout: 0 milliseconds
For documentation on this error, please visit: http://seleniumhq.org/exceptions/no_such_element.html
Build info: version: '3.14.0', revision: 'aacccce0', time: '2018-08-02T20:19:58.91Z'
System info: host: 'juneds-MacBook-Pro.local', ip: 'fe80:0:0:0:7b:f7ab:7ac7:59e0%en0', os.name: 'Mac OS X', os.arch: 'x86_64', os.version: '10.14', java.version: '1.8.0_181'
Driver info: org.openqa.selenium.chrome.ChromeDriver
Capabilities {acceptInsecureCerts: false, acceptSslCerts: false, applicationCacheEnabled: false, browserConnectionEnabled: false, browserName: chrome, chrome: {chromedriverVersion: 2.42.591059 (a3d9684d10d61a..., userDataDir: /var/folders/hn/f7wb9_d13yz...}, cssSelectorsEnabled: true, databaseEnabled: false, goog:chromeOptions: {debuggerAddress: localhost:53646}, handlesAlerts: true, hasTouchScreen: false, javascriptEnabled: true, locationContextEnabled: true, mobileEmulationEnabled: false, nativeEvents: true, networkConnectionEnabled: false, pageLoadStrategy: normal, platform: MAC, platformName: MAC, rotatable: false, setWindowRect: true, takesHeapSnapshot: true, takesScreenshot: true, unexpectedAlertBehaviour: , unhandledPromptBehavior: , version: 69.0.3497.100, webStorageEnabled: true}
Session ID: 6b4c08320c29662434426b98950943ad
*** Element info: {Using=xpath, value=//a[contains(text(),'Flights to New York')]}
	at Tests.HomePageTest.flightsToNewYorkLinkStatusTest(HomePageTest.java:70)

testRoundTripFlightWithExcelData(Tests.HomePageTest)  Time elapsed: 18.054 s  <<< FAILURE!
org.openqa.selenium.NoSuchElementException: 
no such element: Unable to locate element: {"method":"xpath","selector":"//span[@class = 'title-city-text']"}
  (Session info: chrome=69.0.3497.100)
  (Driver info: chromedriver=2.42.591059 (a3d9684d10d61aa0c45f6723b327283be1ebaad8),platform=Mac OS X 10.14.0 x86_64) (WARNING: The server did not provide any stacktrace information)
Command duration or timeout: 0 milliseconds
For documentation on this error, please visit: http://seleniumhq.org/exceptions/no_such_element.html
Build info: version: '3.14.0', revision: 'aacccce0', time: '2018-08-02T20:19:58.91Z'
System info: host: 'juneds-MacBook-Pro.local', ip: 'fe80:0:0:0:7b:f7ab:7ac7:59e0%en0', os.name: 'Mac OS X', os.arch: 'x86_64', os.version: '10.14', java.version: '1.8.0_181'
Driver info: org.openqa.selenium.chrome.ChromeDriver
Capabilities {acceptInsecureCerts: false, acceptSslCerts: false, applicationCacheEnabled: false, browserConnectionEnabled: false, browserName: chrome, chrome: {chromedriverVersion: 2.42.591059 (a3d9684d10d61a..., userDataDir: /var/folders/hn/f7wb9_d13yz...}, cssSelectorsEnabled: true, databaseEnabled: false, goog:chromeOptions: {debuggerAddress: localhost:54114}, handlesAlerts: true, hasTouchScreen: false, javascriptEnabled: true, locationContextEnabled: true, mobileEmulationEnabled: false, nativeEvents: true, networkConnectionEnabled: false, pageLoadStrategy: normal, platform: MAC, platformName: MAC, rotatable: false, setWindowRect: true, takesHeapSnapshot: true, takesScreenshot: true, unexpectedAlertBehaviour: , unhandledPromptBehavior: , version: 69.0.3497.100, webStorageEnabled: true}
Session ID: 01966dce56d1e7dc52eb4322dea99f1e
*** Element info: {Using=xpath, value=//span[@class = 'title-city-text']}
	at Tests.HomePageTest.testRoundTripFlightWithExcelData(HomePageTest.java:90)

testRoundTripFlightWithExcelData(Tests.HomePageTest)  Time elapsed: 17.807 s  <<< FAILURE!
org.openqa.selenium.NoSuchElementException: 
no such element: Unable to locate element: {"method":"xpath","selector":"//span[@class = 'title-city-text']"}
  (Session info: chrome=69.0.3497.100)
  (Driver info: chromedriver=2.42.591059 (a3d9684d10d61aa0c45f6723b327283be1ebaad8),platform=Mac OS X 10.14.0 x86_64) (WARNING: The server did not provide any stacktrace information)
Command duration or timeout: 0 milliseconds
For documentation on this error, please visit: http://seleniumhq.org/exceptions/no_such_element.html
Build info: version: '3.14.0', revision: 'aacccce0', time: '2018-08-02T20:19:58.91Z'
System info: host: 'juneds-MacBook-Pro.local', ip: 'fe80:0:0:0:7b:f7ab:7ac7:59e0%en0', os.name: 'Mac OS X', os.arch: 'x86_64', os.version: '10.14', java.version: '1.8.0_181'
Driver info: org.openqa.selenium.chrome.ChromeDriver
Capabilities {acceptInsecureCerts: false, acceptSslCerts: false, applicationCacheEnabled: false, browserConnectionEnabled: false, browserName: chrome, chrome: {chromedriverVersion: 2.42.591059 (a3d9684d10d61a..., userDataDir: /var/folders/hn/f7wb9_d13yz...}, cssSelectorsEnabled: true, databaseEnabled: false, goog:chromeOptions: {debuggerAddress: localhost:54292}, handlesAlerts: true, hasTouchScreen: false, javascriptEnabled: true, locationContextEnabled: true, mobileEmulationEnabled: false, nativeEvents: true, networkConnectionEnabled: false, pageLoadStrategy: normal, platform: MAC, platformName: MAC, rotatable: false, setWindowRect: true, takesHeapSnapshot: true, takesScreenshot: true, unexpectedAlertBehaviour: , unhandledPromptBehavior: , version: 69.0.3497.100, webStorageEnabled: true}
Session ID: 46db793a78dcc3472421e66802c3b44c
*** Element info: {Using=xpath, value=//span[@class = 'title-city-text']}
	at Tests.HomePageTest.testRoundTripFlightWithExcelData(HomePageTest.java:90)

testRoundTripFlightWithExcelData(Tests.HomePageTest)  Time elapsed: 17.523 s  <<< FAILURE!
org.openqa.selenium.NoSuchElementException: 
no such element: Unable to locate element: {"method":"xpath","selector":"//span[@class = 'title-city-text']"}
  (Session info: chrome=69.0.3497.100)
  (Driver info: chromedriver=2.42.591059 (a3d9684d10d61aa0c45f6723b327283be1ebaad8),platform=Mac OS X 10.14.0 x86_64) (WARNING: The server did not provide any stacktrace information)
Command duration or timeout: 0 milliseconds
For documentation on this error, please visit: http://seleniumhq.org/exceptions/no_such_element.html
Build info: version: '3.14.0', revision: 'aacccce0', time: '2018-08-02T20:19:58.91Z'
System info: host: 'juneds-MacBook-Pro.local', ip: 'fe80:0:0:0:7b:f7ab:7ac7:59e0%en0', os.name: 'Mac OS X', os.arch: 'x86_64', os.version: '10.14', java.version: '1.8.0_181'
Driver info: org.openqa.selenium.chrome.ChromeDriver
Capabilities {acceptInsecureCerts: false, acceptSslCerts: false, applicationCacheEnabled: false, browserConnectionEnabled: false, browserName: chrome, chrome: {chromedriverVersion: 2.42.591059 (a3d9684d10d61a..., userDataDir: /var/folders/hn/f7wb9_d13yz...}, cssSelectorsEnabled: true, databaseEnabled: false, goog:chromeOptions: {debuggerAddress: localhost:54455}, handlesAlerts: true, hasTouchScreen: false, javascriptEnabled: true, locationContextEnabled: true, mobileEmulationEnabled: false, nativeEvents: true, networkConnectionEnabled: false, pageLoadStrategy: normal, platform: MAC, platformName: MAC, rotatable: false, setWindowRect: true, takesHeapSnapshot: true, takesScreenshot: true, unexpectedAlertBehaviour: , unhandledPromptBehavior: , version: 69.0.3497.100, webStorageEnabled: true}
Session ID: fe45e28c3bc7a35034f8b7ddb3f1c81e
*** Element info: {Using=xpath, value=//span[@class = 'title-city-text']}
	at Tests.HomePageTest.testRoundTripFlightWithExcelData(HomePageTest.java:90)

testRoundTripFlightWithExcelData(Tests.HomePageTest)  Time elapsed: 18.881 s  <<< FAILURE!
org.openqa.selenium.NoSuchElementException: 
no such element: Unable to locate element: {"method":"xpath","selector":"//span[@class = 'title-city-text']"}
  (Session info: chrome=69.0.3497.100)
  (Driver info: chromedriver=2.42.591059 (a3d9684d10d61aa0c45f6723b327283be1ebaad8),platform=Mac OS X 10.14.0 x86_64) (WARNING: The server did not provide any stacktrace information)
Command duration or timeout: 0 milliseconds
For documentation on this error, please visit: http://seleniumhq.org/exceptions/no_such_element.html
Build info: version: '3.14.0', revision: 'aacccce0', time: '2018-08-02T20:19:58.91Z'
System info: host: 'juneds-MacBook-Pro.local', ip: 'fe80:0:0:0:7b:f7ab:7ac7:59e0%en0', os.name: 'Mac OS X', os.arch: 'x86_64', os.version: '10.14', java.version: '1.8.0_181'
Driver info: org.openqa.selenium.chrome.ChromeDriver
Capabilities {acceptInsecureCerts: false, acceptSslCerts: false, applicationCacheEnabled: false, browserConnectionEnabled: false, browserName: chrome, chrome: {chromedriverVersion: 2.42.591059 (a3d9684d10d61a..., userDataDir: /var/folders/hn/f7wb9_d13yz...}, cssSelectorsEnabled: true, databaseEnabled: false, goog:chromeOptions: {debuggerAddress: localhost:54612}, handlesAlerts: true, hasTouchScreen: false, javascriptEnabled: true, locationContextEnabled: true, mobileEmulationEnabled: false, nativeEvents: true, networkConnectionEnabled: false, pageLoadStrategy: normal, platform: MAC, platformName: MAC, rotatable: false, setWindowRect: true, takesHeapSnapshot: true, takesScreenshot: true, unexpectedAlertBehaviour: , unhandledPromptBehavior: , version: 69.0.3497.100, webStorageEnabled: true}
Session ID: cecd7a9364b4d4990b07519d0ae97d54
*** Element info: {Using=xpath, value=//span[@class = 'title-city-text']}
	at Tests.HomePageTest.testRoundTripFlightWithExcelData(HomePageTest.java:90)

testRoundTripFlightWithOneAdult(Tests.HomePageTest)  Time elapsed: 18.098 s  <<< FAILURE!
org.openqa.selenium.NoSuchElementException: 
no such element: Unable to locate element: {"method":"xpath","selector":"//span[@class = 'title-city-text']"}
  (Session info: chrome=69.0.3497.100)
  (Driver info: chromedriver=2.42.591059 (a3d9684d10d61aa0c45f6723b327283be1ebaad8),platform=Mac OS X 10.14.0 x86_64) (WARNING: The server did not provide any stacktrace information)
Command duration or timeout: 0 milliseconds
For documentation on this error, please visit: http://seleniumhq.org/exceptions/no_such_element.html
Build info: version: '3.14.0', revision: 'aacccce0', time: '2018-08-02T20:19:58.91Z'
System info: host: 'juneds-MacBook-Pro.local', ip: 'fe80:0:0:0:7b:f7ab:7ac7:59e0%en0', os.name: 'Mac OS X', os.arch: 'x86_64', os.version: '10.14', java.version: '1.8.0_181'
Driver info: org.openqa.selenium.chrome.ChromeDriver
Capabilities {acceptInsecureCerts: false, acceptSslCerts: false, applicationCacheEnabled: false, browserConnectionEnabled: false, browserName: chrome, chrome: {chromedriverVersion: 2.42.591059 (a3d9684d10d61a..., userDataDir: /var/folders/hn/f7wb9_d13yz...}, cssSelectorsEnabled: true, databaseEnabled: false, goog:chromeOptions: {debuggerAddress: localhost:54782}, handlesAlerts: true, hasTouchScreen: false, javascriptEnabled: true, locationContextEnabled: true, mobileEmulationEnabled: false, nativeEvents: true, networkConnectionEnabled: false, pageLoadStrategy: normal, platform: MAC, platformName: MAC, rotatable: false, setWindowRect: true, takesHeapSnapshot: true, takesScreenshot: true, unexpectedAlertBehaviour: , unhandledPromptBehavior: , version: 69.0.3497.100, webStorageEnabled: true}
Session ID: 54350e514a1f1b0007000ad5afb711c5
*** Element info: {Using=xpath, value=//span[@class = 'title-city-text']}
	at Tests.HomePageTest.testRoundTripFlightWithOneAdult(HomePageTest.java:56)

vacationPakagesCountTest(Tests.HomePageTest)  Time elapsed: 8.065 s  <<< FAILURE!
java.lang.AssertionError: expected [true] but found [false]
	at Tests.HomePageTest.vacationPakagesCountTest(HomePageTest.java:75)

verifyPageTitleWithKeyWord(Tests.HomePageTest)  Time elapsed: 6.588 s  <<< FAILURE!
java.lang.AssertionError: expected [true] but found [false]
	at Tests.HomePageTest.verifyPageTitleWithKeyWord(HomePageTest.java:120)

alidateUrl(Tests.LoginPageTest)  Time elapsed: 0.008 s  <<< FAILURE!
java.lang.AssertionError: expected [https://www.expedia.com/user/signin] but found [https://www.expedia.com/]
	at Tests.LoginPageTest.alidateUrl(LoginPageTest.java:23)

testLoginForm(Tests.LoginPageTest)  Time elapsed: 10.056 s  <<< FAILURE!
org.openqa.selenium.NoSuchElementException: 
no such element: Unable to locate element: {"method":"css selector","selector":"#signin-loginid"}
  (Session info: chrome=69.0.3497.100)
  (Driver info: chromedriver=2.42.591059 (a3d9684d10d61aa0c45f6723b327283be1ebaad8),platform=Mac OS X 10.14.0 x86_64) (WARNING: The server did not provide any stacktrace information)
Command duration or timeout: 0 milliseconds
For documentation on this error, please visit: http://seleniumhq.org/exceptions/no_such_element.html
Build info: version: '3.14.0', revision: 'aacccce0', time: '2018-08-02T20:19:58.91Z'
System info: host: 'juneds-MacBook-Pro.local', ip: 'fe80:0:0:0:7b:f7ab:7ac7:59e0%en0', os.name: 'Mac OS X', os.arch: 'x86_64', os.version: '10.14', java.version: '1.8.0_181'
Driver info: org.openqa.selenium.chrome.ChromeDriver
Capabilities {acceptInsecureCerts: false, acceptSslCerts: false, applicationCacheEnabled: false, browserConnectionEnabled: false, browserName: chrome, chrome: {chromedriverVersion: 2.42.591059 (a3d9684d10d61a..., userDataDir: /var/folders/hn/f7wb9_d13yz...}, cssSelectorsEnabled: true, databaseEnabled: false, goog:chromeOptions: {debuggerAddress: localhost:55575}, handlesAlerts: true, hasTouchScreen: false, javascriptEnabled: true, locationContextEnabled: true, mobileEmulationEnabled: false, nativeEvents: true, networkConnectionEnabled: false, pageLoadStrategy: normal, platform: MAC, platformName: MAC, rotatable: false, setWindowRect: true, takesHeapSnapshot: true, takesScreenshot: true, unexpectedAlertBehaviour: , unhandledPromptBehavior: , version: 69.0.3497.100, webStorageEnabled: true}
Session ID: 7c679c4949172d0251848934f00cd07f
*** Element info: {Using=css selector, value=#signin-loginid}
	at Tests.LoginPageTest.testLoginForm(LoginPageTest.java:40)

pageUrlTest(Tests.CustomerServicePageTest)  Time elapsed: 0.013 s  <<< FAILURE!
java.lang.AssertionError: expected [https://www.expedia.com/service/] but found [https://www.expedia.com/]
	at Tests.CustomerServicePageTest.pageUrlTest(CustomerServicePageTest.java:37)

searchResultsCount(Tests.CustomerServicePageTest)  Time elapsed: 10.158 s  <<< FAILURE!
org.openqa.selenium.NoSuchElementException: 
no such element: Unable to locate element: {"method":"css selector","selector":"#search-term"}
  (Session info: chrome=69.0.3497.100)
  (Driver info: chromedriver=2.42.591059 (a3d9684d10d61aa0c45f6723b327283be1ebaad8),platform=Mac OS X 10.14.0 x86_64) (WARNING: The server did not provide any stacktrace information)
Command duration or timeout: 0 milliseconds
For documentation on this error, please visit: http://seleniumhq.org/exceptions/no_such_element.html
Build info: version: '3.14.0', revision: 'aacccce0', time: '2018-08-02T20:19:58.91Z'
System info: host: 'juneds-MacBook-Pro.local', ip: 'fe80:0:0:0:7b:f7ab:7ac7:59e0%en0', os.name: 'Mac OS X', os.arch: 'x86_64', os.version: '10.14', java.version: '1.8.0_181'
Driver info: org.openqa.selenium.chrome.ChromeDriver
Capabilities {acceptInsecureCerts: false, acceptSslCerts: false, applicationCacheEnabled: false, browserConnectionEnabled: false, browserName: chrome, chrome: {chromedriverVersion: 2.42.591059 (a3d9684d10d61a..., userDataDir: /var/folders/hn/f7wb9_d13yz...}, cssSelectorsEnabled: true, databaseEnabled: false, goog:chromeOptions: {debuggerAddress: localhost:56006}, handlesAlerts: true, hasTouchScreen: false, javascriptEnabled: true, locationContextEnabled: true, mobileEmulationEnabled: false, nativeEvents: true, networkConnectionEnabled: false, pageLoadStrategy: normal, platform: MAC, platformName: MAC, rotatable: false, setWindowRect: true, takesHeapSnapshot: true, takesScreenshot: true, unexpectedAlertBehaviour: , unhandledPromptBehavior: , version: 69.0.3497.100, webStorageEnabled: true}
Session ID: e2086d7a59decd00c4754806bb532982
*** Element info: {Using=css selector, value=#search-term}
	at Tests.CustomerServicePageTest.searchResultsCount(CustomerServicePageTest.java:33)

validateLabelText(Tests.CustomerServicePageTest)  Time elapsed: 10.138 s  <<< FAILURE!
org.openqa.selenium.NoSuchElementException: 
no such element: Unable to locate element: {"method":"xpath","selector":"//h3[@class='aside-prompt']"}
  (Session info: chrome=69.0.3497.100)
  (Driver info: chromedriver=2.42.591059 (a3d9684d10d61aa0c45f6723b327283be1ebaad8),platform=Mac OS X 10.14.0 x86_64) (WARNING: The server did not provide any stacktrace information)
Command duration or timeout: 0 milliseconds
For documentation on this error, please visit: http://seleniumhq.org/exceptions/no_such_element.html
Build info: version: '3.14.0', revision: 'aacccce0', time: '2018-08-02T20:19:58.91Z'
System info: host: 'juneds-MacBook-Pro.local', ip: 'fe80:0:0:0:7b:f7ab:7ac7:59e0%en0', os.name: 'Mac OS X', os.arch: 'x86_64', os.version: '10.14', java.version: '1.8.0_181'
Driver info: org.openqa.selenium.chrome.ChromeDriver
Capabilities {acceptInsecureCerts: false, acceptSslCerts: false, applicationCacheEnabled: false, browserConnectionEnabled: false, browserName: chrome, chrome: {chromedriverVersion: 2.42.591059 (a3d9684d10d61a..., userDataDir: /var/folders/hn/f7wb9_d13yz...}, cssSelectorsEnabled: true, databaseEnabled: false, goog:chromeOptions: {debuggerAddress: localhost:56173}, handlesAlerts: true, hasTouchScreen: false, javascriptEnabled: true, locationContextEnabled: true, mobileEmulationEnabled: false, nativeEvents: true, networkConnectionEnabled: false, pageLoadStrategy: normal, platform: MAC, platformName: MAC, rotatable: false, setWindowRect: true, takesHeapSnapshot: true, takesScreenshot: true, unexpectedAlertBehaviour: , unhandledPromptBehavior: , version: 69.0.3497.100, webStorageEnabled: true}
Session ID: e4f256b25847549398dccffb93798c49
*** Element info: {Using=xpath, value=//h3[@class='aside-prompt']}
	at Tests.CustomerServicePageTest.validateLabelText(CustomerServicePageTest.java:20)

validatePhoneFieldTest(Tests.CustomerServicePageTest)  Time elapsed: 2.466 s  <<< FAILURE!
java.lang.AssertionError: expected [Thank you! A text with the download link has been sent to your mobile device] but found []
	at Tests.CustomerServicePageTest.validatePhoneFieldTest(CustomerServicePageTest.java:25)

carRentalDealsLabelVisibilityTest(Tests.DealsPageTest)  Time elapsed: 0.03 s  <<< FAILURE!
java.lang.AssertionError: expected [true] but found [false]
	at Tests.DealsPageTest.carRentalDealsLabelVisibilityTest(DealsPageTest.java:83)

flightDealsDisplayTest(Tests.DealsPageTest)  Time elapsed: 0.041 s  <<< FAILURE!
java.lang.AssertionError: expected [block] but found [null]
	at Tests.DealsPageTest.flightDealsDisplayTest(DealsPageTest.java:73)

hawaiiLinkValidationTest(Tests.DealsPageTest)  Time elapsed: 1.25 s  <<< FAILURE!
org.openqa.selenium.ElementNotVisibleException: 
element not interactable
  (Session info: chrome=69.0.3497.100)
  (Driver info: chromedriver=2.42.591059 (a3d9684d10d61aa0c45f6723b327283be1ebaad8),platform=Mac OS X 10.14.0 x86_64) (WARNING: The server did not provide any stacktrace information)
Command duration or timeout: 0 milliseconds
Build info: version: '3.14.0', revision: 'aacccce0', time: '2018-08-02T20:19:58.91Z'
System info: host: 'juneds-MacBook-Pro.local', ip: 'fe80:0:0:0:7b:f7ab:7ac7:59e0%en0', os.name: 'Mac OS X', os.arch: 'x86_64', os.version: '10.14', java.version: '1.8.0_181'
Driver info: org.openqa.selenium.chrome.ChromeDriver
Capabilities {acceptInsecureCerts: false, acceptSslCerts: false, applicationCacheEnabled: false, browserConnectionEnabled: false, browserName: chrome, chrome: {chromedriverVersion: 2.42.591059 (a3d9684d10d61a..., userDataDir: /var/folders/hn/f7wb9_d13yz...}, cssSelectorsEnabled: true, databaseEnabled: false, goog:chromeOptions: {debuggerAddress: localhost:57685}, handlesAlerts: true, hasTouchScreen: false, javascriptEnabled: true, locationContextEnabled: true, mobileEmulationEnabled: false, nativeEvents: true, networkConnectionEnabled: false, pageLoadStrategy: normal, platform: MAC, platformName: MAC, rotatable: false, setWindowRect: true, takesHeapSnapshot: true, takesScreenshot: true, unexpectedAlertBehaviour: , unhandledPromptBehavior: , version: 69.0.3497.100, webStorageEnabled: true}
Session ID: df17eeae5384b1278ba695a56f8425f0
	at Tests.DealsPageTest.hawaiiLinkValidationTest(DealsPageTest.java:53)

hotelDealsLabelcolorTest(Tests.DealsPageTest)  Time elapsed: 10.183 s  <<< FAILURE!
org.openqa.selenium.NoSuchElementException: 
no such element: Unable to locate element: {"method":"id","selector":""}
  (Session info: chrome=69.0.3497.100)
  (Driver info: chromedriver=2.42.591059 (a3d9684d10d61aa0c45f6723b327283be1ebaad8),platform=Mac OS X 10.14.0 x86_64) (WARNING: The server did not provide any stacktrace information)
Command duration or timeout: 0 milliseconds
For documentation on this error, please visit: http://seleniumhq.org/exceptions/no_such_element.html
Build info: version: '3.14.0', revision: 'aacccce0', time: '2018-08-02T20:19:58.91Z'
System info: host: 'juneds-MacBook-Pro.local', ip: 'fe80:0:0:0:7b:f7ab:7ac7:59e0%en0', os.name: 'Mac OS X', os.arch: 'x86_64', os.version: '10.14', java.version: '1.8.0_181'
Driver info: org.openqa.selenium.chrome.ChromeDriver
Capabilities {acceptInsecureCerts: false, acceptSslCerts: false, applicationCacheEnabled: false, browserConnectionEnabled: false, browserName: chrome, chrome: {chromedriverVersion: 2.42.591059 (a3d9684d10d61a..., userDataDir: /var/folders/hn/f7wb9_d13yz...}, cssSelectorsEnabled: true, databaseEnabled: false, goog:chromeOptions: {debuggerAddress: localhost:58071}, handlesAlerts: true, hasTouchScreen: false, javascriptEnabled: true, locationContextEnabled: true, mobileEmulationEnabled: false, nativeEvents: true, networkConnectionEnabled: false, pageLoadStrategy: normal, platform: MAC, platformName: MAC, rotatable: false, setWindowRect: true, takesHeapSnapshot: true, takesScreenshot: true, unexpectedAlertBehaviour: , unhandledPromptBehavior: , version: 69.0.3497.100, webStorageEnabled: true}
Session ID: 1c597298bf7df976bd63ba86dffcb0c3
*** Element info: {Using=id, value=}
	at Tests.DealsPageTest.hotelDealsLabelcolorTest(DealsPageTest.java:68)

properUrlTest(Tests.DealsPageTest)  Time elapsed: 0.03 s  <<< FAILURE!
java.lang.AssertionError: expected [view-source:https://www.expedia.com/Deals] but found [https://www.expedia.com/Deals]
	at Tests.DealsPageTest.properUrlTest(DealsPageTest.java:28)

skiLinkValidationTest(Tests.DealsPageTest)  Time elapsed: 1.29 s  <<< FAILURE!
org.openqa.selenium.ElementNotVisibleException: 
element not interactable
  (Session info: chrome=69.0.3497.100)
  (Driver info: chromedriver=2.42.591059 (a3d9684d10d61aa0c45f6723b327283be1ebaad8),platform=Mac OS X 10.14.0 x86_64) (WARNING: The server did not provide any stacktrace information)
Command duration or timeout: 0 milliseconds
Build info: version: '3.14.0', revision: 'aacccce0', time: '2018-08-02T20:19:58.91Z'
System info: host: 'juneds-MacBook-Pro.local', ip: 'fe80:0:0:0:7b:f7ab:7ac7:59e0%en0', os.name: 'Mac OS X', os.arch: 'x86_64', os.version: '10.14', java.version: '1.8.0_181'
Driver info: org.openqa.selenium.chrome.ChromeDriver
Capabilities {acceptInsecureCerts: false, acceptSslCerts: false, applicationCacheEnabled: false, browserConnectionEnabled: false, browserName: chrome, chrome: {chromedriverVersion: 2.42.591059 (a3d9684d10d61a..., userDataDir: /var/folders/hn/f7wb9_d13yz...}, cssSelectorsEnabled: true, databaseEnabled: false, goog:chromeOptions: {debuggerAddress: localhost:58835}, handlesAlerts: true, hasTouchScreen: false, javascriptEnabled: true, locationContextEnabled: true, mobileEmulationEnabled: false, nativeEvents: true, networkConnectionEnabled: false, pageLoadStrategy: normal, platform: MAC, platformName: MAC, rotatable: false, setWindowRect: true, takesHeapSnapshot: true, takesScreenshot: true, unexpectedAlertBehaviour: , unhandledPromptBehavior: , version: 69.0.3497.100, webStorageEnabled: true}
Session ID: 8e9974256d61eed4855db3da81291b56
	at Tests.DealsPageTest.skiLinkValidationTest(DealsPageTest.java:58)

