<?xml version="1.0" encoding="UTF-8"?>
<testsuite xmlns:xsi="http://www.w3.org/2001/XMLSchema-instance" xsi:noNamespaceSchemaLocation="https://maven.apache.org/surefire/maven-surefire-plugin/xsd/surefire-test-report.xsd" name="TestSuite" time="3,258.003" tests="97" errors="0" skipped="0" failures="36">
  <properties>
[...]
</properties>
  <testcase name="verifyHumanOrRobotPageTitle" classname="Tests.SignUpPageTest" time="0.026">
    <failure message="expected [Bot or Not?] but found [Expedia Travel: Search Hotels, Cheap Flights, Car Rentals &amp; Vacations]" type="java.lang.AssertionError"><![CDATA[java.lang.AssertionError: expected [Bot or Not?] but found [Expedia Travel: Search Hotels, Cheap Flights, Car Rentals & Vacations]
	at Tests.SignUpPageTest.verifyHumanOrRobotPageTitle(SignUpPageTest.java:22)
]]></failure>
    <system-out><![CDATA[Before navigating to: 'https://www.expedia.com/'
Navigated to:'https://www.expedia.com/'
]]></system-out>
    <system-err><![CDATA[Starting ChromeDriver 2.42.591059 (a3d9684d10d61aa0c45f6723b327283be1ebaad8) on port 25602
Only local connections are allowed.
Oct 11, 2018 3:03:59 PM org.openqa.selenium.remote.ProtocolHandshake createSession
INFO: Detected dialect: OSS
]]></system-err>
  </testcase>
  <testcase name="caribbeanActivitiesCountTest" classname="Tests.ThingsToDoPageTest" time="0.038"/>
  <testcase name="europeActivitiesCountTest" classname="Tests.ThingsToDoPageTest" time="0.027"/>
  <testcase name="headerLabelTextValidationTest" classname="Tests.ThingsToDoPageTest" time="1.34"/>
  <testcase name="invalidSearchTest" classname="Tests.ThingsToDoPageTest" time="7.822"/>
  <testcase name="latinActivitiesCountTest" classname="Tests.ThingsToDoPageTest" time="1.64"/>
  <testcase name="pageTitleTest" classname="Tests.ThingsToDoPageTest" time="0.005"/>
  <testcase name="pageUrl" classname="Tests.ThingsToDoPageTest" time="1.031"/>
  <testcase name="testThingsToDoForm" classname="Tests.ThingsToDoPageTest" time="4.682">
    <failure message="expected [true] but found [false]" type="java.lang.AssertionError">java.lang.AssertionError: expected [true] but found [false]
	at Tests.ThingsToDoPageTest.testThingsToDoForm(ThingsToDoPageTest.java:24)
</failure>
    <system-out><![CDATA[Before navigating to: 'https://www.expedia.com/'
Navigated to:'https://www.expedia.com/'
Trying to find Element By : By.xpath: //a[@id='primary-header-activity']
Found Element By : By.xpath: //a[@id='primary-header-activity']
Trying to click on: [[ChromeDriver: chrome on MAC (f9b04b0c084a9fc4a96d2ca70c38c08b)] -> xpath: //a[@id='primary-header-activity']]
Clicked on: [[ChromeDriver: chrome on MAC (f9b04b0c084a9fc4a96d2ca70c38c08b)] -> xpath: //a[@id='primary-header-activity']]
Trying to find Element By : By.xpath: //input[@id='activity-destination-alp']
Found Element By : By.xpath: //input[@id='activity-destination-alp']
Trying to find Element By : By.xpath: //input[@id='activity-start-alp']
Found Element By : By.xpath: //input[@id='activity-start-alp']
Trying to find Element By : By.xpath: //input[@id='activity-end-alp']
Found Element By : By.xpath: //input[@id='activity-end-alp']
Trying to find Element By : By.xpath: //label[@class='col search-btn-col']//button[@type='submit']
Found Element By : By.xpath: //label[@class='col search-btn-col']//button[@type='submit']
Trying to click on: [[ChromeDriver: chrome on MAC (f9b04b0c084a9fc4a96d2ca70c38c08b)] -> xpath: //label[@class='col search-btn-col']//button[@type='submit']]
Clicked on: [[ChromeDriver: chrome on MAC (f9b04b0c084a9fc4a96d2ca70c38c08b)] -> xpath: //label[@class='col search-btn-col']//button[@type='submit']]
]]></system-out>
    <system-err><![CDATA[Starting ChromeDriver 2.42.591059 (a3d9684d10d61aa0c45f6723b327283be1ebaad8) on port 6335
Only local connections are allowed.
Oct 11, 2018 3:09:05 PM org.openqa.selenium.remote.ProtocolHandshake createSession
INFO: Detected dialect: OSS
]]></system-err>
  </testcase>
  <testcase name="thingsToDoInEuropeLabelVisibilityTest" classname="Tests.ThingsToDoPageTest" time="0.115"/>
  <testcase name="thingsToDoLlinkIsUnderlinedTest" classname="Tests.ThingsToDoPageTest" time="0.116"/>
  <testcase name="toursAndActivitiesInLatinAmericaLabelTest" classname="Tests.ThingsToDoPageTest" time="0.051"/>
  <testcase name="usActivitiesCountTest" classname="Tests.ThingsToDoPageTest" time="0.018"/>
  <testcase name="usActivitiesLabelVisibilityTest" classname="Tests.ThingsToDoPageTest" time="0.09"/>
  <testcase name="whatToDoInTheCaribbeanLabelVisibiityTest" classname="Tests.ThingsToDoPageTest" time="0.833"/>
  <testcase name="testCarFlightTabIsSelected" classname="Tests.CarsPageTest" time="0.895">
    <failure message="expected [true] but found [false]" type="java.lang.AssertionError">java.lang.AssertionError: expected [true] but found [false]
	at Tests.CarsPageTest.testCarFlightTabIsSelected(CarsPageTest.java:44)
</failure>
    <system-out><![CDATA[Before navigating to: 'https://www.expedia.com/'
Navigated to:'https://www.expedia.com/'
Trying to find Element By : By.cssSelector: #primary-header-car
Found Element By : By.cssSelector: #primary-header-car
Trying to click on: [[ChromeDriver: chrome on MAC (04069c921f24134ec8ed3bed86bc09b2)] -> css selector: #primary-header-car]
Clicked on: [[ChromeDriver: chrome on MAC (04069c921f24134ec8ed3bed86bc09b2)] -> css selector: #primary-header-car]
Trying to find Element By : By.cssSelector: #tab-carFlight-tab-clp-fc
Found Element By : By.cssSelector: #tab-carFlight-tab-clp-fc
Trying to click on: [[ChromeDriver: chrome on MAC (04069c921f24134ec8ed3bed86bc09b2)] -> css selector: #tab-carFlight-tab-clp-fc]
Clicked on: [[ChromeDriver: chrome on MAC (04069c921f24134ec8ed3bed86bc09b2)] -> css selector: #tab-carFlight-tab-clp-fc]
Trying to find Element By : By.cssSelector: #tab-carFlight-tab-clp-fc
Found Element By : By.cssSelector: #tab-carFlight-tab-clp-fc
]]></system-out>
    <system-err><![CDATA[Starting ChromeDriver 2.42.591059 (a3d9684d10d61aa0c45f6723b327283be1ebaad8) on port 3577
Only local connections are allowed.
Oct 11, 2018 3:11:34 PM org.openqa.selenium.remote.ProtocolHandshake createSession
INFO: Detected dialect: OSS
]]></system-err>
  </testcase>
  <testcase name="testCarHotelFlightTabIsSelected" classname="Tests.CarsPageTest" time="0.225">
    <failure message="expected [true] but found [false]" type="java.lang.AssertionError">java.lang.AssertionError: expected [true] but found [false]
	at Tests.CarsPageTest.testCarHotelFlightTabIsSelected(CarsPageTest.java:40)
</failure>
    <system-out><![CDATA[Before navigating to: 'https://www.expedia.com/'
Navigated to:'https://www.expedia.com/'
Trying to find Element By : By.cssSelector: #primary-header-car
Found Element By : By.cssSelector: #primary-header-car
Trying to click on: [[ChromeDriver: chrome on MAC (7930062c1e78652b6bf71b14b74c8a90)] -> css selector: #primary-header-car]
Clicked on: [[ChromeDriver: chrome on MAC (7930062c1e78652b6bf71b14b74c8a90)] -> css selector: #primary-header-car]
Trying to find Element By : By.cssSelector: #tab-carHotelFlight-tab-clp-fhc
Found Element By : By.cssSelector: #tab-carHotelFlight-tab-clp-fhc
Trying to click on: [[ChromeDriver: chrome on MAC (7930062c1e78652b6bf71b14b74c8a90)] -> css selector: #tab-carHotelFlight-tab-clp-fhc]
Clicked on: [[ChromeDriver: chrome on MAC (7930062c1e78652b6bf71b14b74c8a90)] -> css selector: #tab-carHotelFlight-tab-clp-fhc]
Trying to find Element By : By.cssSelector: #tab-carHotelFlight-tab-clp-fhc
Found Element By : By.cssSelector: #tab-carHotelFlight-tab-clp-fhc
]]></system-out>
    <system-err><![CDATA[Starting ChromeDriver 2.42.591059 (a3d9684d10d61aa0c45f6723b327283be1ebaad8) on port 24715
Only local connections are allowed.
Oct 11, 2018 3:11:54 PM org.openqa.selenium.remote.ProtocolHandshake createSession
INFO: Detected dialect: OSS
]]></system-err>
  </testcase>
  <testcase name="testCarHotelTabIsSelected" classname="Tests.CarsPageTest" time="0.247">
    <failure message="expected [true] but found [false]" type="java.lang.AssertionError">java.lang.AssertionError: expected [true] but found [false]
	at Tests.CarsPageTest.testCarHotelTabIsSelected(CarsPageTest.java:36)
</failure>
    <system-out><![CDATA[Before navigating to: 'https://www.expedia.com/'
Navigated to:'https://www.expedia.com/'
Trying to find Element By : By.cssSelector: #primary-header-car
Found Element By : By.cssSelector: #primary-header-car
Trying to click on: [[ChromeDriver: chrome on MAC (fc2357a845eddccdb65a1cec7e9f663a)] -> css selector: #primary-header-car]
Clicked on: [[ChromeDriver: chrome on MAC (fc2357a845eddccdb65a1cec7e9f663a)] -> css selector: #primary-header-car]
Trying to find Element By : By.cssSelector: #tab-carHotel-tab-clp-hc
Found Element By : By.cssSelector: #tab-carHotel-tab-clp-hc
Trying to click on: [[ChromeDriver: chrome on MAC (fc2357a845eddccdb65a1cec7e9f663a)] -> css selector: #tab-carHotel-tab-clp-hc]
Clicked on: [[ChromeDriver: chrome on MAC (fc2357a845eddccdb65a1cec7e9f663a)] -> css selector: #tab-carHotel-tab-clp-hc]
Trying to find Element By : By.cssSelector: #tab-carHotel-tab-clp-hc
Found Element By : By.cssSelector: #tab-carHotel-tab-clp-hc
]]></system-out>
    <system-err><![CDATA[Starting ChromeDriver 2.42.591059 (a3d9684d10d61aa0c45f6723b327283be1ebaad8) on port 13739
Only local connections are allowed.
Oct 11, 2018 3:12:15 PM org.openqa.selenium.remote.ProtocolHandshake createSession
INFO: Detected dialect: OSS
]]></system-err>
  </testcase>
  <testcase name="testCarPageBannerIsDisplayed" classname="Tests.CarsPageTest" time="0.042"/>
  <testcase name="testCarPageBannerValidText" classname="Tests.CarsPageTest" time="0.891"/>
  <testcase name="testCarTabIsUnderLined" classname="Tests.CarsPageTest" time="0.061"/>
  <testcase name="testCheckboxSelection" classname="Tests.CarsPageTest" time="2.483">
    <failure message="element not interactable&#10;  (Session info: chrome=69.0.3497.100)&#10;  (Driver info: chromedriver=2.42.591059 (a3d9684d10d61aa0c45f6723b327283be1ebaad8),platform=Mac OS X 10.14.0 x86_64) (WARNING: The server did not provide any stacktrace information)&#10;Command duration or timeout: 0 milliseconds&#10;Build info: version: &apos;3.14.0&apos;, revision: &apos;aacccce0&apos;, time: &apos;2018-08-02T20:19:58.91Z&apos;&#10;System info: host: &apos;juneds-MacBook-Pro.local&apos;, ip: &apos;fe80:0:0:0:7b:f7ab:7ac7:59e0%en0&apos;, os.name: &apos;Mac OS X&apos;, os.arch: &apos;x86_64&apos;, os.version: &apos;10.14&apos;, java.version: &apos;1.8.0_181&apos;&#10;Driver info: org.openqa.selenium.chrome.ChromeDriver&#10;Capabilities {acceptInsecureCerts: false, acceptSslCerts: false, applicationCacheEnabled: false, browserConnectionEnabled: false, browserName: chrome, chrome: {chromedriverVersion: 2.42.591059 (a3d9684d10d61a..., userDataDir: /var/folders/hn/f7wb9_d13yz...}, cssSelectorsEnabled: true, databaseEnabled: false, goog:chromeOptions: {debuggerAddress: localhost:63263}, handlesAlerts: true, hasTouchScreen: false, javascriptEnabled: true, locationContextEnabled: true, mobileEmulationEnabled: false, nativeEvents: true, networkConnectionEnabled: false, pageLoadStrategy: normal, platform: MAC, platformName: MAC, rotatable: false, setWindowRect: true, takesHeapSnapshot: true, takesScreenshot: true, unexpectedAlertBehaviour: , unhandledPromptBehavior: , version: 69.0.3497.100, webStorageEnabled: true}&#10;Session ID: fb2a52d290896dda353461be95d358d5" type="org.openqa.selenium.ElementNotVisibleException">org.openqa.selenium.ElementNotVisibleException: 
element not interactable
  (Session info: chrome=69.0.3497.100)
  (Driver info: chromedriver=2.42.591059 (a3d9684d10d61aa0c45f6723b327283be1ebaad8),platform=Mac OS X 10.14.0 x86_64) (WARNING: The server did not provide any stacktrace information)
Command duration or timeout: 0 milliseconds
Build info: version: '3.14.0', revision: 'aacccce0', time: '2018-08-02T20:19:58.91Z'
System info: host: 'juneds-MacBook-Pro.local', ip: 'fe80:0:0:0:7b:f7ab:7ac7:59e0%en0', os.name: 'Mac OS X', os.arch: 'x86_64', os.version: '10.14', java.version: '1.8.0_181'
Driver info: org.openqa.selenium.chrome.ChromeDriver
Capabilities {acceptInsecureCerts: false, acceptSslCerts: false, applicationCacheEnabled: false, browserConnectionEnabled: false, browserName: chrome, chrome: {chromedriverVersion: 2.42.591059 (a3d9684d10d61a..., userDataDir: /var/folders/hn/f7wb9_d13yz...}, cssSelectorsEnabled: true, databaseEnabled: false, goog:chromeOptions: {debuggerAddress: localhost:63263}, handlesAlerts: true, hasTouchScreen: false, javascriptEnabled: true, locationContextEnabled: true, mobileEmulationEnabled: false, nativeEvents: true, networkConnectionEnabled: false, pageLoadStrategy: normal, platform: MAC, platformName: MAC, rotatable: false, setWindowRect: true, takesHeapSnapshot: true, takesScreenshot: true, unexpectedAlertBehaviour: , unhandledPromptBehavior: , version: 69.0.3497.100, webStorageEnabled: true}
Session ID: fb2a52d290896dda353461be95d358d5
	at Tests.CarsPageTest.testCheckboxSelection(CarsPageTest.java:52)
</failure>
    <system-out><![CDATA[Before navigating to: 'https://www.expedia.com/'
Navigated to:'https://www.expedia.com/'
Trying to find Element By : By.cssSelector: #primary-header-car
Found Element By : By.cssSelector: #primary-header-car
Trying to click on: [[ChromeDriver: chrome on MAC (fb2a52d290896dda353461be95d358d5)] -> css selector: #primary-header-car]
Clicked on: [[ChromeDriver: chrome on MAC (fb2a52d290896dda353461be95d358d5)] -> css selector: #primary-header-car]
Trying to find Element By : By.cssSelector: #aarp-car-rates-check-clp
Found Element By : By.cssSelector: #aarp-car-rates-check-clp
Trying to click on: [[ChromeDriver: chrome on MAC (fb2a52d290896dda353461be95d358d5)] -> css selector: #aarp-car-rates-check-clp]
Exception occured: org.openqa.selenium.ElementNotVisibleException: element not interactable
  (Session info: chrome=69.0.3497.100)
  (Driver info: chromedriver=2.42.591059 (a3d9684d10d61aa0c45f6723b327283be1ebaad8),platform=Mac OS X 10.14.0 x86_64) (WARNING: The server did not provide any stacktrace information)
Command duration or timeout: 0 milliseconds
Build info: version: '3.14.0', revision: 'aacccce0', time: '2018-08-02T20:19:58.91Z'
System info: host: 'juneds-MacBook-Pro.local', ip: 'fe80:0:0:0:7b:f7ab:7ac7:59e0%en0', os.name: 'Mac OS X', os.arch: 'x86_64', os.version: '10.14', java.version: '1.8.0_181'
Driver info: org.openqa.selenium.chrome.ChromeDriver
Capabilities {acceptInsecureCerts: false, acceptSslCerts: false, applicationCacheEnabled: false, browserConnectionEnabled: false, browserName: chrome, chrome: {chromedriverVersion: 2.42.591059 (a3d9684d10d61a..., userDataDir: /var/folders/hn/f7wb9_d13yz...}, cssSelectorsEnabled: true, databaseEnabled: false, goog:chromeOptions: {debuggerAddress: localhost:63263}, handlesAlerts: true, hasTouchScreen: false, javascriptEnabled: true, locationContextEnabled: true, mobileEmulationEnabled: false, nativeEvents: true, networkConnectionEnabled: false, pageLoadStrategy: normal, platform: MAC, platformName: MAC, rotatable: false, setWindowRect: true, takesHeapSnapshot: true, takesScreenshot: true, unexpectedAlertBehaviour: , unhandledPromptBehavior: , version: 69.0.3497.100, webStorageEnabled: true}
Session ID: fb2a52d290896dda353461be95d358d5
]]></system-out>
    <system-err><![CDATA[Starting ChromeDriver 2.42.591059 (a3d9684d10d61aa0c45f6723b327283be1ebaad8) on port 20025
Only local connections are allowed.
Oct 11, 2018 3:13:33 PM org.openqa.selenium.remote.ProtocolHandshake createSession
INFO: Detected dialect: OSS
]]></system-err>
  </testcase>
  <testcase name="testDomesticRentalsLabelFont" classname="Tests.CarsPageTest" time="0.06"/>
  <testcase name="testDomesticRentalsListCount" classname="Tests.CarsPageTest" time="0.094"/>
  <testcase name="testInternationalRentalCarsHeight" classname="Tests.CarsPageTest" time="2.185">
    <failure message="expected [1.75] but found [26.25px]" type="java.lang.AssertionError">java.lang.AssertionError: expected [1.75] but found [26.25px]
	at Tests.CarsPageTest.testInternationalRentalCarsHeight(CarsPageTest.java:60)
</failure>
    <system-out><![CDATA[Before navigating to: 'https://www.expedia.com/'
Navigated to:'https://www.expedia.com/'
Trying to find Element By : By.cssSelector: #primary-header-car
Found Element By : By.cssSelector: #primary-header-car
Trying to click on: [[ChromeDriver: chrome on MAC (943d09eaef007c6788f66a0b4a5c9ac4)] -> css selector: #primary-header-car]
Clicked on: [[ChromeDriver: chrome on MAC (943d09eaef007c6788f66a0b4a5c9ac4)] -> css selector: #primary-header-car]
Trying to find Element By : By.xpath: //h3[contains(text(),'International Rental Car Deals')]
Found Element By : By.xpath: //h3[contains(text(),'International Rental Car Deals')]
]]></system-out>
    <system-err><![CDATA[Starting ChromeDriver 2.42.591059 (a3d9684d10d61aa0c45f6723b327283be1ebaad8) on port 26115
Only local connections are allowed.
Oct 11, 2018 3:14:34 PM org.openqa.selenium.remote.ProtocolHandshake createSession
INFO: Detected dialect: OSS
]]></system-err>
  </testcase>
  <testcase name="testInternationalRentalsListCount" classname="Tests.CarsPageTest" time="0.798"/>
  <testcase name="testPageUrl" classname="Tests.CarsPageTest" time="0.018"/>
  <testcase name="testTitleValidation" classname="Tests.CarsPageTest" time="0.006"/>
  <testcase name="testcarTabIsSelected" classname="Tests.CarsPageTest" time="5.663">
    <failure message="expected [true] but found [false]" type="java.lang.AssertionError">java.lang.AssertionError: expected [true] but found [false]
	at Tests.CarsPageTest.testcarTabIsSelected(CarsPageTest.java:32)
</failure>
    <system-out><![CDATA[Before navigating to: 'https://www.expedia.com/'
Navigated to:'https://www.expedia.com/'
Trying to find Element By : By.cssSelector: #primary-header-car
Found Element By : By.cssSelector: #primary-header-car
Trying to click on: [[ChromeDriver: chrome on MAC (fb7643f38386a8f4a2d88a74ce29396b)] -> css selector: #primary-header-car]
Clicked on: [[ChromeDriver: chrome on MAC (fb7643f38386a8f4a2d88a74ce29396b)] -> css selector: #primary-header-car]
Trying to find Element By : By.cssSelector: #primary-header-car
Found Element By : By.cssSelector: #primary-header-car
Trying to click on: [[ChromeDriver: chrome on MAC (fb7643f38386a8f4a2d88a74ce29396b)] -> css selector: #primary-header-car]
Clicked on: [[ChromeDriver: chrome on MAC (fb7643f38386a8f4a2d88a74ce29396b)] -> css selector: #primary-header-car]
Trying to find Element By : By.cssSelector: #tab-car-tab-clp
Found Element By : By.cssSelector: #tab-car-tab-clp
]]></system-out>
    <system-err><![CDATA[Starting ChromeDriver 2.42.591059 (a3d9684d10d61aa0c45f6723b327283be1ebaad8) on port 21365
Only local connections are allowed.
Oct 11, 2018 3:15:59 PM org.openqa.selenium.remote.ProtocolHandshake createSession
INFO: Detected dialect: OSS
]]></system-err>
  </testcase>
  <testcase name="TestIsQRCodeDisplayed" classname="Tests.HotelsPageTest" time="0.033"/>
  <testcase name="TestLegalDivText" classname="Tests.HotelsPageTest" time="0.036"/>
  <testcase name="hotelsLinkIsUnderlinedTest" classname="Tests.HotelsPageTest" time="0.043"/>
  <testcase name="pageUrlTest" classname="Tests.HotelsPageTest" time="0.005"/>
  <testcase name="testAddPropertyButtonColor" classname="Tests.HotelsPageTest" time="0.038">
    <failure message="expected [#0065b8] but found [rgba(0, 101, 184, 1)]" type="java.lang.AssertionError">java.lang.AssertionError: expected [#0065b8] but found [rgba(0, 101, 184, 1)]
	at Tests.HotelsPageTest.testAddPropertyButtonColor(HotelsPageTest.java:54)
</failure>
    <system-out><![CDATA[Before navigating to: 'https://www.expedia.com/'
Navigated to:'https://www.expedia.com/'
Trying to find Element By : By.cssSelector: #primary-header-hotel
Found Element By : By.cssSelector: #primary-header-hotel
Trying to click on: [[ChromeDriver: chrome on MAC (626ba25133dd48c0c133837d1bda64ce)] -> css selector: #primary-header-hotel]
Clicked on: [[ChromeDriver: chrome on MAC (626ba25133dd48c0c133837d1bda64ce)] -> css selector: #primary-header-hotel]
Trying to find Element By : By.xpath: //a[contains(text(),'Add your property to Expedia')]
Found Element By : By.xpath: //a[contains(text(),'Add your property to Expedia')]
]]></system-out>
    <system-err><![CDATA[Starting ChromeDriver 2.42.591059 (a3d9684d10d61aa0c45f6723b327283be1ebaad8) on port 48730
Only local connections are allowed.
Oct 11, 2018 3:19:12 PM org.openqa.selenium.remote.ProtocolHandshake createSession
INFO: Detected dialect: OSS
]]></system-err>
  </testcase>
  <testcase name="testExploreMoreAttribute" classname="Tests.HotelsPageTest" time="0.056">
    <failure message="expected [#exploreMore] but found [https://www.expedia.com/Hotels#exploreMore]" type="java.lang.AssertionError">java.lang.AssertionError: expected [#exploreMore] but found [https://www.expedia.com/Hotels#exploreMore]
	at Tests.HotelsPageTest.testExploreMoreAttribute(HotelsPageTest.java:74)
</failure>
    <system-out><![CDATA[Before navigating to: 'https://www.expedia.com/'
Navigated to:'https://www.expedia.com/'
Trying to find Element By : By.cssSelector: #primary-header-hotel
Found Element By : By.cssSelector: #primary-header-hotel
Trying to click on: [[ChromeDriver: chrome on MAC (67e6c05b784e0796d639553430b30110)] -> css selector: #primary-header-hotel]
Clicked on: [[ChromeDriver: chrome on MAC (67e6c05b784e0796d639553430b30110)] -> css selector: #primary-header-hotel]
Trying to find Element By : By.xpath: //a[@href = "#exploreMore"]
Found Element By : By.xpath: //a[@href = "#exploreMore"]
]]></system-out>
    <system-err><![CDATA[Starting ChromeDriver 2.42.591059 (a3d9684d10d61aa0c45f6723b327283be1ebaad8) on port 4844
Only local connections are allowed.
Oct 11, 2018 3:19:40 PM org.openqa.selenium.remote.ProtocolHandshake createSession
INFO: Detected dialect: OSS
]]></system-err>
  </testcase>
  <testcase name="testSendButtonBorderRadius" classname="Tests.HotelsPageTest" time="0.106"/>
  <testcase name="testTitleValidation" classname="Tests.HotelsPageTest" time="0.009"/>
  <testcase name="testTodaysTopDealBoxSize" classname="Tests.HotelsPageTest" time="0.202"/>
  <testcase name="testValidateEuropeHotelLinkCount" classname="Tests.HotelsPageTest" time="8.022">
    <failure message="expected [15] but found [0]" type="java.lang.AssertionError">java.lang.AssertionError: expected [15] but found [0]
	at Tests.HotelsPageTest.testValidateEuropeHotelLinkCount(HotelsPageTest.java:40)
</failure>
    <system-out><![CDATA[Before navigating to: 'https://www.expedia.com/'
Navigated to:'https://www.expedia.com/'
Trying to find Element By : By.cssSelector: #primary-header-hotel
Found Element By : By.cssSelector: #primary-header-hotel
Trying to click on: [[ChromeDriver: chrome on MAC (2ee1bb4716cad1e2af4ae77deb29410d)] -> css selector: #primary-header-hotel]
Clicked on: [[ChromeDriver: chrome on MAC (2ee1bb4716cad1e2af4ae77deb29410d)] -> css selector: #primary-header-hotel]
Trying to find Element By : By.xpath: //div[@id='launch-seo']//div//ul[2]/li
Found Element By : By.xpath: //div[@id='launch-seo']//div//ul[2]/li
]]></system-out>
    <system-err><![CDATA[Starting ChromeDriver 2.42.591059 (a3d9684d10d61aa0c45f6723b327283be1ebaad8) on port 21242
Only local connections are allowed.
Oct 11, 2018 3:22:42 PM org.openqa.selenium.remote.ProtocolHandshake createSession
INFO: Detected dialect: OSS
]]></system-err>
  </testcase>
  <testcase name="testValidateInternationalHotelLinkCount" classname="Tests.HotelsPageTest" time="8.033">
    <failure message="expected [15] but found [0]" type="java.lang.AssertionError">java.lang.AssertionError: expected [15] but found [0]
	at Tests.HotelsPageTest.testValidateInternationalHotelLinkCount(HotelsPageTest.java:44)
</failure>
    <system-out><![CDATA[Before navigating to: 'https://www.expedia.com/'
Navigated to:'https://www.expedia.com/'
Trying to find Element By : By.cssSelector: #primary-header-hotel
Found Element By : By.cssSelector: #primary-header-hotel
Trying to click on: [[ChromeDriver: chrome on MAC (25b8dbf121021e5a5199685a66cee8ae)] -> css selector: #primary-header-hotel]
Clicked on: [[ChromeDriver: chrome on MAC (25b8dbf121021e5a5199685a66cee8ae)] -> css selector: #primary-header-hotel]
Trying to find Element By : By.xpath: //div[@id='launch-seo']//div//ul[3]/li
Found Element By : By.xpath: //div[@id='launch-seo']//div//ul[3]/li
]]></system-out>
    <system-err><![CDATA[Starting ChromeDriver 2.42.591059 (a3d9684d10d61aa0c45f6723b327283be1ebaad8) on port 44075
Only local connections are allowed.
Oct 11, 2018 3:23:17 PM org.openqa.selenium.remote.ProtocolHandshake createSession
INFO: Detected dialect: OSS
]]></system-err>
  </testcase>
  <testcase name="testValidateLabelEuropeHotel" classname="Tests.HotelsPageTest" time="9.412">
    <failure message="no such element: Unable to locate element: {&quot;method&quot;:&quot;xpath&quot;,&quot;selector&quot;:&quot;//h3[contains(text(),&apos;Europe Hotel Reservations&apos;)]&quot;}&#10;  (Session info: chrome=69.0.3497.100)&#10;  (Driver info: chromedriver=2.42.591059 (a3d9684d10d61aa0c45f6723b327283be1ebaad8),platform=Mac OS X 10.14.0 x86_64) (WARNING: The server did not provide any stacktrace information)&#10;Command duration or timeout: 0 milliseconds&#10;For documentation on this error, please visit: http://seleniumhq.org/exceptions/no_such_element.html&#10;Build info: version: &apos;3.14.0&apos;, revision: &apos;aacccce0&apos;, time: &apos;2018-08-02T20:19:58.91Z&apos;&#10;System info: host: &apos;juneds-MacBook-Pro.local&apos;, ip: &apos;fe80:0:0:0:7b:f7ab:7ac7:59e0%en0&apos;, os.name: &apos;Mac OS X&apos;, os.arch: &apos;x86_64&apos;, os.version: &apos;10.14&apos;, java.version: &apos;1.8.0_181&apos;&#10;Driver info: org.openqa.selenium.chrome.ChromeDriver&#10;Capabilities {acceptInsecureCerts: false, acceptSslCerts: false, applicationCacheEnabled: false, browserConnectionEnabled: false, browserName: chrome, chrome: {chromedriverVersion: 2.42.591059 (a3d9684d10d61a..., userDataDir: /var/folders/hn/f7wb9_d13yz...}, cssSelectorsEnabled: true, databaseEnabled: false, goog:chromeOptions: {debuggerAddress: localhost:50193}, handlesAlerts: true, hasTouchScreen: false, javascriptEnabled: true, locationContextEnabled: true, mobileEmulationEnabled: false, nativeEvents: true, networkConnectionEnabled: false, pageLoadStrategy: normal, platform: MAC, platformName: MAC, rotatable: false, setWindowRect: true, takesHeapSnapshot: true, takesScreenshot: true, unexpectedAlertBehaviour: , unhandledPromptBehavior: , version: 69.0.3497.100, webStorageEnabled: true}&#10;Session ID: f33b32fbc0a7923d5557cd0f5e54bfa9&#10;*** Element info: {Using=xpath, value=//h3[contains(text(),&apos;Europe Hotel Reservations&apos;)]}" type="org.openqa.selenium.NoSuchElementException">org.openqa.selenium.NoSuchElementException: 
no such element: Unable to locate element: {"method":"xpath","selector":"//h3[contains(text(),'Europe Hotel Reservations')]"}
  (Session info: chrome=69.0.3497.100)
  (Driver info: chromedriver=2.42.591059 (a3d9684d10d61aa0c45f6723b327283be1ebaad8),platform=Mac OS X 10.14.0 x86_64) (WARNING: The server did not provide any stacktrace information)
Command duration or timeout: 0 milliseconds
For documentation on this error, please visit: http://seleniumhq.org/exceptions/no_such_element.html
Build info: version: '3.14.0', revision: 'aacccce0', time: '2018-08-02T20:19:58.91Z'
System info: host: 'juneds-MacBook-Pro.local', ip: 'fe80:0:0:0:7b:f7ab:7ac7:59e0%en0', os.name: 'Mac OS X', os.arch: 'x86_64', os.version: '10.14', java.version: '1.8.0_181'
Driver info: org.openqa.selenium.chrome.ChromeDriver
Capabilities {acceptInsecureCerts: false, acceptSslCerts: false, applicationCacheEnabled: false, browserConnectionEnabled: false, browserName: chrome, chrome: {chromedriverVersion: 2.42.591059 (a3d9684d10d61a..., userDataDir: /var/folders/hn/f7wb9_d13yz...}, cssSelectorsEnabled: true, databaseEnabled: false, goog:chromeOptions: {debuggerAddress: localhost:50193}, handlesAlerts: true, hasTouchScreen: false, javascriptEnabled: true, locationContextEnabled: true, mobileEmulationEnabled: false, nativeEvents: true, networkConnectionEnabled: false, pageLoadStrategy: normal, platform: MAC, platformName: MAC, rotatable: false, setWindowRect: true, takesHeapSnapshot: true, takesScreenshot: true, unexpectedAlertBehaviour: , unhandledPromptBehavior: , version: 69.0.3497.100, webStorageEnabled: true}
Session ID: f33b32fbc0a7923d5557cd0f5e54bfa9
*** Element info: {Using=xpath, value=//h3[contains(text(),'Europe Hotel Reservations')]}
	at Tests.HotelsPageTest.testValidateLabelEuropeHotel(HotelsPageTest.java:26)
</failure>
    <system-out><![CDATA[Before navigating to: 'https://www.expedia.com/'
Navigated to:'https://www.expedia.com/'
Trying to find Element By : By.cssSelector: #primary-header-hotel
Found Element By : By.cssSelector: #primary-header-hotel
Trying to click on: [[ChromeDriver: chrome on MAC (f33b32fbc0a7923d5557cd0f5e54bfa9)] -> css selector: #primary-header-hotel]
Clicked on: [[ChromeDriver: chrome on MAC (f33b32fbc0a7923d5557cd0f5e54bfa9)] -> css selector: #primary-header-hotel]
Trying to find Element By : By.xpath: //h3[contains(text(),'Europe Hotel Reservations')]
Exception occured: org.openqa.selenium.NoSuchElementException: no such element: Unable to locate element: {"method":"xpath","selector":"//h3[contains(text(),'Europe Hotel Reservations')]"}
  (Session info: chrome=69.0.3497.100)
  (Driver info: chromedriver=2.42.591059 (a3d9684d10d61aa0c45f6723b327283be1ebaad8),platform=Mac OS X 10.14.0 x86_64) (WARNING: The server did not provide any stacktrace information)
Command duration or timeout: 0 milliseconds
For documentation on this error, please visit: http://seleniumhq.org/exceptions/no_such_element.html
Build info: version: '3.14.0', revision: 'aacccce0', time: '2018-08-02T20:19:58.91Z'
System info: host: 'juneds-MacBook-Pro.local', ip: 'fe80:0:0:0:7b:f7ab:7ac7:59e0%en0', os.name: 'Mac OS X', os.arch: 'x86_64', os.version: '10.14', java.version: '1.8.0_181'
Driver info: org.openqa.selenium.chrome.ChromeDriver
Capabilities {acceptInsecureCerts: false, acceptSslCerts: false, applicationCacheEnabled: false, browserConnectionEnabled: false, browserName: chrome, chrome: {chromedriverVersion: 2.42.591059 (a3d9684d10d61a..., userDataDir: /var/folders/hn/f7wb9_d13yz...}, cssSelectorsEnabled: true, databaseEnabled: false, goog:chromeOptions: {debuggerAddress: localhost:50193}, handlesAlerts: true, hasTouchScreen: false, javascriptEnabled: true, locationContextEnabled: true, mobileEmulationEnabled: false, nativeEvents: true, networkConnectionEnabled: false, pageLoadStrategy: normal, platform: MAC, platformName: MAC, rotatable: false, setWindowRect: true, takesHeapSnapshot: true, takesScreenshot: true, unexpectedAlertBehaviour: , unhandledPromptBehavior: , version: 69.0.3497.100, webStorageEnabled: true}
Session ID: f33b32fbc0a7923d5557cd0f5e54bfa9
*** Element info: {Using=xpath, value=//h3[contains(text(),'Europe Hotel Reservations')]}
]]></system-out>
    <system-err><![CDATA[Starting ChromeDriver 2.42.591059 (a3d9684d10d61aa0c45f6723b327283be1ebaad8) on port 12803
Only local connections are allowed.
Oct 11, 2018 3:24:00 PM org.openqa.selenium.remote.ProtocolHandshake createSession
INFO: Detected dialect: OSS
]]></system-err>
  </testcase>
  <testcase name="testValidateLabelHotelDiscount" classname="Tests.HotelsPageTest" time="9.247">
    <failure message="no such element: Unable to locate element: {&quot;method&quot;:&quot;xpath&quot;,&quot;selector&quot;:&quot;//h3[contains(text(),&apos;U.S. Hotel Discounts&apos;)]&quot;}&#10;  (Session info: chrome=69.0.3497.100)&#10;  (Driver info: chromedriver=2.42.591059 (a3d9684d10d61aa0c45f6723b327283be1ebaad8),platform=Mac OS X 10.14.0 x86_64) (WARNING: The server did not provide any stacktrace information)&#10;Command duration or timeout: 0 milliseconds&#10;For documentation on this error, please visit: http://seleniumhq.org/exceptions/no_such_element.html&#10;Build info: version: &apos;3.14.0&apos;, revision: &apos;aacccce0&apos;, time: &apos;2018-08-02T20:19:58.91Z&apos;&#10;System info: host: &apos;juneds-MacBook-Pro.local&apos;, ip: &apos;fe80:0:0:0:7b:f7ab:7ac7:59e0%en0&apos;, os.name: &apos;Mac OS X&apos;, os.arch: &apos;x86_64&apos;, os.version: &apos;10.14&apos;, java.version: &apos;1.8.0_181&apos;&#10;Driver info: org.openqa.selenium.chrome.ChromeDriver&#10;Capabilities {acceptInsecureCerts: false, acceptSslCerts: false, applicationCacheEnabled: false, browserConnectionEnabled: false, browserName: chrome, chrome: {chromedriverVersion: 2.42.591059 (a3d9684d10d61a..., userDataDir: /var/folders/hn/f7wb9_d13yz...}, cssSelectorsEnabled: true, databaseEnabled: false, goog:chromeOptions: {debuggerAddress: localhost:50333}, handlesAlerts: true, hasTouchScreen: false, javascriptEnabled: true, locationContextEnabled: true, mobileEmulationEnabled: false, nativeEvents: true, networkConnectionEnabled: false, pageLoadStrategy: normal, platform: MAC, platformName: MAC, rotatable: false, setWindowRect: true, takesHeapSnapshot: true, takesScreenshot: true, unexpectedAlertBehaviour: , unhandledPromptBehavior: , version: 69.0.3497.100, webStorageEnabled: true}&#10;Session ID: 5679f4237f5e8372adc5ed8ba9980301&#10;*** Element info: {Using=xpath, value=//h3[contains(text(),&apos;U.S. Hotel Discounts&apos;)]}" type="org.openqa.selenium.NoSuchElementException">org.openqa.selenium.NoSuchElementException: 
no such element: Unable to locate element: {"method":"xpath","selector":"//h3[contains(text(),'U.S. Hotel Discounts')]"}
  (Session info: chrome=69.0.3497.100)
  (Driver info: chromedriver=2.42.591059 (a3d9684d10d61aa0c45f6723b327283be1ebaad8),platform=Mac OS X 10.14.0 x86_64) (WARNING: The server did not provide any stacktrace information)
Command duration or timeout: 0 milliseconds
For documentation on this error, please visit: http://seleniumhq.org/exceptions/no_such_element.html
Build info: version: '3.14.0', revision: 'aacccce0', time: '2018-08-02T20:19:58.91Z'
System info: host: 'juneds-MacBook-Pro.local', ip: 'fe80:0:0:0:7b:f7ab:7ac7:59e0%en0', os.name: 'Mac OS X', os.arch: 'x86_64', os.version: '10.14', java.version: '1.8.0_181'
Driver info: org.openqa.selenium.chrome.ChromeDriver
Capabilities {acceptInsecureCerts: false, acceptSslCerts: false, applicationCacheEnabled: false, browserConnectionEnabled: false, browserName: chrome, chrome: {chromedriverVersion: 2.42.591059 (a3d9684d10d61a..., userDataDir: /var/folders/hn/f7wb9_d13yz...}, cssSelectorsEnabled: true, databaseEnabled: false, goog:chromeOptions: {debuggerAddress: localhost:50333}, handlesAlerts: true, hasTouchScreen: false, javascriptEnabled: true, locationContextEnabled: true, mobileEmulationEnabled: false, nativeEvents: true, networkConnectionEnabled: false, pageLoadStrategy: normal, platform: MAC, platformName: MAC, rotatable: false, setWindowRect: true, takesHeapSnapshot: true, takesScreenshot: true, unexpectedAlertBehaviour: , unhandledPromptBehavior: , version: 69.0.3497.100, webStorageEnabled: true}
Session ID: 5679f4237f5e8372adc5ed8ba9980301
*** Element info: {Using=xpath, value=//h3[contains(text(),'U.S. Hotel Discounts')]}
	at Tests.HotelsPageTest.testValidateLabelHotelDiscount(HotelsPageTest.java:21)
</failure>
    <system-out><![CDATA[Before navigating to: 'https://www.expedia.com/'
Navigated to:'https://www.expedia.com/'
Trying to find Element By : By.cssSelector: #primary-header-hotel
Found Element By : By.cssSelector: #primary-header-hotel
Trying to click on: [[ChromeDriver: chrome on MAC (5679f4237f5e8372adc5ed8ba9980301)] -> css selector: #primary-header-hotel]
Clicked on: [[ChromeDriver: chrome on MAC (5679f4237f5e8372adc5ed8ba9980301)] -> css selector: #primary-header-hotel]
Trying to find Element By : By.xpath: //h3[contains(text(),'U.S. Hotel Discounts')]
Exception occured: org.openqa.selenium.NoSuchElementException: no such element: Unable to locate element: {"method":"xpath","selector":"//h3[contains(text(),'U.S. Hotel Discounts')]"}
  (Session info: chrome=69.0.3497.100)
  (Driver info: chromedriver=2.42.591059 (a3d9684d10d61aa0c45f6723b327283be1ebaad8),platform=Mac OS X 10.14.0 x86_64) (WARNING: The server did not provide any stacktrace information)
Command duration or timeout: 0 milliseconds
For documentation on this error, please visit: http://seleniumhq.org/exceptions/no_such_element.html
Build info: version: '3.14.0', revision: 'aacccce0', time: '2018-08-02T20:19:58.91Z'
System info: host: 'juneds-MacBook-Pro.local', ip: 'fe80:0:0:0:7b:f7ab:7ac7:59e0%en0', os.name: 'Mac OS X', os.arch: 'x86_64', os.version: '10.14', java.version: '1.8.0_181'
Driver info: org.openqa.selenium.chrome.ChromeDriver
Capabilities {acceptInsecureCerts: false, acceptSslCerts: false, applicationCacheEnabled: false, browserConnectionEnabled: false, browserName: chrome, chrome: {chromedriverVersion: 2.42.591059 (a3d9684d10d61a..., userDataDir: /var/folders/hn/f7wb9_d13yz...}, cssSelectorsEnabled: true, databaseEnabled: false, goog:chromeOptions: {debuggerAddress: localhost:50333}, handlesAlerts: true, hasTouchScreen: false, javascriptEnabled: true, locationContextEnabled: true, mobileEmulationEnabled: false, nativeEvents: true, networkConnectionEnabled: false, pageLoadStrategy: normal, platform: MAC, platformName: MAC, rotatable: false, setWindowRect: true, takesHeapSnapshot: true, takesScreenshot: true, unexpectedAlertBehaviour: , unhandledPromptBehavior: , version: 69.0.3497.100, webStorageEnabled: true}
Session ID: 5679f4237f5e8372adc5ed8ba9980301
*** Element info: {Using=xpath, value=//h3[contains(text(),'U.S. Hotel Discounts')]}
]]></system-out>
    <system-err><![CDATA[Starting ChromeDriver 2.42.591059 (a3d9684d10d61aa0c45f6723b327283be1ebaad8) on port 43014
Only local connections are allowed.
Oct 11, 2018 3:24:32 PM org.openqa.selenium.remote.ProtocolHandshake createSession
INFO: Detected dialect: OSS
]]></system-err>
  </testcase>
  <testcase name="testValidateLabelInternationalHotel" classname="Tests.HotelsPageTest" time="9.283">
    <failure message="no such element: Unable to locate element: {&quot;method&quot;:&quot;xpath&quot;,&quot;selector&quot;:&quot;//h3[contains(text(),&apos;More International Hotels&apos;)]&quot;}&#10;  (Session info: chrome=69.0.3497.100)&#10;  (Driver info: chromedriver=2.42.591059 (a3d9684d10d61aa0c45f6723b327283be1ebaad8),platform=Mac OS X 10.14.0 x86_64) (WARNING: The server did not provide any stacktrace information)&#10;Command duration or timeout: 0 milliseconds&#10;For documentation on this error, please visit: http://seleniumhq.org/exceptions/no_such_element.html&#10;Build info: version: &apos;3.14.0&apos;, revision: &apos;aacccce0&apos;, time: &apos;2018-08-02T20:19:58.91Z&apos;&#10;System info: host: &apos;juneds-MacBook-Pro.local&apos;, ip: &apos;fe80:0:0:0:7b:f7ab:7ac7:59e0%en0&apos;, os.name: &apos;Mac OS X&apos;, os.arch: &apos;x86_64&apos;, os.version: &apos;10.14&apos;, java.version: &apos;1.8.0_181&apos;&#10;Driver info: org.openqa.selenium.chrome.ChromeDriver&#10;Capabilities {acceptInsecureCerts: false, acceptSslCerts: false, applicationCacheEnabled: false, browserConnectionEnabled: false, browserName: chrome, chrome: {chromedriverVersion: 2.42.591059 (a3d9684d10d61a..., userDataDir: /var/folders/hn/f7wb9_d13yz...}, cssSelectorsEnabled: true, databaseEnabled: false, goog:chromeOptions: {debuggerAddress: localhost:50483}, handlesAlerts: true, hasTouchScreen: false, javascriptEnabled: true, locationContextEnabled: true, mobileEmulationEnabled: false, nativeEvents: true, networkConnectionEnabled: false, pageLoadStrategy: normal, platform: MAC, platformName: MAC, rotatable: false, setWindowRect: true, takesHeapSnapshot: true, takesScreenshot: true, unexpectedAlertBehaviour: , unhandledPromptBehavior: , version: 69.0.3497.100, webStorageEnabled: true}&#10;Session ID: 3ed682e79ec5a05d56becc1e570afa45&#10;*** Element info: {Using=xpath, value=//h3[contains(text(),&apos;More International Hotels&apos;)]}" type="org.openqa.selenium.NoSuchElementException">org.openqa.selenium.NoSuchElementException: 
no such element: Unable to locate element: {"method":"xpath","selector":"//h3[contains(text(),'More International Hotels')]"}
  (Session info: chrome=69.0.3497.100)
  (Driver info: chromedriver=2.42.591059 (a3d9684d10d61aa0c45f6723b327283be1ebaad8),platform=Mac OS X 10.14.0 x86_64) (WARNING: The server did not provide any stacktrace information)
Command duration or timeout: 0 milliseconds
For documentation on this error, please visit: http://seleniumhq.org/exceptions/no_such_element.html
Build info: version: '3.14.0', revision: 'aacccce0', time: '2018-08-02T20:19:58.91Z'
System info: host: 'juneds-MacBook-Pro.local', ip: 'fe80:0:0:0:7b:f7ab:7ac7:59e0%en0', os.name: 'Mac OS X', os.arch: 'x86_64', os.version: '10.14', java.version: '1.8.0_181'
Driver info: org.openqa.selenium.chrome.ChromeDriver
Capabilities {acceptInsecureCerts: false, acceptSslCerts: false, applicationCacheEnabled: false, browserConnectionEnabled: false, browserName: chrome, chrome: {chromedriverVersion: 2.42.591059 (a3d9684d10d61a..., userDataDir: /var/folders/hn/f7wb9_d13yz...}, cssSelectorsEnabled: true, databaseEnabled: false, goog:chromeOptions: {debuggerAddress: localhost:50483}, handlesAlerts: true, hasTouchScreen: false, javascriptEnabled: true, locationContextEnabled: true, mobileEmulationEnabled: false, nativeEvents: true, networkConnectionEnabled: false, pageLoadStrategy: normal, platform: MAC, platformName: MAC, rotatable: false, setWindowRect: true, takesHeapSnapshot: true, takesScreenshot: true, unexpectedAlertBehaviour: , unhandledPromptBehavior: , version: 69.0.3497.100, webStorageEnabled: true}
Session ID: 3ed682e79ec5a05d56becc1e570afa45
*** Element info: {Using=xpath, value=//h3[contains(text(),'More International Hotels')]}
	at Tests.HotelsPageTest.testValidateLabelInternationalHotel(HotelsPageTest.java:31)
</failure>
    <system-out><![CDATA[Before navigating to: 'https://www.expedia.com/'
Navigated to:'https://www.expedia.com/'
Trying to find Element By : By.cssSelector: #primary-header-hotel
Found Element By : By.cssSelector: #primary-header-hotel
Trying to click on: [[ChromeDriver: chrome on MAC (3ed682e79ec5a05d56becc1e570afa45)] -> css selector: #primary-header-hotel]
Clicked on: [[ChromeDriver: chrome on MAC (3ed682e79ec5a05d56becc1e570afa45)] -> css selector: #primary-header-hotel]
Trying to find Element By : By.xpath: //h3[contains(text(),'More International Hotels')]
Exception occured: org.openqa.selenium.NoSuchElementException: no such element: Unable to locate element: {"method":"xpath","selector":"//h3[contains(text(),'More International Hotels')]"}
  (Session info: chrome=69.0.3497.100)
  (Driver info: chromedriver=2.42.591059 (a3d9684d10d61aa0c45f6723b327283be1ebaad8),platform=Mac OS X 10.14.0 x86_64) (WARNING: The server did not provide any stacktrace information)
Command duration or timeout: 0 milliseconds
For documentation on this error, please visit: http://seleniumhq.org/exceptions/no_such_element.html
Build info: version: '3.14.0', revision: 'aacccce0', time: '2018-08-02T20:19:58.91Z'
System info: host: 'juneds-MacBook-Pro.local', ip: 'fe80:0:0:0:7b:f7ab:7ac7:59e0%en0', os.name: 'Mac OS X', os.arch: 'x86_64', os.version: '10.14', java.version: '1.8.0_181'
Driver info: org.openqa.selenium.chrome.ChromeDriver
Capabilities {acceptInsecureCerts: false, acceptSslCerts: false, applicationCacheEnabled: false, browserConnectionEnabled: false, browserName: chrome, chrome: {chromedriverVersion: 2.42.591059 (a3d9684d10d61a..., userDataDir: /var/folders/hn/f7wb9_d13yz...}, cssSelectorsEnabled: true, databaseEnabled: false, goog:chromeOptions: {debuggerAddress: localhost:50483}, handlesAlerts: true, hasTouchScreen: false, javascriptEnabled: true, locationContextEnabled: true, mobileEmulationEnabled: false, nativeEvents: true, networkConnectionEnabled: false, pageLoadStrategy: normal, platform: MAC, platformName: MAC, rotatable: false, setWindowRect: true, takesHeapSnapshot: true, takesScreenshot: true, unexpectedAlertBehaviour: , unhandledPromptBehavior: , version: 69.0.3497.100, webStorageEnabled: true}
Session ID: 3ed682e79ec5a05d56becc1e570afa45
*** Element info: {Using=xpath, value=//h3[contains(text(),'More International Hotels')]}
]]></system-out>
    <system-err><![CDATA[Starting ChromeDriver 2.42.591059 (a3d9684d10d61aa0c45f6723b327283be1ebaad8) on port 46395
Only local connections are allowed.
Oct 11, 2018 3:25:06 PM org.openqa.selenium.remote.ProtocolHandshake createSession
INFO: Detected dialect: OSS
]]></system-err>
  </testcase>
  <testcase name="testValidateUsHotelLinkCount" classname="Tests.HotelsPageTest" time="8.056">
    <failure message="expected [15] but found [0]" type="java.lang.AssertionError">java.lang.AssertionError: expected [15] but found [0]
	at Tests.HotelsPageTest.testValidateUsHotelLinkCount(HotelsPageTest.java:36)
</failure>
    <system-out><![CDATA[Before navigating to: 'https://www.expedia.com/'
Navigated to:'https://www.expedia.com/'
Trying to find Element By : By.cssSelector: #primary-header-hotel
Found Element By : By.cssSelector: #primary-header-hotel
Trying to click on: [[ChromeDriver: chrome on MAC (eaac0eba29b946ec75b722ee102896ce)] -> css selector: #primary-header-hotel]
Clicked on: [[ChromeDriver: chrome on MAC (eaac0eba29b946ec75b722ee102896ce)] -> css selector: #primary-header-hotel]
Trying to find Element By : By.xpath: //div[@id='launch-seo']//div//ul[1]/li
Found Element By : By.xpath: //div[@id='launch-seo']//div//ul[1]/li
]]></system-out>
    <system-err><![CDATA[Starting ChromeDriver 2.42.591059 (a3d9684d10d61aa0c45f6723b327283be1ebaad8) on port 25335
Only local connections are allowed.
Oct 11, 2018 3:25:42 PM org.openqa.selenium.remote.ProtocolHandshake createSession
INFO: Detected dialect: OSS
]]></system-err>
  </testcase>
  <testcase name="navbarLinksTest" classname="Tests.DataBaseHomePageTest" time="0"/>
  <testcase name="allInclusiveCruisesCountTest" classname="Tests.CruisesPageTest" time="0.053"/>
  <testcase name="bestCruisesCountTest" classname="Tests.CruisesPageTest" time="0.042"/>
  <testcase name="cruiseDealsandDiscountsontheBestCruiseLinesLabelVisibilityTest" classname="Tests.CruisesPageTest" time="0.047"/>
  <testcase name="cruisesLinkisUnderLinedTest" classname="Tests.CruisesPageTest" time="0.04"/>
  <testcase name="destinationCruisesCountTest" classname="Tests.CruisesPageTest" time="4.092"/>
  <testcase name="discountCruisesCountTest" classname="Tests.CruisesPageTest" time="0.017"/>
  <testcase name="enjoytThetBestCruiseTravelDestinationsLabelVisibilityTest" classname="Tests.CruisesPageTest" time="0.035"/>
  <testcase name="headerLabelTextValidationTest" classname="Tests.CruisesPageTest" time="2.3"/>
  <testcase name="lastMinuteCruiseDealsVacationIdeasLabelVisibilityTest" classname="Tests.CruisesPageTest" time="0.086"/>
  <testcase name="lastMinuteCruisesCountTest" classname="Tests.CruisesPageTest" time="0.16"/>
  <testcase name="pageTitleValidateTest" classname="Tests.CruisesPageTest" time="0.007"/>
  <testcase name="pageUrlTest" classname="Tests.CruisesPageTest" time="152.039"/>
  <testcase name="takeAVacationonTheseAllInclusiveCruisesLabelVisibilityTest" classname="Tests.CruisesPageTest" time="0.071"/>
  <testcase name="yourFirstStopforDiscountCruisesLabelVisibilityTest" classname="Tests.CruisesPageTest" time="0.055"/>
  <testcase name="exploreMoreToggleVisibilityTest" classname="Tests.HomePageTest" time="0.254"/>
  <testcase name="flightsToNewYorkLinkStatusTest" classname="Tests.HomePageTest" time="10.218">
    <failure message="no such element: Unable to locate element: {&quot;method&quot;:&quot;xpath&quot;,&quot;selector&quot;:&quot;//a[contains(text(),&apos;Flights to New York&apos;)]&quot;}&#10;  (Session info: chrome=69.0.3497.100)&#10;  (Driver info: chromedriver=2.42.591059 (a3d9684d10d61aa0c45f6723b327283be1ebaad8),platform=Mac OS X 10.14.0 x86_64) (WARNING: The server did not provide any stacktrace information)&#10;Command duration or timeout: 0 milliseconds&#10;For documentation on this error, please visit: http://seleniumhq.org/exceptions/no_such_element.html&#10;Build info: version: &apos;3.14.0&apos;, revision: &apos;aacccce0&apos;, time: &apos;2018-08-02T20:19:58.91Z&apos;&#10;System info: host: &apos;juneds-MacBook-Pro.local&apos;, ip: &apos;fe80:0:0:0:7b:f7ab:7ac7:59e0%en0&apos;, os.name: &apos;Mac OS X&apos;, os.arch: &apos;x86_64&apos;, os.version: &apos;10.14&apos;, java.version: &apos;1.8.0_181&apos;&#10;Driver info: org.openqa.selenium.chrome.ChromeDriver&#10;Capabilities {acceptInsecureCerts: false, acceptSslCerts: false, applicationCacheEnabled: false, browserConnectionEnabled: false, browserName: chrome, chrome: {chromedriverVersion: 2.42.591059 (a3d9684d10d61a..., userDataDir: /var/folders/hn/f7wb9_d13yz...}, cssSelectorsEnabled: true, databaseEnabled: false, goog:chromeOptions: {debuggerAddress: localhost:53646}, handlesAlerts: true, hasTouchScreen: false, javascriptEnabled: true, locationContextEnabled: true, mobileEmulationEnabled: false, nativeEvents: true, networkConnectionEnabled: false, pageLoadStrategy: normal, platform: MAC, platformName: MAC, rotatable: false, setWindowRect: true, takesHeapSnapshot: true, takesScreenshot: true, unexpectedAlertBehaviour: , unhandledPromptBehavior: , version: 69.0.3497.100, webStorageEnabled: true}&#10;Session ID: 6b4c08320c29662434426b98950943ad&#10;*** Element info: {Using=xpath, value=//a[contains(text(),&apos;Flights to New York&apos;)]}" type="org.openqa.selenium.NoSuchElementException">org.openqa.selenium.NoSuchElementException: 
no such element: Unable to locate element: {"method":"xpath","selector":"//a[contains(text(),'Flights to New York')]"}
  (Session info: chrome=69.0.3497.100)
  (Driver info: chromedriver=2.42.591059 (a3d9684d10d61aa0c45f6723b327283be1ebaad8),platform=Mac OS X 10.14.0 x86_64) (WARNING: The server did not provide any stacktrace information)
Command duration or timeout: 0 milliseconds
For documentation on this error, please visit: http://seleniumhq.org/exceptions/no_such_element.html
Build info: version: '3.14.0', revision: 'aacccce0', time: '2018-08-02T20:19:58.91Z'
System info: host: 'juneds-MacBook-Pro.local', ip: 'fe80:0:0:0:7b:f7ab:7ac7:59e0%en0', os.name: 'Mac OS X', os.arch: 'x86_64', os.version: '10.14', java.version: '1.8.0_181'
Driver info: org.openqa.selenium.chrome.ChromeDriver
Capabilities {acceptInsecureCerts: false, acceptSslCerts: false, applicationCacheEnabled: false, browserConnectionEnabled: false, browserName: chrome, chrome: {chromedriverVersion: 2.42.591059 (a3d9684d10d61a..., userDataDir: /var/folders/hn/f7wb9_d13yz...}, cssSelectorsEnabled: true, databaseEnabled: false, goog:chromeOptions: {debuggerAddress: localhost:53646}, handlesAlerts: true, hasTouchScreen: false, javascriptEnabled: true, locationContextEnabled: true, mobileEmulationEnabled: false, nativeEvents: true, networkConnectionEnabled: false, pageLoadStrategy: normal, platform: MAC, platformName: MAC, rotatable: false, setWindowRect: true, takesHeapSnapshot: true, takesScreenshot: true, unexpectedAlertBehaviour: , unhandledPromptBehavior: , version: 69.0.3497.100, webStorageEnabled: true}
Session ID: 6b4c08320c29662434426b98950943ad
*** Element info: {Using=xpath, value=//a[contains(text(),'Flights to New York')]}
	at Tests.HomePageTest.flightsToNewYorkLinkStatusTest(HomePageTest.java:70)
</failure>
    <system-out><![CDATA[Before navigating to: 'https://www.expedia.com/'
Navigated to:'https://www.expedia.com/'
Trying to find Element By : By.xpath: //a[contains(text(),'Flights to New York')]
Exception occured: org.openqa.selenium.NoSuchElementException: no such element: Unable to locate element: {"method":"xpath","selector":"//a[contains(text(),'Flights to New York')]"}
  (Session info: chrome=69.0.3497.100)
  (Driver info: chromedriver=2.42.591059 (a3d9684d10d61aa0c45f6723b327283be1ebaad8),platform=Mac OS X 10.14.0 x86_64) (WARNING: The server did not provide any stacktrace information)
Command duration or timeout: 0 milliseconds
For documentation on this error, please visit: http://seleniumhq.org/exceptions/no_such_element.html
Build info: version: '3.14.0', revision: 'aacccce0', time: '2018-08-02T20:19:58.91Z'
System info: host: 'juneds-MacBook-Pro.local', ip: 'fe80:0:0:0:7b:f7ab:7ac7:59e0%en0', os.name: 'Mac OS X', os.arch: 'x86_64', os.version: '10.14', java.version: '1.8.0_181'
Driver info: org.openqa.selenium.chrome.ChromeDriver
Capabilities {acceptInsecureCerts: false, acceptSslCerts: false, applicationCacheEnabled: false, browserConnectionEnabled: false, browserName: chrome, chrome: {chromedriverVersion: 2.42.591059 (a3d9684d10d61a..., userDataDir: /var/folders/hn/f7wb9_d13yz...}, cssSelectorsEnabled: true, databaseEnabled: false, goog:chromeOptions: {debuggerAddress: localhost:53646}, handlesAlerts: true, hasTouchScreen: false, javascriptEnabled: true, locationContextEnabled: true, mobileEmulationEnabled: false, nativeEvents: true, networkConnectionEnabled: false, pageLoadStrategy: normal, platform: MAC, platformName: MAC, rotatable: false, setWindowRect: true, takesHeapSnapshot: true, takesScreenshot: true, unexpectedAlertBehaviour: , unhandledPromptBehavior: , version: 69.0.3497.100, webStorageEnabled: true}
Session ID: 6b4c08320c29662434426b98950943ad
*** Element info: {Using=xpath, value=//a[contains(text(),'Flights to New York')]}
]]></system-out>
    <system-err><![CDATA[Starting ChromeDriver 2.42.591059 (a3d9684d10d61aa0c45f6723b327283be1ebaad8) on port 15855
Only local connections are allowed.
Oct 11, 2018 3:36:09 PM org.openqa.selenium.remote.ProtocolHandshake createSession
INFO: Detected dialect: OSS
Oct 11, 2018 3:37:32 PM com.relevantcodes.extentreports.ExtentReports loadConfig
WARNING: Unable to perform report configuration. The file /Users/junedalam/Documents/July2018WebAutomation/Expedia/report-config.xml was not found.
]]></system-err>
  </testcase>
  <testcase name="hotelLinksIndexValueTest" classname="Tests.HomePageTest" time="0.058"/>
  <testcase name="pageUrlTest" classname="Tests.HomePageTest" time="0.031"/>
  <testcase name="testRoundTripFlightWithExcelData" classname="Tests.HomePageTest" time="18.054">
    <failure message="no such element: Unable to locate element: {&quot;method&quot;:&quot;xpath&quot;,&quot;selector&quot;:&quot;//span[@class = &apos;title-city-text&apos;]&quot;}&#10;  (Session info: chrome=69.0.3497.100)&#10;  (Driver info: chromedriver=2.42.591059 (a3d9684d10d61aa0c45f6723b327283be1ebaad8),platform=Mac OS X 10.14.0 x86_64) (WARNING: The server did not provide any stacktrace information)&#10;Command duration or timeout: 0 milliseconds&#10;For documentation on this error, please visit: http://seleniumhq.org/exceptions/no_such_element.html&#10;Build info: version: &apos;3.14.0&apos;, revision: &apos;aacccce0&apos;, time: &apos;2018-08-02T20:19:58.91Z&apos;&#10;System info: host: &apos;juneds-MacBook-Pro.local&apos;, ip: &apos;fe80:0:0:0:7b:f7ab:7ac7:59e0%en0&apos;, os.name: &apos;Mac OS X&apos;, os.arch: &apos;x86_64&apos;, os.version: &apos;10.14&apos;, java.version: &apos;1.8.0_181&apos;&#10;Driver info: org.openqa.selenium.chrome.ChromeDriver&#10;Capabilities {acceptInsecureCerts: false, acceptSslCerts: false, applicationCacheEnabled: false, browserConnectionEnabled: false, browserName: chrome, chrome: {chromedriverVersion: 2.42.591059 (a3d9684d10d61a..., userDataDir: /var/folders/hn/f7wb9_d13yz...}, cssSelectorsEnabled: true, databaseEnabled: false, goog:chromeOptions: {debuggerAddress: localhost:54114}, handlesAlerts: true, hasTouchScreen: false, javascriptEnabled: true, locationContextEnabled: true, mobileEmulationEnabled: false, nativeEvents: true, networkConnectionEnabled: false, pageLoadStrategy: normal, platform: MAC, platformName: MAC, rotatable: false, setWindowRect: true, takesHeapSnapshot: true, takesScreenshot: true, unexpectedAlertBehaviour: , unhandledPromptBehavior: , version: 69.0.3497.100, webStorageEnabled: true}&#10;Session ID: 01966dce56d1e7dc52eb4322dea99f1e&#10;*** Element info: {Using=xpath, value=//span[@class = &apos;title-city-text&apos;]}" type="org.openqa.selenium.NoSuchElementException">org.openqa.selenium.NoSuchElementException: 
no such element: Unable to locate element: {"method":"xpath","selector":"//span[@class = 'title-city-text']"}
  (Session info: chrome=69.0.3497.100)
  (Driver info: chromedriver=2.42.591059 (a3d9684d10d61aa0c45f6723b327283be1ebaad8),platform=Mac OS X 10.14.0 x86_64) (WARNING: The server did not provide any stacktrace information)
Command duration or timeout: 0 milliseconds
For documentation on this error, please visit: http://seleniumhq.org/exceptions/no_such_element.html
Build info: version: '3.14.0', revision: 'aacccce0', time: '2018-08-02T20:19:58.91Z'
System info: host: 'juneds-MacBook-Pro.local', ip: 'fe80:0:0:0:7b:f7ab:7ac7:59e0%en0', os.name: 'Mac OS X', os.arch: 'x86_64', os.version: '10.14', java.version: '1.8.0_181'
Driver info: org.openqa.selenium.chrome.ChromeDriver
Capabilities {acceptInsecureCerts: false, acceptSslCerts: false, applicationCacheEnabled: false, browserConnectionEnabled: false, browserName: chrome, chrome: {chromedriverVersion: 2.42.591059 (a3d9684d10d61a..., userDataDir: /var/folders/hn/f7wb9_d13yz...}, cssSelectorsEnabled: true, databaseEnabled: false, goog:chromeOptions: {debuggerAddress: localhost:54114}, handlesAlerts: true, hasTouchScreen: false, javascriptEnabled: true, locationContextEnabled: true, mobileEmulationEnabled: false, nativeEvents: true, networkConnectionEnabled: false, pageLoadStrategy: normal, platform: MAC, platformName: MAC, rotatable: false, setWindowRect: true, takesHeapSnapshot: true, takesScreenshot: true, unexpectedAlertBehaviour: , unhandledPromptBehavior: , version: 69.0.3497.100, webStorageEnabled: true}
Session ID: 01966dce56d1e7dc52eb4322dea99f1e
*** Element info: {Using=xpath, value=//span[@class = 'title-city-text']}
	at Tests.HomePageTest.testRoundTripFlightWithExcelData(HomePageTest.java:90)
</failure>
    <system-out><![CDATA[Before navigating to: 'https://www.expedia.com/'
Navigated to:'https://www.expedia.com/'
Trying to find Element By : By.cssSelector: #tab-flight-tab-hp
Found Element By : By.cssSelector: #tab-flight-tab-hp
Trying to click on: [[ChromeDriver: chrome on MAC (01966dce56d1e7dc52eb4322dea99f1e)] -> css selector: #tab-flight-tab-hp]
Clicked on: [[ChromeDriver: chrome on MAC (01966dce56d1e7dc52eb4322dea99f1e)] -> css selector: #tab-flight-tab-hp]
Trying to find Element By : By.cssSelector: #flight-type-roundtrip-label-hp-flight
Found Element By : By.cssSelector: #flight-type-roundtrip-label-hp-flight
Trying to click on: [[ChromeDriver: chrome on MAC (01966dce56d1e7dc52eb4322dea99f1e)] -> css selector: #flight-type-roundtrip-label-hp-flight]
Clicked on: [[ChromeDriver: chrome on MAC (01966dce56d1e7dc52eb4322dea99f1e)] -> css selector: #flight-type-roundtrip-label-hp-flight]
Trying to find Element By : By.cssSelector: #flight-origin-hp-flight
Found Element By : By.cssSelector: #flight-origin-hp-flight
Trying to find Element By : By.cssSelector: #flight-destination-hp-flight
Found Element By : By.cssSelector: #flight-destination-hp-flight
Trying to find Element By : By.cssSelector: #flight-departing-hp-flight
Found Element By : By.cssSelector: #flight-departing-hp-flight
Trying to find Element By : By.cssSelector: #flight-returning-hp-flight
Found Element By : By.cssSelector: #flight-returning-hp-flight
Trying to find Element By : By.xpath: //form[@id='gcw-flights-form-hp-flight']//button[@type='submit']
Found Element By : By.xpath: //form[@id='gcw-flights-form-hp-flight']//button[@type='submit']
Trying to click on: [[ChromeDriver: chrome on MAC (01966dce56d1e7dc52eb4322dea99f1e)] -> xpath: //form[@id='gcw-flights-form-hp-flight']//button[@type='submit']]
Clicked on: [[ChromeDriver: chrome on MAC (01966dce56d1e7dc52eb4322dea99f1e)] -> xpath: //form[@id='gcw-flights-form-hp-flight']//button[@type='submit']]
Trying to find Element By : By.xpath: //span[@class = 'title-city-text']
Exception occured: org.openqa.selenium.NoSuchElementException: no such element: Unable to locate element: {"method":"xpath","selector":"//span[@class = 'title-city-text']"}
  (Session info: chrome=69.0.3497.100)
  (Driver info: chromedriver=2.42.591059 (a3d9684d10d61aa0c45f6723b327283be1ebaad8),platform=Mac OS X 10.14.0 x86_64) (WARNING: The server did not provide any stacktrace information)
Command duration or timeout: 0 milliseconds
For documentation on this error, please visit: http://seleniumhq.org/exceptions/no_such_element.html
Build info: version: '3.14.0', revision: 'aacccce0', time: '2018-08-02T20:19:58.91Z'
System info: host: 'juneds-MacBook-Pro.local', ip: 'fe80:0:0:0:7b:f7ab:7ac7:59e0%en0', os.name: 'Mac OS X', os.arch: 'x86_64', os.version: '10.14', java.version: '1.8.0_181'
Driver info: org.openqa.selenium.chrome.ChromeDriver
Capabilities {acceptInsecureCerts: false, acceptSslCerts: false, applicationCacheEnabled: false, browserConnectionEnabled: false, browserName: chrome, chrome: {chromedriverVersion: 2.42.591059 (a3d9684d10d61a..., userDataDir: /var/folders/hn/f7wb9_d13yz...}, cssSelectorsEnabled: true, databaseEnabled: false, goog:chromeOptions: {debuggerAddress: localhost:54114}, handlesAlerts: true, hasTouchScreen: false, javascriptEnabled: true, locationContextEnabled: true, mobileEmulationEnabled: false, nativeEvents: true, networkConnectionEnabled: false, pageLoadStrategy: normal, platform: MAC, platformName: MAC, rotatable: false, setWindowRect: true, takesHeapSnapshot: true, takesScreenshot: true, unexpectedAlertBehaviour: , unhandledPromptBehavior: , version: 69.0.3497.100, webStorageEnabled: true}
Session ID: 01966dce56d1e7dc52eb4322dea99f1e
*** Element info: {Using=xpath, value=//span[@class = 'title-city-text']}
]]></system-out>
    <system-err><![CDATA[Starting ChromeDriver 2.42.591059 (a3d9684d10d61aa0c45f6723b327283be1ebaad8) on port 23885
Only local connections are allowed.
Oct 11, 2018 3:38:41 PM org.openqa.selenium.remote.ProtocolHandshake createSession
INFO: Detected dialect: OSS
Oct 11, 2018 3:38:53 PM com.relevantcodes.extentreports.ExtentReports loadConfig
WARNING: Unable to perform report configuration. The file /Users/junedalam/Documents/July2018WebAutomation/Expedia/report-config.xml was not found.
]]></system-err>
  </testcase>
  <testcase name="testRoundTripFlightWithExcelData" classname="Tests.HomePageTest" time="17.807">
    <failure message="no such element: Unable to locate element: {&quot;method&quot;:&quot;xpath&quot;,&quot;selector&quot;:&quot;//span[@class = &apos;title-city-text&apos;]&quot;}&#10;  (Session info: chrome=69.0.3497.100)&#10;  (Driver info: chromedriver=2.42.591059 (a3d9684d10d61aa0c45f6723b327283be1ebaad8),platform=Mac OS X 10.14.0 x86_64) (WARNING: The server did not provide any stacktrace information)&#10;Command duration or timeout: 0 milliseconds&#10;For documentation on this error, please visit: http://seleniumhq.org/exceptions/no_such_element.html&#10;Build info: version: &apos;3.14.0&apos;, revision: &apos;aacccce0&apos;, time: &apos;2018-08-02T20:19:58.91Z&apos;&#10;System info: host: &apos;juneds-MacBook-Pro.local&apos;, ip: &apos;fe80:0:0:0:7b:f7ab:7ac7:59e0%en0&apos;, os.name: &apos;Mac OS X&apos;, os.arch: &apos;x86_64&apos;, os.version: &apos;10.14&apos;, java.version: &apos;1.8.0_181&apos;&#10;Driver info: org.openqa.selenium.chrome.ChromeDriver&#10;Capabilities {acceptInsecureCerts: false, acceptSslCerts: false, applicationCacheEnabled: false, browserConnectionEnabled: false, browserName: chrome, chrome: {chromedriverVersion: 2.42.591059 (a3d9684d10d61a..., userDataDir: /var/folders/hn/f7wb9_d13yz...}, cssSelectorsEnabled: true, databaseEnabled: false, goog:chromeOptions: {debuggerAddress: localhost:54292}, handlesAlerts: true, hasTouchScreen: false, javascriptEnabled: true, locationContextEnabled: true, mobileEmulationEnabled: false, nativeEvents: true, networkConnectionEnabled: false, pageLoadStrategy: normal, platform: MAC, platformName: MAC, rotatable: false, setWindowRect: true, takesHeapSnapshot: true, takesScreenshot: true, unexpectedAlertBehaviour: , unhandledPromptBehavior: , version: 69.0.3497.100, webStorageEnabled: true}&#10;Session ID: 46db793a78dcc3472421e66802c3b44c&#10;*** Element info: {Using=xpath, value=//span[@class = &apos;title-city-text&apos;]}" type="org.openqa.selenium.NoSuchElementException">org.openqa.selenium.NoSuchElementException: 
no such element: Unable to locate element: {"method":"xpath","selector":"//span[@class = 'title-city-text']"}
  (Session info: chrome=69.0.3497.100)
  (Driver info: chromedriver=2.42.591059 (a3d9684d10d61aa0c45f6723b327283be1ebaad8),platform=Mac OS X 10.14.0 x86_64) (WARNING: The server did not provide any stacktrace information)
Command duration or timeout: 0 milliseconds
For documentation on this error, please visit: http://seleniumhq.org/exceptions/no_such_element.html
Build info: version: '3.14.0', revision: 'aacccce0', time: '2018-08-02T20:19:58.91Z'
System info: host: 'juneds-MacBook-Pro.local', ip: 'fe80:0:0:0:7b:f7ab:7ac7:59e0%en0', os.name: 'Mac OS X', os.arch: 'x86_64', os.version: '10.14', java.version: '1.8.0_181'
Driver info: org.openqa.selenium.chrome.ChromeDriver
Capabilities {acceptInsecureCerts: false, acceptSslCerts: false, applicationCacheEnabled: false, browserConnectionEnabled: false, browserName: chrome, chrome: {chromedriverVersion: 2.42.591059 (a3d9684d10d61a..., userDataDir: /var/folders/hn/f7wb9_d13yz...}, cssSelectorsEnabled: true, databaseEnabled: false, goog:chromeOptions: {debuggerAddress: localhost:54292}, handlesAlerts: true, hasTouchScreen: false, javascriptEnabled: true, locationContextEnabled: true, mobileEmulationEnabled: false, nativeEvents: true, networkConnectionEnabled: false, pageLoadStrategy: normal, platform: MAC, platformName: MAC, rotatable: false, setWindowRect: true, takesHeapSnapshot: true, takesScreenshot: true, unexpectedAlertBehaviour: , unhandledPromptBehavior: , version: 69.0.3497.100, webStorageEnabled: true}
Session ID: 46db793a78dcc3472421e66802c3b44c
*** Element info: {Using=xpath, value=//span[@class = 'title-city-text']}
	at Tests.HomePageTest.testRoundTripFlightWithExcelData(HomePageTest.java:90)
</failure>
    <system-out><![CDATA[Before navigating to: 'https://www.expedia.com/'
Navigated to:'https://www.expedia.com/'
Trying to find Element By : By.cssSelector: #tab-flight-tab-hp
Found Element By : By.cssSelector: #tab-flight-tab-hp
Trying to click on: [[ChromeDriver: chrome on MAC (46db793a78dcc3472421e66802c3b44c)] -> css selector: #tab-flight-tab-hp]
Clicked on: [[ChromeDriver: chrome on MAC (46db793a78dcc3472421e66802c3b44c)] -> css selector: #tab-flight-tab-hp]
Trying to find Element By : By.cssSelector: #flight-type-roundtrip-label-hp-flight
Found Element By : By.cssSelector: #flight-type-roundtrip-label-hp-flight
Trying to click on: [[ChromeDriver: chrome on MAC (46db793a78dcc3472421e66802c3b44c)] -> css selector: #flight-type-roundtrip-label-hp-flight]
Clicked on: [[ChromeDriver: chrome on MAC (46db793a78dcc3472421e66802c3b44c)] -> css selector: #flight-type-roundtrip-label-hp-flight]
Trying to find Element By : By.cssSelector: #flight-origin-hp-flight
Found Element By : By.cssSelector: #flight-origin-hp-flight
Trying to find Element By : By.cssSelector: #flight-destination-hp-flight
Found Element By : By.cssSelector: #flight-destination-hp-flight
Trying to find Element By : By.cssSelector: #flight-departing-hp-flight
Found Element By : By.cssSelector: #flight-departing-hp-flight
Trying to find Element By : By.cssSelector: #flight-returning-hp-flight
Found Element By : By.cssSelector: #flight-returning-hp-flight
Trying to find Element By : By.xpath: //form[@id='gcw-flights-form-hp-flight']//button[@type='submit']
Found Element By : By.xpath: //form[@id='gcw-flights-form-hp-flight']//button[@type='submit']
Trying to click on: [[ChromeDriver: chrome on MAC (46db793a78dcc3472421e66802c3b44c)] -> xpath: //form[@id='gcw-flights-form-hp-flight']//button[@type='submit']]
Clicked on: [[ChromeDriver: chrome on MAC (46db793a78dcc3472421e66802c3b44c)] -> xpath: //form[@id='gcw-flights-form-hp-flight']//button[@type='submit']]
Trying to find Element By : By.xpath: //span[@class = 'title-city-text']
Exception occured: org.openqa.selenium.NoSuchElementException: no such element: Unable to locate element: {"method":"xpath","selector":"//span[@class = 'title-city-text']"}
  (Session info: chrome=69.0.3497.100)
  (Driver info: chromedriver=2.42.591059 (a3d9684d10d61aa0c45f6723b327283be1ebaad8),platform=Mac OS X 10.14.0 x86_64) (WARNING: The server did not provide any stacktrace information)
Command duration or timeout: 0 milliseconds
For documentation on this error, please visit: http://seleniumhq.org/exceptions/no_such_element.html
Build info: version: '3.14.0', revision: 'aacccce0', time: '2018-08-02T20:19:58.91Z'
System info: host: 'juneds-MacBook-Pro.local', ip: 'fe80:0:0:0:7b:f7ab:7ac7:59e0%en0', os.name: 'Mac OS X', os.arch: 'x86_64', os.version: '10.14', java.version: '1.8.0_181'
Driver info: org.openqa.selenium.chrome.ChromeDriver
Capabilities {acceptInsecureCerts: false, acceptSslCerts: false, applicationCacheEnabled: false, browserConnectionEnabled: false, browserName: chrome, chrome: {chromedriverVersion: 2.42.591059 (a3d9684d10d61a..., userDataDir: /var/folders/hn/f7wb9_d13yz...}, cssSelectorsEnabled: true, databaseEnabled: false, goog:chromeOptions: {debuggerAddress: localhost:54292}, handlesAlerts: true, hasTouchScreen: false, javascriptEnabled: true, locationContextEnabled: true, mobileEmulationEnabled: false, nativeEvents: true, networkConnectionEnabled: false, pageLoadStrategy: normal, platform: MAC, platformName: MAC, rotatable: false, setWindowRect: true, takesHeapSnapshot: true, takesScreenshot: true, unexpectedAlertBehaviour: , unhandledPromptBehavior: , version: 69.0.3497.100, webStorageEnabled: true}
Session ID: 46db793a78dcc3472421e66802c3b44c
*** Element info: {Using=xpath, value=//span[@class = 'title-city-text']}
]]></system-out>
    <system-err><![CDATA[Starting ChromeDriver 2.42.591059 (a3d9684d10d61aa0c45f6723b327283be1ebaad8) on port 15561
Only local connections are allowed.
Oct 11, 2018 3:39:22 PM org.openqa.selenium.remote.ProtocolHandshake createSession
INFO: Detected dialect: OSS
Oct 11, 2018 3:39:30 PM com.relevantcodes.extentreports.ExtentReports loadConfig
WARNING: Unable to perform report configuration. The file /Users/junedalam/Documents/July2018WebAutomation/Expedia/report-config.xml was not found.
]]></system-err>
  </testcase>
  <testcase name="testRoundTripFlightWithExcelData" classname="Tests.HomePageTest" time="17.523">
    <failure message="no such element: Unable to locate element: {&quot;method&quot;:&quot;xpath&quot;,&quot;selector&quot;:&quot;//span[@class = &apos;title-city-text&apos;]&quot;}&#10;  (Session info: chrome=69.0.3497.100)&#10;  (Driver info: chromedriver=2.42.591059 (a3d9684d10d61aa0c45f6723b327283be1ebaad8),platform=Mac OS X 10.14.0 x86_64) (WARNING: The server did not provide any stacktrace information)&#10;Command duration or timeout: 0 milliseconds&#10;For documentation on this error, please visit: http://seleniumhq.org/exceptions/no_such_element.html&#10;Build info: version: &apos;3.14.0&apos;, revision: &apos;aacccce0&apos;, time: &apos;2018-08-02T20:19:58.91Z&apos;&#10;System info: host: &apos;juneds-MacBook-Pro.local&apos;, ip: &apos;fe80:0:0:0:7b:f7ab:7ac7:59e0%en0&apos;, os.name: &apos;Mac OS X&apos;, os.arch: &apos;x86_64&apos;, os.version: &apos;10.14&apos;, java.version: &apos;1.8.0_181&apos;&#10;Driver info: org.openqa.selenium.chrome.ChromeDriver&#10;Capabilities {acceptInsecureCerts: false, acceptSslCerts: false, applicationCacheEnabled: false, browserConnectionEnabled: false, browserName: chrome, chrome: {chromedriverVersion: 2.42.591059 (a3d9684d10d61a..., userDataDir: /var/folders/hn/f7wb9_d13yz...}, cssSelectorsEnabled: true, databaseEnabled: false, goog:chromeOptions: {debuggerAddress: localhost:54455}, handlesAlerts: true, hasTouchScreen: false, javascriptEnabled: true, locationContextEnabled: true, mobileEmulationEnabled: false, nativeEvents: true, networkConnectionEnabled: false, pageLoadStrategy: normal, platform: MAC, platformName: MAC, rotatable: false, setWindowRect: true, takesHeapSnapshot: true, takesScreenshot: true, unexpectedAlertBehaviour: , unhandledPromptBehavior: , version: 69.0.3497.100, webStorageEnabled: true}&#10;Session ID: fe45e28c3bc7a35034f8b7ddb3f1c81e&#10;*** Element info: {Using=xpath, value=//span[@class = &apos;title-city-text&apos;]}" type="org.openqa.selenium.NoSuchElementException">org.openqa.selenium.NoSuchElementException: 
no such element: Unable to locate element: {"method":"xpath","selector":"//span[@class = 'title-city-text']"}
  (Session info: chrome=69.0.3497.100)
  (Driver info: chromedriver=2.42.591059 (a3d9684d10d61aa0c45f6723b327283be1ebaad8),platform=Mac OS X 10.14.0 x86_64) (WARNING: The server did not provide any stacktrace information)
Command duration or timeout: 0 milliseconds
For documentation on this error, please visit: http://seleniumhq.org/exceptions/no_such_element.html
Build info: version: '3.14.0', revision: 'aacccce0', time: '2018-08-02T20:19:58.91Z'
System info: host: 'juneds-MacBook-Pro.local', ip: 'fe80:0:0:0:7b:f7ab:7ac7:59e0%en0', os.name: 'Mac OS X', os.arch: 'x86_64', os.version: '10.14', java.version: '1.8.0_181'
Driver info: org.openqa.selenium.chrome.ChromeDriver
Capabilities {acceptInsecureCerts: false, acceptSslCerts: false, applicationCacheEnabled: false, browserConnectionEnabled: false, browserName: chrome, chrome: {chromedriverVersion: 2.42.591059 (a3d9684d10d61a..., userDataDir: /var/folders/hn/f7wb9_d13yz...}, cssSelectorsEnabled: true, databaseEnabled: false, goog:chromeOptions: {debuggerAddress: localhost:54455}, handlesAlerts: true, hasTouchScreen: false, javascriptEnabled: true, locationContextEnabled: true, mobileEmulationEnabled: false, nativeEvents: true, networkConnectionEnabled: false, pageLoadStrategy: normal, platform: MAC, platformName: MAC, rotatable: false, setWindowRect: true, takesHeapSnapshot: true, takesScreenshot: true, unexpectedAlertBehaviour: , unhandledPromptBehavior: , version: 69.0.3497.100, webStorageEnabled: true}
Session ID: fe45e28c3bc7a35034f8b7ddb3f1c81e
*** Element info: {Using=xpath, value=//span[@class = 'title-city-text']}
	at Tests.HomePageTest.testRoundTripFlightWithExcelData(HomePageTest.java:90)
</failure>
    <system-out><![CDATA[Before navigating to: 'https://www.expedia.com/'
Navigated to:'https://www.expedia.com/'
Trying to find Element By : By.cssSelector: #tab-flight-tab-hp
Found Element By : By.cssSelector: #tab-flight-tab-hp
Trying to click on: [[ChromeDriver: chrome on MAC (fe45e28c3bc7a35034f8b7ddb3f1c81e)] -> css selector: #tab-flight-tab-hp]
Clicked on: [[ChromeDriver: chrome on MAC (fe45e28c3bc7a35034f8b7ddb3f1c81e)] -> css selector: #tab-flight-tab-hp]
Trying to find Element By : By.cssSelector: #flight-type-roundtrip-label-hp-flight
Found Element By : By.cssSelector: #flight-type-roundtrip-label-hp-flight
Trying to click on: [[ChromeDriver: chrome on MAC (fe45e28c3bc7a35034f8b7ddb3f1c81e)] -> css selector: #flight-type-roundtrip-label-hp-flight]
Clicked on: [[ChromeDriver: chrome on MAC (fe45e28c3bc7a35034f8b7ddb3f1c81e)] -> css selector: #flight-type-roundtrip-label-hp-flight]
Trying to find Element By : By.cssSelector: #flight-origin-hp-flight
Found Element By : By.cssSelector: #flight-origin-hp-flight
Trying to find Element By : By.cssSelector: #flight-destination-hp-flight
Found Element By : By.cssSelector: #flight-destination-hp-flight
Trying to find Element By : By.cssSelector: #flight-departing-hp-flight
Found Element By : By.cssSelector: #flight-departing-hp-flight
Trying to find Element By : By.cssSelector: #flight-returning-hp-flight
Found Element By : By.cssSelector: #flight-returning-hp-flight
Trying to find Element By : By.xpath: //form[@id='gcw-flights-form-hp-flight']//button[@type='submit']
Found Element By : By.xpath: //form[@id='gcw-flights-form-hp-flight']//button[@type='submit']
Trying to click on: [[ChromeDriver: chrome on MAC (fe45e28c3bc7a35034f8b7ddb3f1c81e)] -> xpath: //form[@id='gcw-flights-form-hp-flight']//button[@type='submit']]
Clicked on: [[ChromeDriver: chrome on MAC (fe45e28c3bc7a35034f8b7ddb3f1c81e)] -> xpath: //form[@id='gcw-flights-form-hp-flight']//button[@type='submit']]
Trying to find Element By : By.xpath: //span[@class = 'title-city-text']
Exception occured: org.openqa.selenium.NoSuchElementException: no such element: Unable to locate element: {"method":"xpath","selector":"//span[@class = 'title-city-text']"}
  (Session info: chrome=69.0.3497.100)
  (Driver info: chromedriver=2.42.591059 (a3d9684d10d61aa0c45f6723b327283be1ebaad8),platform=Mac OS X 10.14.0 x86_64) (WARNING: The server did not provide any stacktrace information)
Command duration or timeout: 0 milliseconds
For documentation on this error, please visit: http://seleniumhq.org/exceptions/no_such_element.html
Build info: version: '3.14.0', revision: 'aacccce0', time: '2018-08-02T20:19:58.91Z'
System info: host: 'juneds-MacBook-Pro.local', ip: 'fe80:0:0:0:7b:f7ab:7ac7:59e0%en0', os.name: 'Mac OS X', os.arch: 'x86_64', os.version: '10.14', java.version: '1.8.0_181'
Driver info: org.openqa.selenium.chrome.ChromeDriver
Capabilities {acceptInsecureCerts: false, acceptSslCerts: false, applicationCacheEnabled: false, browserConnectionEnabled: false, browserName: chrome, chrome: {chromedriverVersion: 2.42.591059 (a3d9684d10d61a..., userDataDir: /var/folders/hn/f7wb9_d13yz...}, cssSelectorsEnabled: true, databaseEnabled: false, goog:chromeOptions: {debuggerAddress: localhost:54455}, handlesAlerts: true, hasTouchScreen: false, javascriptEnabled: true, locationContextEnabled: true, mobileEmulationEnabled: false, nativeEvents: true, networkConnectionEnabled: false, pageLoadStrategy: normal, platform: MAC, platformName: MAC, rotatable: false, setWindowRect: true, takesHeapSnapshot: true, takesScreenshot: true, unexpectedAlertBehaviour: , unhandledPromptBehavior: , version: 69.0.3497.100, webStorageEnabled: true}
Session ID: fe45e28c3bc7a35034f8b7ddb3f1c81e
*** Element info: {Using=xpath, value=//span[@class = 'title-city-text']}
]]></system-out>
    <system-err><![CDATA[Starting ChromeDriver 2.42.591059 (a3d9684d10d61aa0c45f6723b327283be1ebaad8) on port 26577
Only local connections are allowed.
Oct 11, 2018 3:39:59 PM org.openqa.selenium.remote.ProtocolHandshake createSession
INFO: Detected dialect: OSS
Oct 11, 2018 3:40:07 PM com.relevantcodes.extentreports.ExtentReports loadConfig
WARNING: Unable to perform report configuration. The file /Users/junedalam/Documents/July2018WebAutomation/Expedia/report-config.xml was not found.
]]></system-err>
  </testcase>
  <testcase name="testRoundTripFlightWithExcelData" classname="Tests.HomePageTest" time="18.881">
[...]
    <failure message="element not interactable&#10;  (Session info: chrome=69.0.3497.100)&#10;  (Driver info: chromedriver=2.42.591059 (a3d9684d10d61aa0c45f6723b327283be1ebaad8),platform=Mac OS X 10.14.0 x86_64) (WARNING: The server did not provide any stacktrace information)&#10;Command duration or timeout: 0 milliseconds&#10;Build info: version: &apos;3.14.0&apos;, revision: &apos;aacccce0&apos;, time: &apos;2018-08-02T20:19:58.91Z&apos;&#10;System info: host: &apos;juneds-MacBook-Pro.local&apos;, ip: &apos;fe80:0:0:0:7b:f7ab:7ac7:59e0%en0&apos;, os.name: &apos;Mac OS X&apos;, os.arch: &apos;x86_64&apos;, os.version: &apos;10.14&apos;, java.version: &apos;1.8.0_181&apos;&#10;Driver info: org.openqa.selenium.chrome.ChromeDriver&#10;Capabilities {acceptInsecureCerts: false, acceptSslCerts: false, applicationCacheEnabled: false, browserConnectionEnabled: false, browserName: chrome, chrome: {chromedriverVersion: 2.42.591059 (a3d9684d10d61a..., userDataDir: /var/folders/hn/f7wb9_d13yz...}, cssSelectorsEnabled: true, databaseEnabled: false, goog:chromeOptions: {debuggerAddress: localhost:57685}, handlesAlerts: true, hasTouchScreen: false, javascriptEnabled: true, locationContextEnabled: true, mobileEmulationEnabled: false, nativeEvents: true, networkConnectionEnabled: false, pageLoadStrategy: normal, platform: MAC, platformName: MAC, rotatable: false, setWindowRect: true, takesHeapSnapshot: true, takesScreenshot: true, unexpectedAlertBehaviour: , unhandledPromptBehavior: , version: 69.0.3497.100, webStorageEnabled: true}&#10;Session ID: df17eeae5384b1278ba695a56f8425f0" type="org.openqa.selenium.ElementNotVisibleException">org.openqa.selenium.ElementNotVisibleException: 
element not interactable
  (Session info: chrome=69.0.3497.100)
  (Driver info: chromedriver=2.42.591059 (a3d9684d10d61aa0c45f6723b327283be1ebaad8),platform=Mac OS X 10.14.0 x86_64) (WARNING: The server did not provide any stacktrace information)
Command duration or timeout: 0 milliseconds
Build info: version: '3.14.0', revision: 'aacccce0', time: '2018-08-02T20:19:58.91Z'
System info: host: 'juneds-MacBook-Pro.local', ip: 'fe80:0:0:0:7b:f7ab:7ac7:59e0%en0', os.name: 'Mac OS X', os.arch: 'x86_64', os.version: '10.14', java.version: '1.8.0_181'
Driver info: org.openqa.selenium.chrome.ChromeDriver
Capabilities {acceptInsecureCerts: false, acceptSslCerts: false, applicationCacheEnabled: false, browserConnectionEnabled: false, browserName: chrome, chrome: {chromedriverVersion: 2.42.591059 (a3d9684d10d61a..., userDataDir: /var/folders/hn/f7wb9_d13yz...}, cssSelectorsEnabled: true, databaseEnabled: false, goog:chromeOptions: {debuggerAddress: localhost:57685}, handlesAlerts: true, hasTouchScreen: false, javascriptEnabled: true, locationContextEnabled: true, mobileEmulationEnabled: false, nativeEvents: true, networkConnectionEnabled: false, pageLoadStrategy: normal, platform: MAC, platformName: MAC, rotatable: false, setWindowRect: true, takesHeapSnapshot: true, takesScreenshot: true, unexpectedAlertBehaviour: , unhandledPromptBehavior: , version: 69.0.3497.100, webStorageEnabled: true}
Session ID: df17eeae5384b1278ba695a56f8425f0
	at Tests.DealsPageTest.hawaiiLinkValidationTest(DealsPageTest.java:53)
</failure>
    <system-out><![CDATA[Before navigating to: 'https://www.expedia.com/'
Navigated to:'https://www.expedia.com/'
Trying to find Element By : By.cssSelector: #primary-header-deals
Found Element By : By.cssSelector: #primary-header-deals
Trying to click on: [[ChromeDriver: chrome on MAC (df17eeae5384b1278ba695a56f8425f0)] -> css selector: #primary-header-deals]
Clicked on: [[ChromeDriver: chrome on MAC (df17eeae5384b1278ba695a56f8425f0)] -> css selector: #primary-header-deals]
Trying to find Element By : By.xpath: //a[@href='http://www.expedia.com/p/info-partner/destinations/hawaii']
Found Element By : By.xpath: //a[@href='http://www.expedia.com/p/info-partner/destinations/hawaii']
Trying to click on: [[ChromeDriver: chrome on MAC (df17eeae5384b1278ba695a56f8425f0)] -> xpath: //a[@href='http://www.expedia.com/p/info-partner/destinations/hawaii']]
Exception occured: org.openqa.selenium.ElementNotVisibleException: element not interactable
  (Session info: chrome=69.0.3497.100)
  (Driver info: chromedriver=2.42.591059 (a3d9684d10d61aa0c45f6723b327283be1ebaad8),platform=Mac OS X 10.14.0 x86_64) (WARNING: The server did not provide any stacktrace information)
Command duration or timeout: 0 milliseconds
Build info: version: '3.14.0', revision: 'aacccce0', time: '2018-08-02T20:19:58.91Z'
System info: host: 'juneds-MacBook-Pro.local', ip: 'fe80:0:0:0:7b:f7ab:7ac7:59e0%en0', os.name: 'Mac OS X', os.arch: 'x86_64', os.version: '10.14', java.version: '1.8.0_181'
Driver info: org.openqa.selenium.chrome.ChromeDriver
Capabilities {acceptInsecureCerts: false, acceptSslCerts: false, applicationCacheEnabled: false, browserConnectionEnabled: false, browserName: chrome, chrome: {chromedriverVersion: 2.42.591059 (a3d9684d10d61a..., userDataDir: /var/folders/hn/f7wb9_d13yz...}, cssSelectorsEnabled: true, databaseEnabled: false, goog:chromeOptions: {debuggerAddress: localhost:57685}, handlesAlerts: true, hasTouchScreen: false, javascriptEnabled: true, locationContextEnabled: true, mobileEmulationEnabled: false, nativeEvents: true, networkConnectionEnabled: false, pageLoadStrategy: normal, platform: MAC, platformName: MAC, rotatable: false, setWindowRect: true, takesHeapSnapshot: true, takesScreenshot: true, unexpectedAlertBehaviour: , unhandledPromptBehavior: , version: 69.0.3497.100, webStorageEnabled: true}
Session ID: df17eeae5384b1278ba695a56f8425f0
]]></system-out>
    <system-err><![CDATA[Starting ChromeDriver 2.42.591059 (a3d9684d10d61aa0c45f6723b327283be1ebaad8) on port 10308
Only local connections are allowed.
Oct 11, 2018 3:51:37 PM org.openqa.selenium.remote.ProtocolHandshake createSession
INFO: Detected dialect: OSS
]]></system-err>
  </testcase>
  <testcase name="headerLabelTextValidationTest" classname="Tests.DealsPageTest" time="0.036"/>
  <testcase name="hotelDealsLabelcolorTest" classname="Tests.DealsPageTest" time="10.183">
    <failure message="no such element: Unable to locate element: {&quot;method&quot;:&quot;id&quot;,&quot;selector&quot;:&quot;&quot;}&#10;  (Session info: chrome=69.0.3497.100)&#10;  (Driver info: chromedriver=2.42.591059 (a3d9684d10d61aa0c45f6723b327283be1ebaad8),platform=Mac OS X 10.14.0 x86_64) (WARNING: The server did not provide any stacktrace information)&#10;Command duration or timeout: 0 milliseconds&#10;For documentation on this error, please visit: http://seleniumhq.org/exceptions/no_such_element.html&#10;Build info: version: &apos;3.14.0&apos;, revision: &apos;aacccce0&apos;, time: &apos;2018-08-02T20:19:58.91Z&apos;&#10;System info: host: &apos;juneds-MacBook-Pro.local&apos;, ip: &apos;fe80:0:0:0:7b:f7ab:7ac7:59e0%en0&apos;, os.name: &apos;Mac OS X&apos;, os.arch: &apos;x86_64&apos;, os.version: &apos;10.14&apos;, java.version: &apos;1.8.0_181&apos;&#10;Driver info: org.openqa.selenium.chrome.ChromeDriver&#10;Capabilities {acceptInsecureCerts: false, acceptSslCerts: false, applicationCacheEnabled: false, browserConnectionEnabled: false, browserName: chrome, chrome: {chromedriverVersion: 2.42.591059 (a3d9684d10d61a..., userDataDir: /var/folders/hn/f7wb9_d13yz...}, cssSelectorsEnabled: true, databaseEnabled: false, goog:chromeOptions: {debuggerAddress: localhost:58071}, handlesAlerts: true, hasTouchScreen: false, javascriptEnabled: true, locationContextEnabled: true, mobileEmulationEnabled: false, nativeEvents: true, networkConnectionEnabled: false, pageLoadStrategy: normal, platform: MAC, platformName: MAC, rotatable: false, setWindowRect: true, takesHeapSnapshot: true, takesScreenshot: true, unexpectedAlertBehaviour: , unhandledPromptBehavior: , version: 69.0.3497.100, webStorageEnabled: true}&#10;Session ID: 1c597298bf7df976bd63ba86dffcb0c3&#10;*** Element info: {Using=id, value=}" type="org.openqa.selenium.NoSuchElementException">org.openqa.selenium.NoSuchElementException: 
no such element: Unable to locate element: {"method":"id","selector":""}
  (Session info: chrome=69.0.3497.100)
  (Driver info: chromedriver=2.42.591059 (a3d9684d10d61aa0c45f6723b327283be1ebaad8),platform=Mac OS X 10.14.0 x86_64) (WARNING: The server did not provide any stacktrace information)
Command duration or timeout: 0 milliseconds
For documentation on this error, please visit: http://seleniumhq.org/exceptions/no_such_element.html
Build info: version: '3.14.0', revision: 'aacccce0', time: '2018-08-02T20:19:58.91Z'
System info: host: 'juneds-MacBook-Pro.local', ip: 'fe80:0:0:0:7b:f7ab:7ac7:59e0%en0', os.name: 'Mac OS X', os.arch: 'x86_64', os.version: '10.14', java.version: '1.8.0_181'
Driver info: org.openqa.selenium.chrome.ChromeDriver
Capabilities {acceptInsecureCerts: false, acceptSslCerts: false, applicationCacheEnabled: false, browserConnectionEnabled: false, browserName: chrome, chrome: {chromedriverVersion: 2.42.591059 (a3d9684d10d61a..., userDataDir: /var/folders/hn/f7wb9_d13yz...}, cssSelectorsEnabled: true, databaseEnabled: false, goog:chromeOptions: {debuggerAddress: localhost:58071}, handlesAlerts: true, hasTouchScreen: false, javascriptEnabled: true, locationContextEnabled: true, mobileEmulationEnabled: false, nativeEvents: true, networkConnectionEnabled: false, pageLoadStrategy: normal, platform: MAC, platformName: MAC, rotatable: false, setWindowRect: true, takesHeapSnapshot: true, takesScreenshot: true, unexpectedAlertBehaviour: , unhandledPromptBehavior: , version: 69.0.3497.100, webStorageEnabled: true}
Session ID: 1c597298bf7df976bd63ba86dffcb0c3
*** Element info: {Using=id, value=}
	at Tests.DealsPageTest.hotelDealsLabelcolorTest(DealsPageTest.java:68)
</failure>
    <system-out><![CDATA[Before navigating to: 'https://www.expedia.com/'
Navigated to:'https://www.expedia.com/'
Trying to find Element By : By.cssSelector: #primary-header-deals
Found Element By : By.cssSelector: #primary-header-deals
Trying to click on: [[ChromeDriver: chrome on MAC (1c597298bf7df976bd63ba86dffcb0c3)] -> css selector: #primary-header-deals]
Clicked on: [[ChromeDriver: chrome on MAC (1c597298bf7df976bd63ba86dffcb0c3)] -> css selector: #primary-header-deals]
Trying to find Element By : By.id: 
Exception occured: org.openqa.selenium.NoSuchElementException: no such element: Unable to locate element: {"method":"id","selector":""}
  (Session info: chrome=69.0.3497.100)
  (Driver info: chromedriver=2.42.591059 (a3d9684d10d61aa0c45f6723b327283be1ebaad8),platform=Mac OS X 10.14.0 x86_64) (WARNING: The server did not provide any stacktrace information)
Command duration or timeout: 0 milliseconds
For documentation on this error, please visit: http://seleniumhq.org/exceptions/no_such_element.html
Build info: version: '3.14.0', revision: 'aacccce0', time: '2018-08-02T20:19:58.91Z'
System info: host: 'juneds-MacBook-Pro.local', ip: 'fe80:0:0:0:7b:f7ab:7ac7:59e0%en0', os.name: 'Mac OS X', os.arch: 'x86_64', os.version: '10.14', java.version: '1.8.0_181'
Driver info: org.openqa.selenium.chrome.ChromeDriver
Capabilities {acceptInsecureCerts: false, acceptSslCerts: false, applicationCacheEnabled: false, browserConnectionEnabled: false, browserName: chrome, chrome: {chromedriverVersion: 2.42.591059 (a3d9684d10d61a..., userDataDir: /var/folders/hn/f7wb9_d13yz...}, cssSelectorsEnabled: true, databaseEnabled: false, goog:chromeOptions: {debuggerAddress: localhost:58071}, handlesAlerts: true, hasTouchScreen: false, javascriptEnabled: true, locationContextEnabled: true, mobileEmulationEnabled: false, nativeEvents: true, networkConnectionEnabled: false, pageLoadStrategy: normal, platform: MAC, platformName: MAC, rotatable: false, setWindowRect: true, takesHeapSnapshot: true, takesScreenshot: true, unexpectedAlertBehaviour: , unhandledPromptBehavior: , version: 69.0.3497.100, webStorageEnabled: true}
Session ID: 1c597298bf7df976bd63ba86dffcb0c3
*** Element info: {Using=id, value=}
]]></system-out>
    <system-err><![CDATA[Starting ChromeDriver 2.42.591059 (a3d9684d10d61aa0c45f6723b327283be1ebaad8) on port 36432
Only local connections are allowed.
Oct 11, 2018 3:53:50 PM org.openqa.selenium.remote.ProtocolHandshake createSession
INFO: Detected dialect: OSS
]]></system-err>
  </testcase>
  <testcase name="hotelsDealsCountTest" classname="Tests.DealsPageTest" time="0.019"/>
  <testcase name="pageTitleValidationTest" classname="Tests.DealsPageTest" time="0.022"/>
  <testcase name="properUrlTest" classname="Tests.DealsPageTest" time="0.03">
    <failure message="expected [view-source:https://www.expedia.com/Deals] but found [https://www.expedia.com/Deals]" type="java.lang.AssertionError">java.lang.AssertionError: expected [view-source:https://www.expedia.com/Deals] but found [https://www.expedia.com/Deals]
	at Tests.DealsPageTest.properUrlTest(DealsPageTest.java:28)
</failure>
    <system-out><![CDATA[Before navigating to: 'https://www.expedia.com/'
Navigated to:'https://www.expedia.com/'
Trying to find Element By : By.cssSelector: #primary-header-deals
Found Element By : By.cssSelector: #primary-header-deals
Trying to click on: [[ChromeDriver: chrome on MAC (eecd62461340795a994062d85bfd08a7)] -> css selector: #primary-header-deals]
Clicked on: [[ChromeDriver: chrome on MAC (eecd62461340795a994062d85bfd08a7)] -> css selector: #primary-header-deals]
]]></system-out>
    <system-err><![CDATA[Starting ChromeDriver 2.42.591059 (a3d9684d10d61aa0c45f6723b327283be1ebaad8) on port 1828
Only local connections are allowed.
Oct 11, 2018 3:55:30 PM org.openqa.selenium.remote.ProtocolHandshake createSession
INFO: Detected dialect: OSS
]]></system-err>
  </testcase>
  <testcase name="skiLinkValidationTest" classname="Tests.DealsPageTest" time="1.29">
    <failure message="element not interactable&#10;  (Session info: chrome=69.0.3497.100)&#10;  (Driver info: chromedriver=2.42.591059 (a3d9684d10d61aa0c45f6723b327283be1ebaad8),platform=Mac OS X 10.14.0 x86_64) (WARNING: The server did not provide any stacktrace information)&#10;Command duration or timeout: 0 milliseconds&#10;Build info: version: &apos;3.14.0&apos;, revision: &apos;aacccce0&apos;, time: &apos;2018-08-02T20:19:58.91Z&apos;&#10;System info: host: &apos;juneds-MacBook-Pro.local&apos;, ip: &apos;fe80:0:0:0:7b:f7ab:7ac7:59e0%en0&apos;, os.name: &apos;Mac OS X&apos;, os.arch: &apos;x86_64&apos;, os.version: &apos;10.14&apos;, java.version: &apos;1.8.0_181&apos;&#10;Driver info: org.openqa.selenium.chrome.ChromeDriver&#10;Capabilities {acceptInsecureCerts: false, acceptSslCerts: false, applicationCacheEnabled: false, browserConnectionEnabled: false, browserName: chrome, chrome: {chromedriverVersion: 2.42.591059 (a3d9684d10d61a..., userDataDir: /var/folders/hn/f7wb9_d13yz...}, cssSelectorsEnabled: true, databaseEnabled: false, goog:chromeOptions: {debuggerAddress: localhost:58835}, handlesAlerts: true, hasTouchScreen: false, javascriptEnabled: true, locationContextEnabled: true, mobileEmulationEnabled: false, nativeEvents: true, networkConnectionEnabled: false, pageLoadStrategy: normal, platform: MAC, platformName: MAC, rotatable: false, setWindowRect: true, takesHeapSnapshot: true, takesScreenshot: true, unexpectedAlertBehaviour: , unhandledPromptBehavior: , version: 69.0.3497.100, webStorageEnabled: true}&#10;Session ID: 8e9974256d61eed4855db3da81291b56" type="org.openqa.selenium.ElementNotVisibleException">org.openqa.selenium.ElementNotVisibleException: 
element not interactable
  (Session info: chrome=69.0.3497.100)
  (Driver info: chromedriver=2.42.591059 (a3d9684d10d61aa0c45f6723b327283be1ebaad8),platform=Mac OS X 10.14.0 x86_64) (WARNING: The server did not provide any stacktrace information)
Command duration or timeout: 0 milliseconds
Build info: version: '3.14.0', revision: 'aacccce0', time: '2018-08-02T20:19:58.91Z'
System info: host: 'juneds-MacBook-Pro.local', ip: 'fe80:0:0:0:7b:f7ab:7ac7:59e0%en0', os.name: 'Mac OS X', os.arch: 'x86_64', os.version: '10.14', java.version: '1.8.0_181'
Driver info: org.openqa.selenium.chrome.ChromeDriver
Capabilities {acceptInsecureCerts: false, acceptSslCerts: false, applicationCacheEnabled: false, browserConnectionEnabled: false, browserName: chrome, chrome: {chromedriverVersion: 2.42.591059 (a3d9684d10d61a..., userDataDir: /var/folders/hn/f7wb9_d13yz...}, cssSelectorsEnabled: true, databaseEnabled: false, goog:chromeOptions: {debuggerAddress: localhost:58835}, handlesAlerts: true, hasTouchScreen: false, javascriptEnabled: true, locationContextEnabled: true, mobileEmulationEnabled: false, nativeEvents: true, networkConnectionEnabled: false, pageLoadStrategy: normal, platform: MAC, platformName: MAC, rotatable: false, setWindowRect: true, takesHeapSnapshot: true, takesScreenshot: true, unexpectedAlertBehaviour: , unhandledPromptBehavior: , version: 69.0.3497.100, webStorageEnabled: true}
Session ID: 8e9974256d61eed4855db3da81291b56
	at Tests.DealsPageTest.skiLinkValidationTest(DealsPageTest.java:58)
</failure>
    <system-out><![CDATA[Before navigating to: 'https://www.expedia.com/'
Navigated to:'https://www.expedia.com/'
Trying to find Element By : By.cssSelector: #primary-header-deals
Found Element By : By.cssSelector: #primary-header-deals
Trying to click on: [[ChromeDriver: chrome on MAC (8e9974256d61eed4855db3da81291b56)] -> css selector: #primary-header-deals]
Clicked on: [[ChromeDriver: chrome on MAC (8e9974256d61eed4855db3da81291b56)] -> css selector: #primary-header-deals]
Trying to find Element By : By.xpath: //a[@href='/g/pt/ms-theme-ski?langid=1033']
Found Element By : By.xpath: //a[@href='/g/pt/ms-theme-ski?langid=1033']
Trying to click on: [[ChromeDriver: chrome on MAC (8e9974256d61eed4855db3da81291b56)] -> xpath: //a[@href='/g/pt/ms-theme-ski?langid=1033']]
Exception occured: org.openqa.selenium.ElementNotVisibleException: element not interactable
  (Session info: chrome=69.0.3497.100)
  (Driver info: chromedriver=2.42.591059 (a3d9684d10d61aa0c45f6723b327283be1ebaad8),platform=Mac OS X 10.14.0 x86_64) (WARNING: The server did not provide any stacktrace information)
Command duration or timeout: 0 milliseconds
Build info: version: '3.14.0', revision: 'aacccce0', time: '2018-08-02T20:19:58.91Z'
System info: host: 'juneds-MacBook-Pro.local', ip: 'fe80:0:0:0:7b:f7ab:7ac7:59e0%en0', os.name: 'Mac OS X', os.arch: 'x86_64', os.version: '10.14', java.version: '1.8.0_181'
Driver info: org.openqa.selenium.chrome.ChromeDriver
Capabilities {acceptInsecureCerts: false, acceptSslCerts: false, applicationCacheEnabled: false, browserConnectionEnabled: false, browserName: chrome, chrome: {chromedriverVersion: 2.42.591059 (a3d9684d10d61a..., userDataDir: /var/folders/hn/f7wb9_d13yz...}, cssSelectorsEnabled: true, databaseEnabled: false, goog:chromeOptions: {debuggerAddress: localhost:58835}, handlesAlerts: true, hasTouchScreen: false, javascriptEnabled: true, locationContextEnabled: true, mobileEmulationEnabled: false, nativeEvents: true, networkConnectionEnabled: false, pageLoadStrategy: normal, platform: MAC, platformName: MAC, rotatable: false, setWindowRect: true, takesHeapSnapshot: true, takesScreenshot: true, unexpectedAlertBehaviour: , unhandledPromptBehavior: , version: 69.0.3497.100, webStorageEnabled: true}
Session ID: 8e9974256d61eed4855db3da81291b56
]]></system-out>
    <system-err><![CDATA[Starting ChromeDriver 2.42.591059 (a3d9684d10d61aa0c45f6723b327283be1ebaad8) on port 7768
Only local connections are allowed.
Oct 11, 2018 3:55:58 PM org.openqa.selenium.remote.ProtocolHandshake createSession
INFO: Detected dialect: OSS
]]></system-err>
  </testcase>
  <testcase name="vacationDealsCountTest" classname="Tests.DealsPageTest" time="0.031"/>
  <testcase name="vacationPakageDealsLabelFontWeightTest" classname="Tests.DealsPageTest" time="0.046"/>
  <testcase name="pageTitleValidationTest" classname="Tests.FlightsPageTest" time="0.033"/>
  <testcase name="properUrlTest" classname="Tests.FlightsPageTest" time="0.004"/>
</testsuite>