<?xml version="1.0" encoding="UTF-8"?>
<testng-results skipped="0" failed="36" ignored="0" total="97" passed="61">
  <reporter-output>
  </reporter-output>
  <suite name="Surefire suite" duration-ms="3256830" started-at="2018-10-11T19:03:58Z" finished-at="2018-10-11T19:58:14Z">
    <groups>
    </groups>
    <test name="Surefire test" duration-ms="3256830" started-at="2018-10-11T19:03:58Z" finished-at="2018-10-11T19:58:14Z">
      <class name="Tests.CarsPageTest">
        <test-method status="PASS" signature="setUp(java.lang.String, java.lang.String, java.lang.String, boolean)[pri:0, instance:Tests.CarsPageTest@1bce4f0a]" name="setUp" is-config="true" duration-ms="7097" started-at="2018-10-11T19:11:33Z" finished-at="2018-10-11T19:11:40Z">
          <params>
            <param index="0">
              <value>
                <![CDATA[Mac]]>
              </value>
            </param>
            <param index="1">
              <value>
                <![CDATA[chrome]]>
              </value>
            </param>
            <param index="2">
              <value>
                <![CDATA[https://www.expedia.com/]]>
              </value>
            </param>
            <param index="3">
              <value>
                <![CDATA[false]]>
              </value>
            </param>
          </params>
          <reporter-output>
          </reporter-output>
        </test-method> <!-- setUp -->
        <test-method status="PASS" signature="setup()[pri:0, instance:Tests.CarsPageTest@1bce4f0a]" name="setup" is-config="true" duration-ms="1761" started-at="2018-10-11T19:11:40Z" finished-at="2018-10-11T19:11:42Z">
          <reporter-output>
          </reporter-output>
        </test-method> <!-- setup -->
        <test-method status="FAIL" signature="testCarFlightTabIsSelected()[pri:0, instance:Tests.CarsPageTest@1bce4f0a]" name="testCarFlightTabIsSelected" duration-ms="896" started-at="2018-10-11T19:11:42Z" finished-at="2018-10-11T19:11:43Z">
          <exception class="java.lang.AssertionError">
            <message>
              <![CDATA[expected [true] but found [false]]]>
            </message>
            <full-stacktrace>
              <![CDATA[java.lang.AssertionError: expected [true] but found [false]
at org.testng.Assert.fail(Assert.java:96)
at org.testng.Assert.failNotEquals(Assert.java:776)
at org.testng.Assert.assertTrue(Assert.java:44)
at org.testng.Assert.assertTrue(Assert.java:54)
at Pages.CarsPage.carFlightTabIsSelected(CarsPage.java:81)
at Tests.CarsPageTest.testCarFlightTabIsSelected(CarsPageTest.java:44)
at sun.reflect.NativeMethodAccessorImpl.invoke0(Native Method)
at sun.reflect.NativeMethodAccessorImpl.invoke(NativeMethodAccessorImpl.java:62)
at sun.reflect.DelegatingMethodAccessorImpl.invoke(DelegatingMethodAccessorImpl.java:43)
at java.lang.reflect.Method.invoke(Method.java:498)
at org.testng.internal.MethodInvocationHelper.invokeMethod(MethodInvocationHelper.java:124)
at org.testng.internal.Invoker.invokeMethod(Invoker.java:583)
at org.testng.internal.Invoker.invokeTestMethod(Invoker.java:719)
at org.testng.internal.Invoker.invokeTestMethods(Invoker.java:989)
at org.testng.internal.TestMethodWorker.invokeTestMethods(TestMethodWorker.java:125)
at org.testng.internal.TestMethodWorker.run(TestMethodWorker.java:109)
at org.testng.TestRunner.privateRun(TestRunner.java:648)
at org.testng.TestRunner.run(TestRunner.java:505)
at org.testng.SuiteRunner.runTest(SuiteRunner.java:455)
at org.testng.SuiteRunner.runSequentially(SuiteRunner.java:450)
at org.testng.SuiteRunner.privateRun(SuiteRunner.java:415)
at org.testng.SuiteRunner.run(SuiteRunner.java:364)
at org.testng.SuiteRunnerWorker.runSuite(SuiteRunnerWorker.java:52)
at org.testng.SuiteRunnerWorker.run(SuiteRunnerWorker.java:84)
at org.testng.TestNG.runSuitesSequentially(TestNG.java:1208)
at org.testng.TestNG.runSuitesLocally(TestNG.java:1137)
at org.testng.TestNG.runSuites(TestNG.java:1049)
at org.testng.TestNG.run(TestNG.java:1017)
at org.apache.maven.surefire.testng.TestNGExecutor.run(TestNGExecutor.java:135)
at org.apache.maven.surefire.testng.TestNGDirectoryTestSuite.executeMulti(TestNGDirectoryTestSuite.java:193)
at org.apache.maven.surefire.testng.TestNGDirectoryTestSuite.execute(TestNGDirectoryTestSuite.java:94)
at org.apache.maven.surefire.testng.TestNGProvider.invoke(TestNGProvider.java:146)
at org.apache.maven.surefire.booter.ForkedBooter.invokeProviderInSameClassLoader(ForkedBooter.java:373)
at org.apache.maven.surefire.booter.ForkedBooter.runSuitesInProcess(ForkedBooter.java:334)
at org.apache.maven.surefire.booter.ForkedBooter.execute(ForkedBooter.java:119)
at org.apache.maven.surefire.booter.ForkedBooter.main(ForkedBooter.java:407)
]]>
            </full-stacktrace>
          </exception> <!-- java.lang.AssertionError -->
          <reporter-output>
          </reporter-output>
        </test-method> <!-- testCarFlightTabIsSelected -->
        <test-method status="PASS" signature="tearDown()[pri:0, instance:Tests.CarsPageTest@1bce4f0a]" name="tearDown" is-config="true" duration-ms="10115" started-at="2018-10-11T19:11:43Z" finished-at="2018-10-11T19:11:53Z">
          <reporter-output>
          </reporter-output>
        </test-method> <!-- tearDown -->
        <test-method status="PASS" signature="setUp(java.lang.String, java.lang.String, java.lang.String, boolean)[pri:0, instance:Tests.CarsPageTest@1bce4f0a]" name="setUp" is-config="true" duration-ms="7813" started-at="2018-10-11T19:11:53Z" finished-at="2018-10-11T19:12:01Z">
          <params>
            <param index="0">
              <value>
                <![CDATA[Mac]]>
              </value>
            </param>
            <param index="1">
              <value>
                <![CDATA[chrome]]>
              </value>
            </param>
            <param index="2">
              <value>
                <![CDATA[https://www.expedia.com/]]>
              </value>
            </param>
            <param index="3">
              <value>
                <![CDATA[false]]>
              </value>
            </param>
          </params>
          <reporter-output>
          </reporter-output>
        </test-method> <!-- setUp -->
        <test-method status="PASS" signature="setup()[pri:0, instance:Tests.CarsPageTest@1bce4f0a]" name="setup" is-config="true" duration-ms="2765" started-at="2018-10-11T19:12:01Z" finished-at="2018-10-11T19:12:04Z">
          <reporter-output>
          </reporter-output>
        </test-method> <!-- setup -->
        <test-method status="FAIL" signature="testCarHotelFlightTabIsSelected()[pri:0, instance:Tests.CarsPageTest@1bce4f0a]" name="testCarHotelFlightTabIsSelected" duration-ms="225" started-at="2018-10-11T19:12:04Z" finished-at="2018-10-11T19:12:04Z">
          <exception class="java.lang.AssertionError">
            <message>
              <![CDATA[expected [true] but found [false]]]>
            </message>
            <full-stacktrace>
              <![CDATA[java.lang.AssertionError: expected [true] but found [false]
at org.testng.Assert.fail(Assert.java:96)
at org.testng.Assert.failNotEquals(Assert.java:776)
at org.testng.Assert.assertTrue(Assert.java:44)
at org.testng.Assert.assertTrue(Assert.java:54)
at Pages.CarsPage.carHotelFlightTabIsSelected(CarsPage.java:76)
at Tests.CarsPageTest.testCarHotelFlightTabIsSelected(CarsPageTest.java:40)
at sun.reflect.NativeMethodAccessorImpl.invoke0(Native Method)
at sun.reflect.NativeMethodAccessorImpl.invoke(NativeMethodAccessorImpl.java:62)
at sun.reflect.DelegatingMethodAccessorImpl.invoke(DelegatingMethodAccessorImpl.java:43)
at java.lang.reflect.Method.invoke(Method.java:498)
at org.testng.internal.MethodInvocationHelper.invokeMethod(MethodInvocationHelper.java:124)
at org.testng.internal.Invoker.invokeMethod(Invoker.java:583)
at org.testng.internal.Invoker.invokeTestMethod(Invoker.java:719)
at org.testng.internal.Invoker.invokeTestMethods(Invoker.java:989)
at org.testng.internal.TestMethodWorker.invokeTestMethods(TestMethodWorker.java:125)
at org.testng.internal.TestMethodWorker.run(TestMethodWorker.java:109)
at org.testng.TestRunner.privateRun(TestRunner.java:648)
at org.testng.TestRunner.run(TestRunner.java:505)
at org.testng.SuiteRunner.runTest(SuiteRunner.java:455)
at org.testng.SuiteRunner.runSequentially(SuiteRunner.java:450)
at org.testng.SuiteRunner.privateRun(SuiteRunner.java:415)
at org.testng.SuiteRunner.run(SuiteRunner.java:364)
at org.testng.SuiteRunnerWorker.runSuite(SuiteRunnerWorker.java:52)
at org.testng.SuiteRunnerWorker.run(SuiteRunnerWorker.java:84)
at org.testng.TestNG.runSuitesSequentially(TestNG.java:1208)
at org.testng.TestNG.runSuitesLocally(TestNG.java:1137)
at org.testng.TestNG.runSuites(TestNG.java:1049)
at org.testng.TestNG.run(TestNG.java:1017)
at org.apache.maven.surefire.testng.TestNGExecutor.run(TestNGExecutor.java:135)
at org.apache.maven.surefire.testng.TestNGDirectoryTestSuite.executeMulti(TestNGDirectoryTestSuite.java:193)
at org.apache.maven.surefire.testng.TestNGDirectoryTestSuite.execute(TestNGDirectoryTestSuite.java:94)
at org.apache.maven.surefire.testng.TestNGProvider.invoke(TestNGProvider.java:146)
at org.apache.maven.surefire.booter.ForkedBooter.invokeProviderInSameClassLoader(ForkedBooter.java:373)
at org.apache.maven.surefire.booter.ForkedBooter.runSuitesInProcess(ForkedBooter.java:334)
at org.apache.maven.surefire.booter.ForkedBooter.execute(ForkedBooter.java:119)
at org.apache.maven.surefire.booter.ForkedBooter.main(ForkedBooter.java:407)
]]>
            </full-stacktrace>
          </exception> <!-- java.lang.AssertionError -->
          <reporter-output>
          </reporter-output>
        </test-method> <!-- testCarHotelFlightTabIsSelected -->
        <test-method status="PASS" signature="tearDown()[pri:0, instance:Tests.CarsPageTest@1bce4f0a]" name="tearDown" is-config="true" duration-ms="10113" started-at="2018-10-11T19:12:04Z" finished-at="2018-10-11T19:12:14Z">
          <reporter-output>
          </reporter-output>
        </test-method> <!-- tearDown -->
        <test-method status="PASS" signature="setUp(java.lang.String, java.lang.String, java.lang.String, boolean)[pri:0, instance:Tests.CarsPageTest@1bce4f0a]" name="setUp" is-config="true" duration-ms="7047" started-at="2018-10-11T19:12:14Z" finished-at="2018-10-11T19:12:21Z">
          <params>
            <param index="0">
              <value>
                <![CDATA[Mac]]>
              </value>
            </param>
            <param index="1">
              <value>
                <![CDATA[chrome]]>
              </value>
            </param>
            <param index="2">
              <value>
                <![CDATA[https://www.expedia.com/]]>
              </value>
            </param>
            <param index="3">
              <value>
                <![CDATA[false]]>
              </value>
            </param>
          </params>
          <reporter-output>
          </reporter-output>
        </test-method> <!-- setUp -->
        <test-method status="PASS" signature="setup()[pri:0, instance:Tests.CarsPageTest@1bce4f0a]" name="setup" is-config="true" duration-ms="2927" started-at="2018-10-11T19:12:21Z" finished-at="2018-10-11T19:12:24Z">
          <reporter-output>
          </reporter-output>
        </test-method> <!-- setup -->
        <test-method status="FAIL" signature="testCarHotelTabIsSelected()[pri:0, instance:Tests.CarsPageTest@1bce4f0a]" name="testCarHotelTabIsSelected" duration-ms="246" started-at="2018-10-11T19:12:24Z" finished-at="2018-10-11T19:12:24Z">
          <exception class="java.lang.AssertionError">
            <message>
              <![CDATA[expected [true] but found [false]]]>
            </message>
            <full-stacktrace>
              <![CDATA[java.lang.AssertionError: expected [true] but found [false]
at org.testng.Assert.fail(Assert.java:96)
at org.testng.Assert.failNotEquals(Assert.java:776)
at org.testng.Assert.assertTrue(Assert.java:44)
at org.testng.Assert.assertTrue(Assert.java:54)
at Pages.CarsPage.carHotelTabIsSelected(CarsPage.java:71)
at Tests.CarsPageTest.testCarHotelTabIsSelected(CarsPageTest.java:36)
at sun.reflect.NativeMethodAccessorImpl.invoke0(Native Method)
at sun.reflect.NativeMethodAccessorImpl.invoke(NativeMethodAccessorImpl.java:62)
at sun.reflect.DelegatingMethodAccessorImpl.invoke(DelegatingMethodAccessorImpl.java:43)
at java.lang.reflect.Method.invoke(Method.java:498)
at org.testng.internal.MethodInvocationHelper.invokeMethod(MethodInvocationHelper.java:124)
at org.testng.internal.Invoker.invokeMethod(Invoker.java:583)
at org.testng.internal.Invoker.invokeTestMethod(Invoker.java:719)
at org.testng.internal.Invoker.invokeTestMethods(Invoker.java:989)
at org.testng.internal.TestMethodWorker.invokeTestMethods(TestMethodWorker.java:125)
at org.testng.internal.TestMethodWorker.run(TestMethodWorker.java:109)
at org.testng.TestRunner.privateRun(TestRunner.java:648)
at org.testng.TestRunner.run(TestRunner.java:505)
at org.testng.SuiteRunner.runTest(SuiteRunner.java:455)
at org.testng.SuiteRunner.runSequentially(SuiteRunner.java:450)
at org.testng.SuiteRunner.privateRun(SuiteRunner.java:415)
at org.testng.SuiteRunner.run(SuiteRunner.java:364)
at org.testng.SuiteRunnerWorker.runSuite(SuiteRunnerWorker.java:52)
at org.testng.SuiteRunnerWorker.run(SuiteRunnerWorker.java:84)
at org.testng.TestNG.runSuitesSequentially(TestNG.java:1208)
at org.testng.TestNG.runSuitesLocally(TestNG.java:1137)
at org.testng.TestNG.runSuites(TestNG.java:1049)
at org.testng.TestNG.run(TestNG.java:1017)
at org.apache.maven.surefire.testng.TestNGExecutor.run(TestNGExecutor.java:135)
at org.apache.maven.surefire.testng.TestNGDirectoryTestSuite.executeMulti(TestNGDirectoryTestSuite.java:193)
at org.apache.maven.surefire.testng.TestNGDirectoryTestSuite.execute(TestNGDirectoryTestSuite.java:94)
at org.apache.maven.surefire.testng.TestNGProvider.invoke(TestNGProvider.java:146)
at org.apache.maven.surefire.booter.ForkedBooter.invokeProviderInSameClassLoader(ForkedBooter.java:373)
at org.apache.maven.surefire.booter.ForkedBooter.runSuitesInProcess(ForkedBooter.java:334)
at org.apache.maven.surefire.booter.ForkedBooter.execute(ForkedBooter.java:119)
at org.apache.maven.surefire.booter.ForkedBooter.main(ForkedBooter.java:407)
]]>
            </full-stacktrace>
          </exception> <!-- java.lang.AssertionError -->
          <reporter-output>
          </reporter-output>
        </test-method> <!-- testCarHotelTabIsSelected -->
        <test-method status="PASS" signature="tearDown()[pri:0, instance:Tests.CarsPageTest@1bce4f0a]" name="tearDown" is-config="true" duration-ms="10114" started-at="2018-10-11T19:12:24Z" finished-at="2018-10-11T19:12:34Z">
          <reporter-output>
          </reporter-output>
        </test-method> <!-- tearDown -->
        <test-method status="PASS" signature="setUp(java.lang.String, java.lang.String, java.lang.String, boolean)[pri:0, instance:Tests.CarsPageTest@1bce4f0a]" name="setUp" is-config="true" duration-ms="6726" started-at="2018-10-11T19:12:34Z" finished-at="2018-10-11T19:12:41Z">
          <params>
            <param index="0">
              <value>
                <![CDATA[Mac]]>
              </value>
            </param>
            <param index="1">
              <value>
                <![CDATA[chrome]]>
              </value>
            </param>
            <param index="2">
              <value>
                <![CDATA[https://www.expedia.com/]]>
              </value>
            </param>
            <param index="3">
              <value>
                <![CDATA[false]]>
              </value>
            </param>
          </params>
          <reporter-output>
          </reporter-output>
        </test-method> <!-- setUp -->
        <test-method status="PASS" signature="setup()[pri:0, instance:Tests.CarsPageTest@1bce4f0a]" name="setup" is-config="true" duration-ms="2858" started-at="2018-10-11T19:12:41Z" finished-at="2018-10-11T19:12:44Z">
          <reporter-output>
          </reporter-output>
        </test-method> <!-- setup -->
        <test-method status="PASS" signature="testCarPageBannerIsDisplayed()[pri:0, instance:Tests.CarsPageTest@1bce4f0a]" name="testCarPageBannerIsDisplayed" duration-ms="43" started-at="2018-10-11T19:12:44Z" finished-at="2018-10-11T19:12:44Z">
          <reporter-output>
          </reporter-output>
        </test-method> <!-- testCarPageBannerIsDisplayed -->
        <test-method status="PASS" signature="tearDown()[pri:0, instance:Tests.CarsPageTest@1bce4f0a]" name="tearDown" is-config="true" duration-ms="10112" started-at="2018-10-11T19:12:44Z" finished-at="2018-10-11T19:12:54Z">
          <reporter-output>
          </reporter-output>
        </test-method> <!-- tearDown -->
        <test-method status="PASS" signature="setUp(java.lang.String, java.lang.String, java.lang.String, boolean)[pri:0, instance:Tests.CarsPageTest@1bce4f0a]" name="setUp" is-config="true" duration-ms="7059" started-at="2018-10-11T19:12:54Z" finished-at="2018-10-11T19:13:01Z">
          <params>
            <param index="0">
              <value>
                <![CDATA[Mac]]>
              </value>
            </param>
            <param index="1">
              <value>
                <![CDATA[chrome]]>
              </value>
            </param>
            <param index="2">
              <value>
                <![CDATA[https://www.expedia.com/]]>
              </value>
            </param>
            <param index="3">
              <value>
                <![CDATA[false]]>
              </value>
            </param>
          </params>
          <reporter-output>
          </reporter-output>
        </test-method> <!-- setUp -->
        <test-method status="PASS" signature="setup()[pri:0, instance:Tests.CarsPageTest@1bce4f0a]" name="setup" is-config="true" duration-ms="1836" started-at="2018-10-11T19:13:01Z" finished-at="2018-10-11T19:13:03Z">
          <reporter-output>
          </reporter-output>
        </test-method> <!-- setup -->
        <test-method status="PASS" signature="testCarPageBannerValidText()[pri:0, instance:Tests.CarsPageTest@1bce4f0a]" name="testCarPageBannerValidText" duration-ms="893" started-at="2018-10-11T19:13:03Z" finished-at="2018-10-11T19:13:04Z">
          <reporter-output>
          </reporter-output>
        </test-method> <!-- testCarPageBannerValidText -->
        <test-method status="PASS" signature="tearDown()[pri:0, instance:Tests.CarsPageTest@1bce4f0a]" name="tearDown" is-config="true" duration-ms="10128" started-at="2018-10-11T19:13:04Z" finished-at="2018-10-11T19:13:14Z">
          <reporter-output>
          </reporter-output>
        </test-method> <!-- tearDown -->
        <test-method status="PASS" signature="setUp(java.lang.String, java.lang.String, java.lang.String, boolean)[pri:0, instance:Tests.CarsPageTest@1bce4f0a]" name="setUp" is-config="true" duration-ms="4204" started-at="2018-10-11T19:13:14Z" finished-at="2018-10-11T19:13:18Z">
          <params>
            <param index="0">
              <value>
                <![CDATA[Mac]]>
              </value>
            </param>
            <param index="1">
              <value>
                <![CDATA[chrome]]>
              </value>
            </param>
            <param index="2">
              <value>
                <![CDATA[https://www.expedia.com/]]>
              </value>
            </param>
            <param index="3">
              <value>
                <![CDATA[false]]>
              </value>
            </param>
          </params>
          <reporter-output>
          </reporter-output>
        </test-method> <!-- setUp -->
        <test-method status="PASS" signature="setup()[pri:0, instance:Tests.CarsPageTest@1bce4f0a]" name="setup" is-config="true" duration-ms="3320" started-at="2018-10-11T19:13:18Z" finished-at="2018-10-11T19:13:22Z">
          <reporter-output>
          </reporter-output>
        </test-method> <!-- setup -->
        <test-method status="PASS" signature="testCarTabIsUnderLined()[pri:0, instance:Tests.CarsPageTest@1bce4f0a]" name="testCarTabIsUnderLined" duration-ms="61" started-at="2018-10-11T19:13:22Z" finished-at="2018-10-11T19:13:22Z">
          <reporter-output>
          </reporter-output>
        </test-method> <!-- testCarTabIsUnderLined -->
        <test-method status="PASS" signature="tearDown()[pri:0, instance:Tests.CarsPageTest@1bce4f0a]" name="tearDown" is-config="true" duration-ms="10117" started-at="2018-10-11T19:13:22Z" finished-at="2018-10-11T19:13:32Z">
          <reporter-output>
          </reporter-output>
        </test-method> <!-- tearDown -->
        <test-method status="PASS" signature="setUp(java.lang.String, java.lang.String, java.lang.String, boolean)[pri:0, instance:Tests.CarsPageTest@1bce4f0a]" name="setUp" is-config="true" duration-ms="6860" started-at="2018-10-11T19:13:32Z" finished-at="2018-10-11T19:13:39Z">
          <params>
            <param index="0">
              <value>
                <![CDATA[Mac]]>
              </value>
            </param>
            <param index="1">
              <value>
                <![CDATA[chrome]]>
              </value>
            </param>
            <param index="2">
              <value>
                <![CDATA[https://www.expedia.com/]]>
              </value>
            </param>
            <param index="3">
              <value>
                <![CDATA[false]]>
              </value>
            </param>
          </params>
          <reporter-output>
          </reporter-output>
        </test-method> <!-- setUp -->
        <test-method status="PASS" signature="setup()[pri:0, instance:Tests.CarsPageTest@1bce4f0a]" name="setup" is-config="true" duration-ms="1746" started-at="2018-10-11T19:13:39Z" finished-at="2018-10-11T19:13:40Z">
          <reporter-output>
          </reporter-output>
        </test-method> <!-- setup -->
        <test-method status="FAIL" signature="testCheckboxSelection()[pri:0, instance:Tests.CarsPageTest@1bce4f0a]" name="testCheckboxSelection" duration-ms="2482" started-at="2018-10-11T19:13:40Z" finished-at="2018-10-11T19:13:43Z">
          <exception class="org.openqa.selenium.ElementNotVisibleException">
            <message>
              <![CDATA[element not interactable
  (Session info: chrome=69.0.3497.100)
  (Driver info: chromedriver=2.42.591059 (a3d9684d10d61aa0c45f6723b327283be1ebaad8),platform=Mac OS X 10.14.0 x86_64) (WARNING: The server did not provide any stacktrace information)
Command duration or timeout: 0 milliseconds
Build info: version: '3.14.0', revision: 'aacccce0', time: '2018-08-02T20:19:58.91Z'
System info: host: 'juneds-MacBook-Pro.local', ip: 'fe80:0:0:0:7b:f7ab:7ac7:59e0%en0', os.name: 'Mac OS X', os.arch: 'x86_64', os.version: '10.14', java.version: '1.8.0_181'
Driver info: org.openqa.selenium.chrome.ChromeDriver
Capabilities {acceptInsecureCerts: false, acceptSslCerts: false, applicationCacheEnabled: false, browserConnectionEnabled: false, browserName: chrome, chrome: {chromedriverVersion: 2.42.591059 (a3d9684d10d61a..., userDataDir: /var/folders/hn/f7wb9_d13yz...}, cssSelectorsEnabled: true, databaseEnabled: false, goog:chromeOptions: {debuggerAddress: localhost:63263}, handlesAlerts: true, hasTouchScreen: false, javascriptEnabled: true, locationContextEnabled: true, mobileEmulationEnabled: false, nativeEvents: true, networkConnectionEnabled: false, pageLoadStrategy: normal, platform: MAC, platformName: MAC, rotatable: false, setWindowRect: true, takesHeapSnapshot: true, takesScreenshot: true, unexpectedAlertBehaviour: , unhandledPromptBehavior: , version: 69.0.3497.100, webStorageEnabled: true}
Session ID: fb2a52d290896dda353461be95d358d5]]>
            </message>
            <full-stacktrace>
              <![CDATA[org.openqa.selenium.ElementNotVisibleException: element not interactable
  (Session info: chrome=69.0.3497.100)
  (Driver info: chromedriver=2.42.591059 (a3d9684d10d61aa0c45f6723b327283be1ebaad8),platform=Mac OS X 10.14.0 x86_64) (WARNING: The server did not provide any stacktrace information)
Command duration or timeout: 0 milliseconds
Build info: version: '3.14.0', revision: 'aacccce0', time: '2018-08-02T20:19:58.91Z'
System info: host: 'juneds-MacBook-Pro.local', ip: 'fe80:0:0:0:7b:f7ab:7ac7:59e0%en0', os.name: 'Mac OS X', os.arch: 'x86_64', os.version: '10.14', java.version: '1.8.0_181'
Driver info: org.openqa.selenium.chrome.ChromeDriver
Capabilities {acceptInsecureCerts: false, acceptSslCerts: false, applicationCacheEnabled: false, browserConnectionEnabled: false, browserName: chrome, chrome: {chromedriverVersion: 2.42.591059 (a3d9684d10d61a..., userDataDir: /var/folders/hn/f7wb9_d13yz...}, cssSelectorsEnabled: true, databaseEnabled: false, goog:chromeOptions: {debuggerAddress: localhost:63263}, handlesAlerts: true, hasTouchScreen: false, javascriptEnabled: true, locationContextEnabled: true, mobileEmulationEnabled: false, nativeEvents: true, networkConnectionEnabled: false, pageLoadStrategy: normal, platform: MAC, platformName: MAC, rotatable: false, setWindowRect: true, takesHeapSnapshot: true, takesScreenshot: true, unexpectedAlertBehaviour: , unhandledPromptBehavior: , version: 69.0.3497.100, webStorageEnabled: true}
Session ID: fb2a52d290896dda353461be95d358d5
at sun.reflect.NativeConstructorAccessorImpl.newInstance0(Native Method)
at sun.reflect.NativeConstructorAccessorImpl.newInstance(NativeConstructorAccessorImpl.java:62)
at sun.reflect.DelegatingConstructorAccessorImpl.newInstance(DelegatingConstructorAccessorImpl.java:45)
at java.lang.reflect.Constructor.newInstance(Constructor.java:423)
at org.openqa.selenium.remote.ErrorHandler.createThrowable(ErrorHandler.java:214)
at org.openqa.selenium.remote.ErrorHandler.throwIfResponseFailed(ErrorHandler.java:166)
at org.openqa.selenium.remote.http.JsonHttpResponseCodec.reconstructValue(JsonHttpResponseCodec.java:40)
at org.openqa.selenium.remote.http.AbstractHttpResponseCodec.decode(AbstractHttpResponseCodec.java:80)
at org.openqa.selenium.remote.http.AbstractHttpResponseCodec.decode(AbstractHttpResponseCodec.java:44)
at org.openqa.selenium.remote.HttpCommandExecutor.execute(HttpCommandExecutor.java:158)
at org.openqa.selenium.remote.service.DriverCommandExecutor.execute(DriverCommandExecutor.java:83)
at org.openqa.selenium.remote.RemoteWebDriver.execute(RemoteWebDriver.java:548)
at org.openqa.selenium.remote.RemoteWebElement.execute(RemoteWebElement.java:276)
at org.openqa.selenium.remote.RemoteWebElement.click(RemoteWebElement.java:83)
at sun.reflect.GeneratedMethodAccessor4.invoke(Unknown Source)
at sun.reflect.DelegatingMethodAccessorImpl.invoke(DelegatingMethodAccessorImpl.java:43)
at java.lang.reflect.Method.invoke(Method.java:498)
at org.openqa.selenium.support.events.EventFiringWebDriver$EventFiringWebElement.lambda$new$0(EventFiringWebDriver.java:403)
at com.sun.proxy.$Proxy13.click(Unknown Source)
at org.openqa.selenium.support.events.EventFiringWebDriver$EventFiringWebElement.click(EventFiringWebDriver.java:416)
at sun.reflect.GeneratedMethodAccessor4.invoke(Unknown Source)
at sun.reflect.DelegatingMethodAccessorImpl.invoke(DelegatingMethodAccessorImpl.java:43)
at java.lang.reflect.Method.invoke(Method.java:498)
at org.openqa.selenium.support.pagefactory.internal.LocatingElementHandler.invoke(LocatingElementHandler.java:51)
at com.sun.proxy.$Proxy12.click(Unknown Source)
at Pages.CarsPage.checkboxSelection(CarsPage.java:90)
at Tests.CarsPageTest.testCheckboxSelection(CarsPageTest.java:52)
at sun.reflect.NativeMethodAccessorImpl.invoke0(Native Method)
at sun.reflect.NativeMethodAccessorImpl.invoke(NativeMethodAccessorImpl.java:62)
at sun.reflect.DelegatingMethodAccessorImpl.invoke(DelegatingMethodAccessorImpl.java:43)
at java.lang.reflect.Method.invoke(Method.java:498)
at org.testng.internal.MethodInvocationHelper.invokeMethod(MethodInvocationHelper.java:124)
at org.testng.internal.Invoker.invokeMethod(Invoker.java:583)
at org.testng.internal.Invoker.invokeTestMethod(Invoker.java:719)
at org.testng.internal.Invoker.invokeTestMethods(Invoker.java:989)
at org.testng.internal.TestMethodWorker.invokeTestMethods(TestMethodWorker.java:125)
at org.testng.internal.TestMethodWorker.run(TestMethodWorker.java:109)
at org.testng.TestRunner.privateRun(TestRunner.java:648)
at org.testng.TestRunner.run(TestRunner.java:505)
at org.testng.SuiteRunner.runTest(SuiteRunner.java:455)
at org.testng.SuiteRunner.runSequentially(SuiteRunner.java:450)
at org.testng.SuiteRunner.privateRun(SuiteRunner.java:415)
at org.testng.SuiteRunner.run(SuiteRunner.java:364)
at org.testng.SuiteRunnerWorker.runSuite(SuiteRunnerWorker.java:52)
at org.testng.SuiteRunnerWorker.run(SuiteRunnerWorker.java:84)
at org.testng.TestNG.runSuitesSequentially(TestNG.java:1208)
at org.testng.TestNG.runSuitesLocally(TestNG.java:1137)
at org.testng.TestNG.runSuites(TestNG.java:1049)
at org.testng.TestNG.run(TestNG.java:1017)
at org.apache.maven.surefire.testng.TestNGExecutor.run(TestNGExecutor.java:135)
at org.apache.maven.surefire.testng.TestNGDirectoryTestSuite.executeMulti(TestNGDirectoryTestSuite.java:193)
at org.apache.maven.surefire.testng.TestNGDirectoryTestSuite.execute(TestNGDirectoryTestSuite.java:94)
at org.apache.maven.surefire.testng.TestNGProvider.invoke(TestNGProvider.java:146)
at org.apache.maven.surefire.booter.ForkedBooter.invokeProviderInSameClassLoader(ForkedBooter.java:373)
at org.apache.maven.surefire.booter.ForkedBooter.runSuitesInProcess(ForkedBooter.java:334)
at org.apache.maven.surefire.booter.ForkedBooter.execute(ForkedBooter.java:119)
at org.apache.maven.surefire.booter.ForkedBooter.main(ForkedBooter.java:407)
]]>
            </full-stacktrace>
          </exception> <!-- org.openqa.selenium.ElementNotVisibleException -->
          <reporter-output>
          </reporter-output>
        </test-method> <!-- testCheckboxSelection -->
        <test-method status="PASS" signature="tearDown()[pri:0, instance:Tests.CarsPageTest@1bce4f0a]" name="tearDown" is-config="true" duration-ms="10150" started-at="2018-10-11T19:13:43Z" finished-at="2018-10-11T19:13:53Z">
          <reporter-output>
          </reporter-output>
        </test-method> <!-- tearDown -->
        <test-method status="PASS" signature="setUp(java.lang.String, java.lang.String, java.lang.String, boolean)[pri:0, instance:Tests.CarsPageTest@1bce4f0a]" name="setUp" is-config="true" duration-ms="8039" started-at="2018-10-11T19:13:53Z" finished-at="2018-10-11T19:14:01Z">
          <params>
            <param index="0">
              <value>
                <![CDATA[Mac]]>
              </value>
            </param>
            <param index="1">
              <value>
                <![CDATA[chrome]]>
              </value>
            </param>
            <param index="2">
              <value>
                <![CDATA[https://www.expedia.com/]]>
              </value>
            </param>
            <param index="3">
              <value>
                <![CDATA[false]]>
              </value>
            </param>
          </params>
          <reporter-output>
          </reporter-output>
        </test-method> <!-- setUp -->
        <test-method status="PASS" signature="setup()[pri:0, instance:Tests.CarsPageTest@1bce4f0a]" name="setup" is-config="true" duration-ms="2751" started-at="2018-10-11T19:14:01Z" finished-at="2018-10-11T19:14:04Z">
          <reporter-output>
          </reporter-output>
        </test-method> <!-- setup -->
        <test-method status="PASS" signature="testDomesticRentalsLabelFont()[pri:0, instance:Tests.CarsPageTest@1bce4f0a]" name="testDomesticRentalsLabelFont" duration-ms="61" started-at="2018-10-11T19:14:04Z" finished-at="2018-10-11T19:14:04Z">
          <reporter-output>
          </reporter-output>
        </test-method> <!-- testDomesticRentalsLabelFont -->
        <test-method status="PASS" signature="tearDown()[pri:0, instance:Tests.CarsPageTest@1bce4f0a]" name="tearDown" is-config="true" duration-ms="10115" started-at="2018-10-11T19:14:04Z" finished-at="2018-10-11T19:14:14Z">
          <reporter-output>
          </reporter-output>
        </test-method> <!-- tearDown -->
        <test-method status="PASS" signature="setUp(java.lang.String, java.lang.String, java.lang.String, boolean)[pri:0, instance:Tests.CarsPageTest@1bce4f0a]" name="setUp" is-config="true" duration-ms="7560" started-at="2018-10-11T19:14:14Z" finished-at="2018-10-11T19:14:21Z">
          <params>
            <param index="0">
              <value>
                <![CDATA[Mac]]>
              </value>
            </param>
            <param index="1">
              <value>
                <![CDATA[chrome]]>
              </value>
            </param>
            <param index="2">
              <value>
                <![CDATA[https://www.expedia.com/]]>
              </value>
            </param>
            <param index="3">
              <value>
                <![CDATA[false]]>
              </value>
            </param>
          </params>
          <reporter-output>
          </reporter-output>
        </test-method> <!-- setUp -->
        <test-method status="PASS" signature="setup()[pri:0, instance:Tests.CarsPageTest@1bce4f0a]" name="setup" is-config="true" duration-ms="1833" started-at="2018-10-11T19:14:21Z" finished-at="2018-10-11T19:14:23Z">
          <reporter-output>
          </reporter-output>
        </test-method> <!-- setup -->
        <test-method status="PASS" signature="testDomesticRentalsListCount()[pri:0, instance:Tests.CarsPageTest@1bce4f0a]" name="testDomesticRentalsListCount" duration-ms="95" started-at="2018-10-11T19:14:23Z" finished-at="2018-10-11T19:14:23Z">
          <reporter-output>
          </reporter-output>
        </test-method> <!-- testDomesticRentalsListCount -->
        <test-method status="PASS" signature="tearDown()[pri:0, instance:Tests.CarsPageTest@1bce4f0a]" name="tearDown" is-config="true" duration-ms="10138" started-at="2018-10-11T19:14:23Z" finished-at="2018-10-11T19:14:34Z">
          <reporter-output>
          </reporter-output>
        </test-method> <!-- tearDown -->
        <test-method status="PASS" signature="setUp(java.lang.String, java.lang.String, java.lang.String, boolean)[pri:0, instance:Tests.CarsPageTest@1bce4f0a]" name="setUp" is-config="true" duration-ms="7686" started-at="2018-10-11T19:14:34Z" finished-at="2018-10-11T19:14:41Z">
          <params>
            <param index="0">
              <value>
                <![CDATA[Mac]]>
              </value>
            </param>
            <param index="1">
              <value>
                <![CDATA[chrome]]>
              </value>
            </param>
            <param index="2">
              <value>
                <![CDATA[https://www.expedia.com/]]>
              </value>
            </param>
            <param index="3">
              <value>
                <![CDATA[false]]>
              </value>
            </param>
          </params>
          <reporter-output>
          </reporter-output>
        </test-method> <!-- setUp -->
        <test-method status="PASS" signature="setup()[pri:0, instance:Tests.CarsPageTest@1bce4f0a]" name="setup" is-config="true" duration-ms="1873" started-at="2018-10-11T19:14:41Z" finished-at="2018-10-11T19:14:43Z">
          <reporter-output>
          </reporter-output>
        </test-method> <!-- setup -->
        <test-method status="FAIL" signature="testInternationalRentalCarsHeight()[pri:0, instance:Tests.CarsPageTest@1bce4f0a]" name="testInternationalRentalCarsHeight" duration-ms="2186" started-at="2018-10-11T19:14:43Z" finished-at="2018-10-11T19:14:45Z">
          <exception class="java.lang.AssertionError">
            <message>
              <![CDATA[expected [1.75] but found [26.25px]]]>
            </message>
            <full-stacktrace>
              <![CDATA[java.lang.AssertionError: expected [1.75] but found [26.25px]
at org.testng.Assert.fail(Assert.java:96)
at org.testng.Assert.failNotEquals(Assert.java:776)
at org.testng.Assert.assertEqualsImpl(Assert.java:137)
at org.testng.Assert.assertEquals(Assert.java:118)
at org.testng.Assert.assertEquals(Assert.java:453)
at org.testng.Assert.assertEquals(Assert.java:463)
at Pages.CarsPage.internationalRentalCarsLineHeight(CarsPage.java:102)
at Tests.CarsPageTest.testInternationalRentalCarsHeight(CarsPageTest.java:60)
at sun.reflect.NativeMethodAccessorImpl.invoke0(Native Method)
at sun.reflect.NativeMethodAccessorImpl.invoke(NativeMethodAccessorImpl.java:62)
at sun.reflect.DelegatingMethodAccessorImpl.invoke(DelegatingMethodAccessorImpl.java:43)
at java.lang.reflect.Method.invoke(Method.java:498)
at org.testng.internal.MethodInvocationHelper.invokeMethod(MethodInvocationHelper.java:124)
at org.testng.internal.Invoker.invokeMethod(Invoker.java:583)
at org.testng.internal.Invoker.invokeTestMethod(Invoker.java:719)
at org.testng.internal.Invoker.invokeTestMethods(Invoker.java:989)
at org.testng.internal.TestMethodWorker.invokeTestMethods(TestMethodWorker.java:125)
at org.testng.internal.TestMethodWorker.run(TestMethodWorker.java:109)
at org.testng.TestRunner.privateRun(TestRunner.java:648)
at org.testng.TestRunner.run(TestRunner.java:505)
at org.testng.SuiteRunner.runTest(SuiteRunner.java:455)
at org.testng.SuiteRunner.runSequentially(SuiteRunner.java:450)
at org.testng.SuiteRunner.privateRun(SuiteRunner.java:415)
at org.testng.SuiteRunner.run(SuiteRunner.java:364)
at org.testng.SuiteRunnerWorker.runSuite(SuiteRunnerWorker.java:52)
at org.testng.SuiteRunnerWorker.run(SuiteRunnerWorker.java:84)
at org.testng.TestNG.runSuitesSequentially(TestNG.java:1208)
at org.testng.TestNG.runSuitesLocally(TestNG.java:1137)
at org.testng.TestNG.runSuites(TestNG.java:1049)
at org.testng.TestNG.run(TestNG.java:1017)
at org.apache.maven.surefire.testng.TestNGExecutor.run(TestNGExecutor.java:135)
at org.apache.maven.surefire.testng.TestNGDirectoryTestSuite.executeMulti(TestNGDirectoryTestSuite.java:193)
at org.apache.maven.surefire.testng.TestNGDirectoryTestSuite.execute(TestNGDirectoryTestSuite.java:94)
at org.apache.maven.surefire.testng.TestNGProvider.invoke(TestNGProvider.java:146)
at org.apache.maven.surefire.booter.ForkedBooter.invokeProviderInSameClassLoader(ForkedBooter.java:373)
at org.apache.maven.surefire.booter.ForkedBooter.runSuitesInProcess(ForkedBooter.java:334)
at org.apache.maven.surefire.booter.ForkedBooter.execute(ForkedBooter.java:119)
at org.apache.maven.surefire.booter.ForkedBooter.main(ForkedBooter.java:407)
]]>
            </full-stacktrace>
          </exception> <!-- java.lang.AssertionError -->
          <reporter-output>
          </reporter-output>
        </test-method> <!-- testInternationalRentalCarsHeight -->
        <test-method status="PASS" signature="tearDown()[pri:0, instance:Tests.CarsPageTest@1bce4f0a]" name="tearDown" is-config="true" duration-ms="10122" started-at="2018-10-11T19:14:45Z" finished-at="2018-10-11T19:14:55Z">
          <reporter-output>
          </reporter-output>
        </test-method> <!-- tearDown -->
        <test-method status="PASS" signature="setUp(java.lang.String, java.lang.String, java.lang.String, boolean)[pri:0, instance:Tests.CarsPageTest@1bce4f0a]" name="setUp" is-config="true" duration-ms="7564" started-at="2018-10-11T19:14:55Z" finished-at="2018-10-11T19:15:03Z">
          <params>
            <param index="0">
              <value>
                <![CDATA[Mac]]>
              </value>
            </param>
            <param index="1">
              <value>
                <![CDATA[chrome]]>
              </value>
            </param>
            <param index="2">
              <value>
                <![CDATA[https://www.expedia.com/]]>
              </value>
            </param>
            <param index="3">
              <value>
                <![CDATA[false]]>
              </value>
            </param>
          </params>
          <reporter-output>
          </reporter-output>
        </test-method> <!-- setUp -->
        <test-method status="PASS" signature="setup()[pri:0, instance:Tests.CarsPageTest@1bce4f0a]" name="setup" is-config="true" duration-ms="1898" started-at="2018-10-11T19:15:03Z" finished-at="2018-10-11T19:15:05Z">
          <reporter-output>
          </reporter-output>
        </test-method> <!-- setup -->
        <test-method status="PASS" signature="testInternationalRentalsListCount()[pri:0, instance:Tests.CarsPageTest@1bce4f0a]" name="testInternationalRentalsListCount" duration-ms="799" started-at="2018-10-11T19:15:05Z" finished-at="2018-10-11T19:15:06Z">
          <reporter-output>
          </reporter-output>
        </test-method> <!-- testInternationalRentalsListCount -->
        <test-method status="PASS" signature="tearDown()[pri:0, instance:Tests.CarsPageTest@1bce4f0a]" name="tearDown" is-config="true" duration-ms="10110" started-at="2018-10-11T19:15:06Z" finished-at="2018-10-11T19:15:16Z">
          <reporter-output>
          </reporter-output>
        </test-method> <!-- tearDown -->
        <test-method status="PASS" signature="setUp(java.lang.String, java.lang.String, java.lang.String, boolean)[pri:0, instance:Tests.CarsPageTest@1bce4f0a]" name="setUp" is-config="true" duration-ms="7792" started-at="2018-10-11T19:15:16Z" finished-at="2018-10-11T19:15:24Z">
          <params>
            <param index="0">
              <value>
                <![CDATA[Mac]]>
              </value>
            </param>
            <param index="1">
              <value>
                <![CDATA[chrome]]>
              </value>
            </param>
            <param index="2">
              <value>
                <![CDATA[https://www.expedia.com/]]>
              </value>
            </param>
            <param index="3">
              <value>
                <![CDATA[false]]>
              </value>
            </param>
          </params>
          <reporter-output>
          </reporter-output>
        </test-method> <!-- setUp -->
        <test-method status="PASS" signature="setup()[pri:0, instance:Tests.CarsPageTest@1bce4f0a]" name="setup" is-config="true" duration-ms="3762" started-at="2018-10-11T19:15:24Z" finished-at="2018-10-11T19:15:27Z">
          <reporter-output>
          </reporter-output>
        </test-method> <!-- setup -->
        <test-method status="PASS" signature="testPageUrl()[pri:0, instance:Tests.CarsPageTest@1bce4f0a]" name="testPageUrl" duration-ms="19" started-at="2018-10-11T19:15:27Z" finished-at="2018-10-11T19:15:27Z">
          <reporter-output>
          </reporter-output>
        </test-method> <!-- testPageUrl -->
        <test-method status="PASS" signature="tearDown()[pri:0, instance:Tests.CarsPageTest@1bce4f0a]" name="tearDown" is-config="true" duration-ms="10123" started-at="2018-10-11T19:15:27Z" finished-at="2018-10-11T19:15:37Z">
          <reporter-output>
          </reporter-output>
        </test-method> <!-- tearDown -->
        <test-method status="PASS" signature="setUp(java.lang.String, java.lang.String, java.lang.String, boolean)[pri:0, instance:Tests.CarsPageTest@1bce4f0a]" name="setUp" is-config="true" duration-ms="7514" started-at="2018-10-11T19:15:37Z" finished-at="2018-10-11T19:15:45Z">
          <params>
            <param index="0">
              <value>
                <![CDATA[Mac]]>
              </value>
            </param>
            <param index="1">
              <value>
                <![CDATA[chrome]]>
              </value>
            </param>
            <param index="2">
              <value>
                <![CDATA[https://www.expedia.com/]]>
              </value>
            </param>
            <param index="3">
              <value>
                <![CDATA[false]]>
              </value>
            </param>
          </params>
          <reporter-output>
          </reporter-output>
        </test-method> <!-- setUp -->
        <test-method status="PASS" signature="setup()[pri:0, instance:Tests.CarsPageTest@1bce4f0a]" name="setup" is-config="true" duration-ms="3370" started-at="2018-10-11T19:15:45Z" finished-at="2018-10-11T19:15:48Z">
          <reporter-output>
          </reporter-output>
        </test-method> <!-- setup -->
        <test-method status="PASS" signature="testTitleValidation()[pri:0, instance:Tests.CarsPageTest@1bce4f0a]" name="testTitleValidation" duration-ms="6" started-at="2018-10-11T19:15:48Z" finished-at="2018-10-11T19:15:48Z">
          <reporter-output>
          </reporter-output>
        </test-method> <!-- testTitleValidation -->
        <test-method status="PASS" signature="tearDown()[pri:0, instance:Tests.CarsPageTest@1bce4f0a]" name="tearDown" is-config="true" duration-ms="10121" started-at="2018-10-11T19:15:48Z" finished-at="2018-10-11T19:15:58Z">
          <reporter-output>
          </reporter-output>
        </test-method> <!-- tearDown -->
        <test-method status="PASS" signature="setUp(java.lang.String, java.lang.String, java.lang.String, boolean)[pri:0, instance:Tests.CarsPageTest@1bce4f0a]" name="setUp" is-config="true" duration-ms="6842" started-at="2018-10-11T19:15:58Z" finished-at="2018-10-11T19:16:05Z">
          <params>
            <param index="0">
              <value>
                <![CDATA[Mac]]>
              </value>
            </param>
            <param index="1">
              <value>
                <![CDATA[chrome]]>
              </value>
            </param>
            <param index="2">
              <value>
                <![CDATA[https://www.expedia.com/]]>
              </value>
            </param>
            <param index="3">
              <value>
                <![CDATA[false]]>
              </value>
            </param>
          </params>
          <reporter-output>
          </reporter-output>
        </test-method> <!-- setUp -->
        <test-method status="PASS" signature="setup()[pri:0, instance:Tests.CarsPageTest@1bce4f0a]" name="setup" is-config="true" duration-ms="1792" started-at="2018-10-11T19:16:05Z" finished-at="2018-10-11T19:16:07Z">
          <reporter-output>
          </reporter-output>
        </test-method> <!-- setup -->
        <test-method status="FAIL" signature="testcarTabIsSelected()[pri:0, instance:Tests.CarsPageTest@1bce4f0a]" name="testcarTabIsSelected" duration-ms="5663" started-at="2018-10-11T19:16:07Z" finished-at="2018-10-11T19:16:13Z">
          <exception class="java.lang.AssertionError">
            <message>
              <![CDATA[expected [true] but found [false]]]>
            </message>
            <full-stacktrace>
              <![CDATA[java.lang.AssertionError: expected [true] but found [false]
at org.testng.Assert.fail(Assert.java:96)
at org.testng.Assert.failNotEquals(Assert.java:776)
at org.testng.Assert.assertTrue(Assert.java:44)
at org.testng.Assert.assertTrue(Assert.java:54)
at Pages.CarsPage.carTabIsSelected(CarsPage.java:66)
at Tests.CarsPageTest.testcarTabIsSelected(CarsPageTest.java:32)
at sun.reflect.NativeMethodAccessorImpl.invoke0(Native Method)
at sun.reflect.NativeMethodAccessorImpl.invoke(NativeMethodAccessorImpl.java:62)
at sun.reflect.DelegatingMethodAccessorImpl.invoke(DelegatingMethodAccessorImpl.java:43)
at java.lang.reflect.Method.invoke(Method.java:498)
at org.testng.internal.MethodInvocationHelper.invokeMethod(MethodInvocationHelper.java:124)
at org.testng.internal.Invoker.invokeMethod(Invoker.java:583)
at org.testng.internal.Invoker.invokeTestMethod(Invoker.java:719)
at org.testng.internal.Invoker.invokeTestMethods(Invoker.java:989)
at org.testng.internal.TestMethodWorker.invokeTestMethods(TestMethodWorker.java:125)
at org.testng.internal.TestMethodWorker.run(TestMethodWorker.java:109)
at org.testng.TestRunner.privateRun(TestRunner.java:648)
at org.testng.TestRunner.run(TestRunner.java:505)
at org.testng.SuiteRunner.runTest(SuiteRunner.java:455)
at org.testng.SuiteRunner.runSequentially(SuiteRunner.java:450)
at org.testng.SuiteRunner.privateRun(SuiteRunner.java:415)
at org.testng.SuiteRunner.run(SuiteRunner.java:364)
at org.testng.SuiteRunnerWorker.runSuite(SuiteRunnerWorker.java:52)
at org.testng.SuiteRunnerWorker.run(SuiteRunnerWorker.java:84)
at org.testng.TestNG.runSuitesSequentially(TestNG.java:1208)
at org.testng.TestNG.runSuitesLocally(TestNG.java:1137)
at org.testng.TestNG.runSuites(TestNG.java:1049)
at org.testng.TestNG.run(TestNG.java:1017)
at org.apache.maven.surefire.testng.TestNGExecutor.run(TestNGExecutor.java:135)
at org.apache.maven.surefire.testng.TestNGDirectoryTestSuite.executeMulti(TestNGDirectoryTestSuite.java:193)
at org.apache.maven.surefire.testng.TestNGDirectoryTestSuite.execute(TestNGDirectoryTestSuite.java:94)
at org.apache.maven.surefire.testng.TestNGProvider.invoke(TestNGProvider.java:146)
at org.apache.maven.surefire.booter.ForkedBooter.invokeProviderInSameClassLoader(ForkedBooter.java:373)
at org.apache.maven.surefire.booter.ForkedBooter.runSuitesInProcess(ForkedBooter.java:334)
at org.apache.maven.surefire.booter.ForkedBooter.execute(ForkedBooter.java:119)
at org.apache.maven.surefire.booter.ForkedBooter.main(ForkedBooter.java:407)
]]>
            </full-stacktrace>
          </exception> <!-- java.lang.AssertionError -->
          <reporter-output>
          </reporter-output>
        </test-method> <!-- testcarTabIsSelected -->
        <test-method status="PASS" signature="tearDown()[pri:0, instance:Tests.CarsPageTest@1bce4f0a]" name="tearDown" is-config="true" duration-ms="10127" started-at="2018-10-11T19:16:13Z" finished-at="2018-10-11T19:16:23Z">
          <reporter-output>
          </reporter-output>
        </test-method> <!-- tearDown -->
      </class> <!-- Tests.CarsPageTest -->
      <class name="Tests.SignUpPageTest">
        <test-method status="PASS" signature="setUp(java.lang.String, java.lang.String, java.lang.String, boolean)[pri:0, instance:Tests.SignUpPageTest@42d80b78]" name="setUp" is-config="true" duration-ms="8519" started-at="2018-10-11T19:03:58Z" finished-at="2018-10-11T19:04:06Z">
          <params>
            <param index="0">
              <value>
                <![CDATA[Mac]]>
              </value>
            </param>
            <param index="1">
              <value>
                <![CDATA[chrome]]>
              </value>
            </param>
            <param index="2">
              <value>
                <![CDATA[https://www.expedia.com/]]>
              </value>
            </param>
            <param index="3">
              <value>
                <![CDATA[false]]>
              </value>
            </param>
          </params>
          <reporter-output>
          </reporter-output>
        </test-method> <!-- setUp -->
        <test-method status="PASS" signature="createTestObj()[pri:0, instance:Tests.SignUpPageTest@42d80b78]" name="createTestObj" is-config="true" duration-ms="30" started-at="2018-10-11T19:04:06Z" finished-at="2018-10-11T19:04:06Z">
          <reporter-output>
          </reporter-output>
        </test-method> <!-- createTestObj -->
        <test-method status="FAIL" signature="verifyHumanOrRobotPageTitle()[pri:0, instance:Tests.SignUpPageTest@42d80b78]" name="verifyHumanOrRobotPageTitle" duration-ms="17" started-at="2018-10-11T19:04:06Z" finished-at="2018-10-11T19:04:06Z">
          <exception class="java.lang.AssertionError">
            <message>
              <![CDATA[expected [Bot or Not?] but found [Expedia Travel: Search Hotels, Cheap Flights, Car Rentals & Vacations]]]>
            </message>
            <full-stacktrace>
              <![CDATA[java.lang.AssertionError: expected [Bot or Not?] but found [Expedia Travel: Search Hotels, Cheap Flights, Car Rentals & Vacations]
at org.testng.Assert.fail(Assert.java:96)
at org.testng.Assert.failNotEquals(Assert.java:776)
at org.testng.Assert.assertEqualsImpl(Assert.java:137)
at org.testng.Assert.assertEquals(Assert.java:118)
at org.testng.Assert.assertEquals(Assert.java:453)
at org.testng.Assert.assertEquals(Assert.java:463)
at Tests.SignUpPageTest.verifyHumanOrRobotPageTitle(SignUpPageTest.java:22)
at sun.reflect.NativeMethodAccessorImpl.invoke0(Native Method)
at sun.reflect.NativeMethodAccessorImpl.invoke(NativeMethodAccessorImpl.java:62)
at sun.reflect.DelegatingMethodAccessorImpl.invoke(DelegatingMethodAccessorImpl.java:43)
at java.lang.reflect.Method.invoke(Method.java:498)
at org.testng.internal.MethodInvocationHelper.invokeMethod(MethodInvocationHelper.java:124)
at org.testng.internal.Invoker.invokeMethod(Invoker.java:583)
at org.testng.internal.Invoker.invokeTestMethod(Invoker.java:719)
at org.testng.internal.Invoker.invokeTestMethods(Invoker.java:989)
at org.testng.internal.TestMethodWorker.invokeTestMethods(TestMethodWorker.java:125)
at org.testng.internal.TestMethodWorker.run(TestMethodWorker.java:109)
at org.testng.TestRunner.privateRun(TestRunner.java:648)
at org.testng.TestRunner.run(TestRunner.java:505)
at org.testng.SuiteRunner.runTest(SuiteRunner.java:455)
at org.testng.SuiteRunner.runSequentially(SuiteRunner.java:450)
at org.testng.SuiteRunner.privateRun(SuiteRunner.java:415)
at org.testng.SuiteRunner.run(SuiteRunner.java:364)
at org.testng.SuiteRunnerWorker.runSuite(SuiteRunnerWorker.java:52)
at org.testng.SuiteRunnerWorker.run(SuiteRunnerWorker.java:84)
at org.testng.TestNG.runSuitesSequentially(TestNG.java:1208)
at org.testng.TestNG.runSuitesLocally(TestNG.java:1137)
at org.testng.TestNG.runSuites(TestNG.java:1049)
at org.testng.TestNG.run(TestNG.java:1017)
at org.apache.maven.surefire.testng.TestNGExecutor.run(TestNGExecutor.java:135)
at org.apache.maven.surefire.testng.TestNGDirectoryTestSuite.executeMulti(TestNGDirectoryTestSuite.java:193)
at org.apache.maven.surefire.testng.TestNGDirectoryTestSuite.execute(TestNGDirectoryTestSuite.java:94)
at org.apache.maven.surefire.testng.TestNGProvider.invoke(TestNGProvider.java:146)
at org.apache.maven.surefire.booter.ForkedBooter.invokeProviderInSameClassLoader(ForkedBooter.java:373)
at org.apache.maven.surefire.booter.ForkedBooter.runSuitesInProcess(ForkedBooter.java:334)
at org.apache.maven.surefire.booter.ForkedBooter.execute(ForkedBooter.java:119)
at org.apache.maven.surefire.booter.ForkedBooter.main(ForkedBooter.java:407)
]]>
            </full-stacktrace>
          </exception> <!-- java.lang.AssertionError -->
          <reporter-output>
          </reporter-output>
        </test-method> <!-- verifyHumanOrRobotPageTitle -->
        <test-method status="PASS" signature="tearDown()[pri:0, instance:Tests.SignUpPageTest@42d80b78]" name="tearDown" is-config="true" duration-ms="10119" started-at="2018-10-11T19:04:06Z" finished-at="2018-10-11T19:04:16Z">
          <reporter-output>
          </reporter-output>
        </test-method> <!-- tearDown -->
      </class> <!-- Tests.SignUpPageTest -->
      <class name="Tests.HomePageTest">
        <test-method status="PASS" signature="setUp(java.lang.String, java.lang.String, java.lang.String, boolean)[pri:0, instance:Tests.HomePageTest@604ed9f0]" name="setUp" is-config="true" duration-ms="7902" started-at="2018-10-11T19:35:48Z" finished-at="2018-10-11T19:35:56Z">
          <params>
            <param index="0">
              <value>
                <![CDATA[Mac]]>
              </value>
            </param>
            <param index="1">
              <value>
                <![CDATA[chrome]]>
              </value>
            </param>
            <param index="2">
              <value>
                <![CDATA[https://www.expedia.com/]]>
              </value>
            </param>
            <param index="3">
              <value>
                <![CDATA[false]]>
              </value>
            </param>
          </params>
          <reporter-output>
          </reporter-output>
        </test-method> <!-- setUp -->
        <test-method status="PASS" signature="createTestObj()[pri:0, instance:Tests.HomePageTest@604ed9f0]" name="createTestObj" is-config="true" duration-ms="1215" started-at="2018-10-11T19:35:56Z" finished-at="2018-10-11T19:35:57Z">
          <reporter-output>
          </reporter-output>
        </test-method> <!-- createTestObj -->
        <test-method status="PASS" signature="exploreMoreToggleVisibilityTest()[pri:0, instance:Tests.HomePageTest@604ed9f0]" name="exploreMoreToggleVisibilityTest" duration-ms="256" started-at="2018-10-11T19:35:57Z" finished-at="2018-10-11T19:35:58Z">
          <reporter-output>
          </reporter-output>
        </test-method> <!-- exploreMoreToggleVisibilityTest -->
        <test-method status="PASS" signature="tearDown()[pri:0, instance:Tests.HomePageTest@604ed9f0]" name="tearDown" is-config="true" duration-ms="10115" started-at="2018-10-11T19:35:58Z" finished-at="2018-10-11T19:36:08Z">
          <reporter-output>
          </reporter-output>
        </test-method> <!-- tearDown -->
        <test-method status="PASS" signature="setUp(java.lang.String, java.lang.String, java.lang.String, boolean)[pri:0, instance:Tests.HomePageTest@604ed9f0]" name="setUp" is-config="true" duration-ms="84359" started-at="2018-10-11T19:36:08Z" finished-at="2018-10-11T19:37:32Z">
          <params>
            <param index="0">
              <value>
                <![CDATA[Mac]]>
              </value>
            </param>
            <param index="1">
              <value>
                <![CDATA[chrome]]>
              </value>
            </param>
            <param index="2">
              <value>
                <![CDATA[https://www.expedia.com/]]>
              </value>
            </param>
            <param index="3">
              <value>
                <![CDATA[false]]>
              </value>
            </param>
          </params>
          <reporter-output>
          </reporter-output>
        </test-method> <!-- setUp -->
        <test-method status="PASS" signature="createTestObj()[pri:0, instance:Tests.HomePageTest@604ed9f0]" name="createTestObj" is-config="true" duration-ms="36" started-at="2018-10-11T19:37:32Z" finished-at="2018-10-11T19:37:32Z">
          <reporter-output>
          </reporter-output>
        </test-method> <!-- createTestObj -->
        <test-method status="FAIL" signature="flightsToNewYorkLinkStatusTest()[pri:0, instance:Tests.HomePageTest@604ed9f0]" name="flightsToNewYorkLinkStatusTest" duration-ms="10217" started-at="2018-10-11T19:37:32Z" finished-at="2018-10-11T19:37:42Z">
          <exception class="org.openqa.selenium.NoSuchElementException">
            <message>
              <![CDATA[no such element: Unable to locate element: {"method":"xpath","selector":"//a[contains(text(),'Flights to New York')]"}
  (Session info: chrome=69.0.3497.100)
  (Driver info: chromedriver=2.42.591059 (a3d9684d10d61aa0c45f6723b327283be1ebaad8),platform=Mac OS X 10.14.0 x86_64) (WARNING: The server did not provide any stacktrace information)
Command duration or timeout: 0 milliseconds
For documentation on this error, please visit: http://seleniumhq.org/exceptions/no_such_element.html
Build info: version: '3.14.0', revision: 'aacccce0', time: '2018-08-02T20:19:58.91Z'
System info: host: 'juneds-MacBook-Pro.local', ip: 'fe80:0:0:0:7b:f7ab:7ac7:59e0%en0', os.name: 'Mac OS X', os.arch: 'x86_64', os.version: '10.14', java.version: '1.8.0_181'
Driver info: org.openqa.selenium.chrome.ChromeDriver
Capabilities {acceptInsecureCerts: false, acceptSslCerts: false, applicationCacheEnabled: false, browserConnectionEnabled: false, browserName: chrome, chrome: {chromedriverVersion: 2.42.591059 (a3d9684d10d61a..., userDataDir: /var/folders/hn/f7wb9_d13yz...}, cssSelectorsEnabled: true, databaseEnabled: false, goog:chromeOptions: {debuggerAddress: localhost:53646}, handlesAlerts: true, hasTouchScreen: false, javascriptEnabled: true, locationContextEnabled: true, mobileEmulationEnabled: false, nativeEvents: true, networkConnectionEnabled: false, pageLoadStrategy: normal, platform: MAC, platformName: MAC, rotatable: false, setWindowRect: true, takesHeapSnapshot: true, takesScreenshot: true, unexpectedAlertBehaviour: , unhandledPromptBehavior: , version: 69.0.3497.100, webStorageEnabled: true}
Session ID: 6b4c08320c29662434426b98950943ad
*** Element info: {Using=xpath, value=//a[contains(text(),'Flights to New York')]}]]>
            </message>
            <full-stacktrace>
              <![CDATA[org.openqa.selenium.NoSuchElementException: no such element: Unable to locate element: {"method":"xpath","selector":"//a[contains(text(),'Flights to New York')]"}
  (Session info: chrome=69.0.3497.100)
  (Driver info: chromedriver=2.42.591059 (a3d9684d10d61aa0c45f6723b327283be1ebaad8),platform=Mac OS X 10.14.0 x86_64) (WARNING: The server did not provide any stacktrace information)
Command duration or timeout: 0 milliseconds
For documentation on this error, please visit: http://seleniumhq.org/exceptions/no_such_element.html
Build info: version: '3.14.0', revision: 'aacccce0', time: '2018-08-02T20:19:58.91Z'
System info: host: 'juneds-MacBook-Pro.local', ip: 'fe80:0:0:0:7b:f7ab:7ac7:59e0%en0', os.name: 'Mac OS X', os.arch: 'x86_64', os.version: '10.14', java.version: '1.8.0_181'
Driver info: org.openqa.selenium.chrome.ChromeDriver
Capabilities {acceptInsecureCerts: false, acceptSslCerts: false, applicationCacheEnabled: false, browserConnectionEnabled: false, browserName: chrome, chrome: {chromedriverVersion: 2.42.591059 (a3d9684d10d61a..., userDataDir: /var/folders/hn/f7wb9_d13yz...}, cssSelectorsEnabled: true, databaseEnabled: false, goog:chromeOptions: {debuggerAddress: localhost:53646}, handlesAlerts: true, hasTouchScreen: false, javascriptEnabled: true, locationContextEnabled: true, mobileEmulationEnabled: false, nativeEvents: true, networkConnectionEnabled: false, pageLoadStrategy: normal, platform: MAC, platformName: MAC, rotatable: false, setWindowRect: true, takesHeapSnapshot: true, takesScreenshot: true, unexpectedAlertBehaviour: , unhandledPromptBehavior: , version: 69.0.3497.100, webStorageEnabled: true}
Session ID: 6b4c08320c29662434426b98950943ad
*** Element info: {Using=xpath, value=//a[contains(text(),'Flights to New York')]}
at sun.reflect.NativeConstructorAccessorImpl.newInstance0(Native Method)
at sun.reflect.NativeConstructorAccessorImpl.newInstance(NativeConstructorAccessorImpl.java:62)
at sun.reflect.DelegatingConstructorAccessorImpl.newInstance(DelegatingConstructorAccessorImpl.java:45)
at java.lang.reflect.Constructor.newInstance(Constructor.java:423)
at org.openqa.selenium.remote.ErrorHandler.createThrowable(ErrorHandler.java:214)
at org.openqa.selenium.remote.ErrorHandler.throwIfResponseFailed(ErrorHandler.java:166)
at org.openqa.selenium.remote.http.JsonHttpResponseCodec.reconstructValue(JsonHttpResponseCodec.java:40)
at org.openqa.selenium.remote.http.AbstractHttpResponseCodec.decode(AbstractHttpResponseCodec.java:80)
at org.openqa.selenium.remote.http.AbstractHttpResponseCodec.decode(AbstractHttpResponseCodec.java:44)
at org.openqa.selenium.remote.HttpCommandExecutor.execute(HttpCommandExecutor.java:158)
at org.openqa.selenium.remote.service.DriverCommandExecutor.execute(DriverCommandExecutor.java:83)
at org.openqa.selenium.remote.RemoteWebDriver.execute(RemoteWebDriver.java:548)
at org.openqa.selenium.remote.RemoteWebDriver.findElement(RemoteWebDriver.java:322)
at org.openqa.selenium.remote.RemoteWebDriver.findElementByXPath(RemoteWebDriver.java:424)
at org.openqa.selenium.By$ByXPath.findElement(By.java:353)
at org.openqa.selenium.remote.RemoteWebDriver.findElement(RemoteWebDriver.java:314)
at sun.reflect.GeneratedMethodAccessor6.invoke(Unknown Source)
at sun.reflect.DelegatingMethodAccessorImpl.invoke(DelegatingMethodAccessorImpl.java:43)
at java.lang.reflect.Method.invoke(Method.java:498)
at org.openqa.selenium.support.events.EventFiringWebDriver.lambda$new$1(EventFiringWebDriver.java:105)
at com.sun.proxy.$Proxy8.findElement(Unknown Source)
at org.openqa.selenium.support.events.EventFiringWebDriver.findElement(EventFiringWebDriver.java:194)
at org.openqa.selenium.support.pagefactory.DefaultElementLocator.findElement(DefaultElementLocator.java:69)
at org.openqa.selenium.support.pagefactory.internal.LocatingElementHandler.invoke(LocatingElementHandler.java:38)
at com.sun.proxy.$Proxy12.click(Unknown Source)
at Pages.HomePage.flightsToNewYorkLinkStatus(HomePage.java:248)
at Tests.HomePageTest.flightsToNewYorkLinkStatusTest(HomePageTest.java:70)
at sun.reflect.NativeMethodAccessorImpl.invoke0(Native Method)
at sun.reflect.NativeMethodAccessorImpl.invoke(NativeMethodAccessorImpl.java:62)
at sun.reflect.DelegatingMethodAccessorImpl.invoke(DelegatingMethodAccessorImpl.java:43)
at java.lang.reflect.Method.invoke(Method.java:498)
at org.testng.internal.MethodInvocationHelper.invokeMethod(MethodInvocationHelper.java:124)
at org.testng.internal.Invoker.invokeMethod(Invoker.java:583)
at org.testng.internal.Invoker.invokeTestMethod(Invoker.java:719)
at org.testng.internal.Invoker.invokeTestMethods(Invoker.java:989)
at org.testng.internal.TestMethodWorker.invokeTestMethods(TestMethodWorker.java:125)
at org.testng.internal.TestMethodWorker.run(TestMethodWorker.java:109)
at org.testng.TestRunner.privateRun(TestRunner.java:648)
at org.testng.TestRunner.run(TestRunner.java:505)
at org.testng.SuiteRunner.runTest(SuiteRunner.java:455)
at org.testng.SuiteRunner.runSequentially(SuiteRunner.java:450)
at org.testng.SuiteRunner.privateRun(SuiteRunner.java:415)
at org.testng.SuiteRunner.run(SuiteRunner.java:364)
at org.testng.SuiteRunnerWorker.runSuite(SuiteRunnerWorker.java:52)
at org.testng.SuiteRunnerWorker.run(SuiteRunnerWorker.java:84)
at org.testng.TestNG.runSuitesSequentially(TestNG.java:1208)
at org.testng.TestNG.runSuitesLocally(TestNG.java:1137)
at org.testng.TestNG.runSuites(TestNG.java:1049)
at org.testng.TestNG.run(TestNG.java:1017)
at org.apache.maven.surefire.testng.TestNGExecutor.run(TestNGExecutor.java:135)
at org.apache.maven.surefire.testng.TestNGDirectoryTestSuite.executeMulti(TestNGDirectoryTestSuite.java:193)
at org.apache.maven.surefire.testng.TestNGDirectoryTestSuite.execute(TestNGDirectoryTestSuite.java:94)
at org.apache.maven.surefire.testng.TestNGProvider.invoke(TestNGProvider.java:146)
at org.apache.maven.surefire.booter.ForkedBooter.invokeProviderInSameClassLoader(ForkedBooter.java:373)
at org.apache.maven.surefire.booter.ForkedBooter.runSuitesInProcess(ForkedBooter.java:334)
at org.apache.maven.surefire.booter.ForkedBooter.execute(ForkedBooter.java:119)
at org.apache.maven.surefire.booter.ForkedBooter.main(ForkedBooter.java:407)
]]>
            </full-stacktrace>
          </exception> <!-- org.openqa.selenium.NoSuchElementException -->
          <reporter-output>
          </reporter-output>
        </test-method> <!-- flightsToNewYorkLinkStatusTest -->
        <test-method status="PASS" signature="tearDown()[pri:0, instance:Tests.HomePageTest@604ed9f0]" name="tearDown" is-config="true" duration-ms="10118" started-at="2018-10-11T19:37:42Z" finished-at="2018-10-11T19:37:52Z">
          <reporter-output>
          </reporter-output>
        </test-method> <!-- tearDown -->
        <test-method status="PASS" signature="setUp(java.lang.String, java.lang.String, java.lang.String, boolean)[pri:0, instance:Tests.HomePageTest@604ed9f0]" name="setUp" is-config="true" duration-ms="13859" started-at="2018-10-11T19:37:52Z" finished-at="2018-10-11T19:38:06Z">
          <params>
            <param index="0">
              <value>
                <![CDATA[Mac]]>
              </value>
            </param>
            <param index="1">
              <value>
                <![CDATA[chrome]]>
              </value>
            </param>
            <param index="2">
              <value>
                <![CDATA[https://www.expedia.com/]]>
              </value>
            </param>
            <param index="3">
              <value>
                <![CDATA[false]]>
              </value>
            </param>
          </params>
          <reporter-output>
          </reporter-output>
        </test-method> <!-- setUp -->
        <test-method status="PASS" signature="createTestObj()[pri:0, instance:Tests.HomePageTest@604ed9f0]" name="createTestObj" is-config="true" duration-ms="285" started-at="2018-10-11T19:38:06Z" finished-at="2018-10-11T19:38:07Z">
          <reporter-output>
          </reporter-output>
        </test-method> <!-- createTestObj -->
        <test-method status="PASS" signature="hotelLinksIndexValueTest()[pri:0, instance:Tests.HomePageTest@604ed9f0]" name="hotelLinksIndexValueTest" duration-ms="58" started-at="2018-10-11T19:38:07Z" finished-at="2018-10-11T19:38:07Z">
          <reporter-output>
          </reporter-output>
        </test-method> <!-- hotelLinksIndexValueTest -->
        <test-method status="PASS" signature="tearDown()[pri:0, instance:Tests.HomePageTest@604ed9f0]" name="tearDown" is-config="true" duration-ms="10128" started-at="2018-10-11T19:38:07Z" finished-at="2018-10-11T19:38:17Z">
          <reporter-output>
          </reporter-output>
        </test-method> <!-- tearDown -->
        <test-method status="PASS" signature="setUp(java.lang.String, java.lang.String, java.lang.String, boolean)[pri:0, instance:Tests.HomePageTest@604ed9f0]" name="setUp" is-config="true" duration-ms="12878" started-at="2018-10-11T19:38:17Z" finished-at="2018-10-11T19:38:30Z">
          <params>
            <param index="0">
              <value>
                <![CDATA[Mac]]>
              </value>
            </param>
            <param index="1">
              <value>
                <![CDATA[chrome]]>
              </value>
            </param>
            <param index="2">
              <value>
                <![CDATA[https://www.expedia.com/]]>
              </value>
            </param>
            <param index="3">
              <value>
                <![CDATA[false]]>
              </value>
            </param>
          </params>
          <reporter-output>
          </reporter-output>
        </test-method> <!-- setUp -->
        <test-method status="PASS" signature="createTestObj()[pri:0, instance:Tests.HomePageTest@604ed9f0]" name="createTestObj" is-config="true" duration-ms="31" started-at="2018-10-11T19:38:30Z" finished-at="2018-10-11T19:38:30Z">
          <reporter-output>
          </reporter-output>
        </test-method> <!-- createTestObj -->
        <test-method status="PASS" signature="pageUrlTest()[pri:0, instance:Tests.HomePageTest@604ed9f0]" name="pageUrlTest" duration-ms="31" started-at="2018-10-11T19:38:30Z" finished-at="2018-10-11T19:38:30Z">
          <reporter-output>
          </reporter-output>
        </test-method> <!-- pageUrlTest -->
        <test-method status="PASS" signature="tearDown()[pri:0, instance:Tests.HomePageTest@604ed9f0]" name="tearDown" is-config="true" duration-ms="10115" started-at="2018-10-11T19:38:30Z" finished-at="2018-10-11T19:38:40Z">
          <reporter-output>
          </reporter-output>
        </test-method> <!-- tearDown -->
        <test-method status="PASS" signature="setUp(java.lang.String, java.lang.String, java.lang.String, boolean)[pri:0, instance:Tests.HomePageTest@604ed9f0]" name="setUp" is-config="true" duration-ms="12921" started-at="2018-10-11T19:38:40Z" finished-at="2018-10-11T19:38:53Z">
          <params>
            <param index="0">
              <value>
                <![CDATA[Mac]]>
              </value>
            </param>
            <param index="1">
              <value>
                <![CDATA[chrome]]>
              </value>
            </param>
            <param index="2">
              <value>
                <![CDATA[https://www.expedia.com/]]>
              </value>
            </param>
            <param index="3">
              <value>
                <![CDATA[false]]>
              </value>
            </param>
          </params>
          <reporter-output>
          </reporter-output>
        </test-method> <!-- setUp -->
        <test-method status="PASS" signature="createTestObj()[pri:0, instance:Tests.HomePageTest@604ed9f0]" name="createTestObj" is-config="true" duration-ms="26" started-at="2018-10-11T19:38:53Z" finished-at="2018-10-11T19:38:53Z">
          <reporter-output>
          </reporter-output>
        </test-method> <!-- createTestObj -->
        <test-method status="FAIL" signature="testRoundTripFlightWithExcelData(java.lang.String, java.lang.String, java.lang.String, java.lang.String)[pri:0, instance:Tests.HomePageTest@604ed9f0]" name="testRoundTripFlightWithExcelData" duration-ms="18052" started-at="2018-10-11T19:38:53Z" data-provider="getExcelTestData" finished-at="2018-10-11T19:39:11Z">
          <params>
            <param index="0">
              <value>
                <![CDATA[New York City]]>
              </value>
            </param>
            <param index="1">
              <value>
                <![CDATA[Toronto]]>
              </value>
            </param>
            <param index="2">
              <value>
                <![CDATA[02-Oct-2018]]>
              </value>
            </param>
            <param index="3">
              <value>
                <![CDATA[18-Oct-2018]]>
              </value>
            </param>
          </params>
          <exception class="org.openqa.selenium.NoSuchElementException">
            <message>
              <![CDATA[no such element: Unable to locate element: {"method":"xpath","selector":"//span[@class = 'title-city-text']"}
  (Session info: chrome=69.0.3497.100)
  (Driver info: chromedriver=2.42.591059 (a3d9684d10d61aa0c45f6723b327283be1ebaad8),platform=Mac OS X 10.14.0 x86_64) (WARNING: The server did not provide any stacktrace information)
Command duration or timeout: 0 milliseconds
For documentation on this error, please visit: http://seleniumhq.org/exceptions/no_such_element.html
Build info: version: '3.14.0', revision: 'aacccce0', time: '2018-08-02T20:19:58.91Z'
System info: host: 'juneds-MacBook-Pro.local', ip: 'fe80:0:0:0:7b:f7ab:7ac7:59e0%en0', os.name: 'Mac OS X', os.arch: 'x86_64', os.version: '10.14', java.version: '1.8.0_181'
Driver info: org.openqa.selenium.chrome.ChromeDriver
Capabilities {acceptInsecureCerts: false, acceptSslCerts: false, applicationCacheEnabled: false, browserConnectionEnabled: false, browserName: chrome, chrome: {chromedriverVersion: 2.42.591059 (a3d9684d10d61a..., userDataDir: /var/folders/hn/f7wb9_d13yz...}, cssSelectorsEnabled: true, databaseEnabled: false, goog:chromeOptions: {debuggerAddress: localhost:54114}, handlesAlerts: true, hasTouchScreen: false, javascriptEnabled: true, locationContextEnabled: true, mobileEmulationEnabled: false, nativeEvents: true, networkConnectionEnabled: false, pageLoadStrategy: normal, platform: MAC, platformName: MAC, rotatable: false, setWindowRect: true, takesHeapSnapshot: true, takesScreenshot: true, unexpectedAlertBehaviour: , unhandledPromptBehavior: , version: 69.0.3497.100, webStorageEnabled: true}
Session ID: 01966dce56d1e7dc52eb4322dea99f1e
*** Element info: {Using=xpath, value=//span[@class = 'title-city-text']}]]>
            </message>
            <full-stacktrace>
              <![CDATA[org.openqa.selenium.NoSuchElementException: no such element: Unable to locate element: {"method":"xpath","selector":"//span[@class = 'title-city-text']"}
  (Session info: chrome=69.0.3497.100)
  (Driver info: chromedriver=2.42.591059 (a3d9684d10d61aa0c45f6723b327283be1ebaad8),platform=Mac OS X 10.14.0 x86_64) (WARNING: The server did not provide any stacktrace information)
Command duration or timeout: 0 milliseconds
For documentation on this error, please visit: http://seleniumhq.org/exceptions/no_such_element.html
Build info: version: '3.14.0', revision: 'aacccce0', time: '2018-08-02T20:19:58.91Z'
System info: host: 'juneds-MacBook-Pro.local', ip: 'fe80:0:0:0:7b:f7ab:7ac7:59e0%en0', os.name: 'Mac OS X', os.arch: 'x86_64', os.version: '10.14', java.version: '1.8.0_181'
Driver info: org.openqa.selenium.chrome.ChromeDriver
Capabilities {acceptInsecureCerts: false, acceptSslCerts: false, applicationCacheEnabled: false, browserConnectionEnabled: false, browserName: chrome, chrome: {chromedriverVersion: 2.42.591059 (a3d9684d10d61a..., userDataDir: /var/folders/hn/f7wb9_d13yz...}, cssSelectorsEnabled: true, databaseEnabled: false, goog:chromeOptions: {debuggerAddress: localhost:54114}, handlesAlerts: true, hasTouchScreen: false, javascriptEnabled: true, locationContextEnabled: true, mobileEmulationEnabled: false, nativeEvents: true, networkConnectionEnabled: false, pageLoadStrategy: normal, platform: MAC, platformName: MAC, rotatable: false, setWindowRect: true, takesHeapSnapshot: true, takesScreenshot: true, unexpectedAlertBehaviour: , unhandledPromptBehavior: , version: 69.0.3497.100, webStorageEnabled: true}
Session ID: 01966dce56d1e7dc52eb4322dea99f1e
*** Element info: {Using=xpath, value=//span[@class = 'title-city-text']}
at sun.reflect.NativeConstructorAccessorImpl.newInstance0(Native Method)
at sun.reflect.NativeConstructorAccessorImpl.newInstance(NativeConstructorAccessorImpl.java:62)
at sun.reflect.DelegatingConstructorAccessorImpl.newInstance(DelegatingConstructorAccessorImpl.java:45)
at java.lang.reflect.Constructor.newInstance(Constructor.java:423)
at org.openqa.selenium.remote.ErrorHandler.createThrowable(ErrorHandler.java:214)
at org.openqa.selenium.remote.ErrorHandler.throwIfResponseFailed(ErrorHandler.java:166)
at org.openqa.selenium.remote.http.JsonHttpResponseCodec.reconstructValue(JsonHttpResponseCodec.java:40)
at org.openqa.selenium.remote.http.AbstractHttpResponseCodec.decode(AbstractHttpResponseCodec.java:80)
at org.openqa.selenium.remote.http.AbstractHttpResponseCodec.decode(AbstractHttpResponseCodec.java:44)
at org.openqa.selenium.remote.HttpCommandExecutor.execute(HttpCommandExecutor.java:158)
at org.openqa.selenium.remote.service.DriverCommandExecutor.execute(DriverCommandExecutor.java:83)
at org.openqa.selenium.remote.RemoteWebDriver.execute(RemoteWebDriver.java:548)
at org.openqa.selenium.remote.RemoteWebDriver.findElement(RemoteWebDriver.java:322)
at org.openqa.selenium.remote.RemoteWebDriver.findElementByXPath(RemoteWebDriver.java:424)
at org.openqa.selenium.By$ByXPath.findElement(By.java:353)
at org.openqa.selenium.remote.RemoteWebDriver.findElement(RemoteWebDriver.java:314)
at sun.reflect.GeneratedMethodAccessor6.invoke(Unknown Source)
at sun.reflect.DelegatingMethodAccessorImpl.invoke(DelegatingMethodAccessorImpl.java:43)
at java.lang.reflect.Method.invoke(Method.java:498)
at org.openqa.selenium.support.events.EventFiringWebDriver.lambda$new$1(EventFiringWebDriver.java:105)
at com.sun.proxy.$Proxy8.findElement(Unknown Source)
at org.openqa.selenium.support.events.EventFiringWebDriver.findElement(EventFiringWebDriver.java:194)
at org.openqa.selenium.support.pagefactory.DefaultElementLocator.findElement(DefaultElementLocator.java:69)
at org.openqa.selenium.support.pagefactory.internal.LocatingElementHandler.invoke(LocatingElementHandler.java:38)
at com.sun.proxy.$Proxy12.getText(Unknown Source)
at Pages.HomePage.getDestinationLabelText(HomePage.java:166)
at Pages.HomePage.searchRoundTripFlightOneAdult(HomePage.java:204)
at Tests.HomePageTest.testRoundTripFlightWithExcelData(HomePageTest.java:90)
at sun.reflect.NativeMethodAccessorImpl.invoke0(Native Method)
at sun.reflect.NativeMethodAccessorImpl.invoke(NativeMethodAccessorImpl.java:62)
at sun.reflect.DelegatingMethodAccessorImpl.invoke(DelegatingMethodAccessorImpl.java:43)
at java.lang.reflect.Method.invoke(Method.java:498)
at org.testng.internal.MethodInvocationHelper.invokeMethod(MethodInvocationHelper.java:124)
at org.testng.internal.Invoker.invokeMethod(Invoker.java:583)
at org.testng.internal.Invoker.invokeTestMethod(Invoker.java:719)
at org.testng.internal.Invoker.invokeTestMethods(Invoker.java:989)
at org.testng.internal.TestMethodWorker.invokeTestMethods(TestMethodWorker.java:125)
at org.testng.internal.TestMethodWorker.run(TestMethodWorker.java:109)
at org.testng.TestRunner.privateRun(TestRunner.java:648)
at org.testng.TestRunner.run(TestRunner.java:505)
at org.testng.SuiteRunner.runTest(SuiteRunner.java:455)
at org.testng.SuiteRunner.runSequentially(SuiteRunner.java:450)
[...]
at sun.reflect.NativeMethodAccessorImpl.invoke(NativeMethodAccessorImpl.java:62)
at sun.reflect.DelegatingMethodAccessorImpl.invoke(DelegatingMethodAccessorImpl.java:43)
at java.lang.reflect.Method.invoke(Method.java:498)
at org.testng.internal.MethodInvocationHelper.invokeMethod(MethodInvocationHelper.java:124)
at org.testng.internal.Invoker.invokeMethod(Invoker.java:583)
at org.testng.internal.Invoker.invokeTestMethod(Invoker.java:719)
at org.testng.internal.Invoker.invokeTestMethods(Invoker.java:989)
at org.testng.internal.TestMethodWorker.invokeTestMethods(TestMethodWorker.java:125)
at org.testng.internal.TestMethodWorker.run(TestMethodWorker.java:109)
at org.testng.TestRunner.privateRun(TestRunner.java:648)
at org.testng.TestRunner.run(TestRunner.java:505)
at org.testng.SuiteRunner.runTest(SuiteRunner.java:455)
at org.testng.SuiteRunner.runSequentially(SuiteRunner.java:450)
at org.testng.SuiteRunner.privateRun(SuiteRunner.java:415)
at org.testng.SuiteRunner.run(SuiteRunner.java:364)
at org.testng.SuiteRunnerWorker.runSuite(SuiteRunnerWorker.java:52)
at org.testng.SuiteRunnerWorker.run(SuiteRunnerWorker.java:84)
at org.testng.TestNG.runSuitesSequentially(TestNG.java:1208)
at org.testng.TestNG.runSuitesLocally(TestNG.java:1137)
at org.testng.TestNG.runSuites(TestNG.java:1049)
at org.testng.TestNG.run(TestNG.java:1017)
at org.apache.maven.surefire.testng.TestNGExecutor.run(TestNGExecutor.java:135)
at org.apache.maven.surefire.testng.TestNGDirectoryTestSuite.executeMulti(TestNGDirectoryTestSuite.java:193)
at org.apache.maven.surefire.testng.TestNGDirectoryTestSuite.execute(TestNGDirectoryTestSuite.java:94)
at org.apache.maven.surefire.testng.TestNGProvider.invoke(TestNGProvider.java:146)
at org.apache.maven.surefire.booter.ForkedBooter.invokeProviderInSameClassLoader(ForkedBooter.java:373)
at org.apache.maven.surefire.booter.ForkedBooter.runSuitesInProcess(ForkedBooter.java:334)
at org.apache.maven.surefire.booter.ForkedBooter.execute(ForkedBooter.java:119)
at org.apache.maven.surefire.booter.ForkedBooter.main(ForkedBooter.java:407)
]]>
            </full-stacktrace>
          </exception> <!-- org.openqa.selenium.NoSuchElementException -->
          <reporter-output>
          </reporter-output>
        </test-method> <!-- testValidateLabelHotelDiscount -->
        <test-method status="PASS" signature="tearDown()[pri:0, instance:Tests.HotelsPageTest@5e3a8624]" name="tearDown" is-config="true" duration-ms="10113" started-at="2018-10-11T19:24:55Z" finished-at="2018-10-11T19:25:05Z">
          <reporter-output>
          </reporter-output>
        </test-method> <!-- tearDown -->
        <test-method status="PASS" signature="setUp(java.lang.String, java.lang.String, java.lang.String, boolean)[pri:0, instance:Tests.HotelsPageTest@5e3a8624]" name="setUp" is-config="true" duration-ms="10222" started-at="2018-10-11T19:25:05Z" finished-at="2018-10-11T19:25:15Z">
          <params>
            <param index="0">
              <value>
                <![CDATA[Mac]]>
              </value>
            </param>
            <param index="1">
              <value>
                <![CDATA[chrome]]>
              </value>
            </param>
            <param index="2">
              <value>
                <![CDATA[https://www.expedia.com/]]>
              </value>
            </param>
            <param index="3">
              <value>
                <![CDATA[false]]>
              </value>
            </param>
          </params>
          <reporter-output>
          </reporter-output>
        </test-method> <!-- setUp -->
        <test-method status="PASS" signature="setup()[pri:0, instance:Tests.HotelsPageTest@5e3a8624]" name="setup" is-config="true" duration-ms="6036" started-at="2018-10-11T19:25:15Z" finished-at="2018-10-11T19:25:21Z">
          <reporter-output>
          </reporter-output>
        </test-method> <!-- setup -->
        <test-method status="FAIL" signature="testValidateLabelInternationalHotel()[pri:0, instance:Tests.HotelsPageTest@5e3a8624]" name="testValidateLabelInternationalHotel" duration-ms="9282" started-at="2018-10-11T19:25:21Z" finished-at="2018-10-11T19:25:30Z">
          <exception class="org.openqa.selenium.NoSuchElementException">
            <message>
              <![CDATA[no such element: Unable to locate element: {"method":"xpath","selector":"//h3[contains(text(),'More International Hotels')]"}
  (Session info: chrome=69.0.3497.100)
  (Driver info: chromedriver=2.42.591059 (a3d9684d10d61aa0c45f6723b327283be1ebaad8),platform=Mac OS X 10.14.0 x86_64) (WARNING: The server did not provide any stacktrace information)
Command duration or timeout: 0 milliseconds
For documentation on this error, please visit: http://seleniumhq.org/exceptions/no_such_element.html
Build info: version: '3.14.0', revision: 'aacccce0', time: '2018-08-02T20:19:58.91Z'
System info: host: 'juneds-MacBook-Pro.local', ip: 'fe80:0:0:0:7b:f7ab:7ac7:59e0%en0', os.name: 'Mac OS X', os.arch: 'x86_64', os.version: '10.14', java.version: '1.8.0_181'
Driver info: org.openqa.selenium.chrome.ChromeDriver
Capabilities {acceptInsecureCerts: false, acceptSslCerts: false, applicationCacheEnabled: false, browserConnectionEnabled: false, browserName: chrome, chrome: {chromedriverVersion: 2.42.591059 (a3d9684d10d61a..., userDataDir: /var/folders/hn/f7wb9_d13yz...}, cssSelectorsEnabled: true, databaseEnabled: false, goog:chromeOptions: {debuggerAddress: localhost:50483}, handlesAlerts: true, hasTouchScreen: false, javascriptEnabled: true, locationContextEnabled: true, mobileEmulationEnabled: false, nativeEvents: true, networkConnectionEnabled: false, pageLoadStrategy: normal, platform: MAC, platformName: MAC, rotatable: false, setWindowRect: true, takesHeapSnapshot: true, takesScreenshot: true, unexpectedAlertBehaviour: , unhandledPromptBehavior: , version: 69.0.3497.100, webStorageEnabled: true}
Session ID: 3ed682e79ec5a05d56becc1e570afa45
*** Element info: {Using=xpath, value=//h3[contains(text(),'More International Hotels')]}]]>
            </message>
            <full-stacktrace>
              <![CDATA[org.openqa.selenium.NoSuchElementException: no such element: Unable to locate element: {"method":"xpath","selector":"//h3[contains(text(),'More International Hotels')]"}
  (Session info: chrome=69.0.3497.100)
  (Driver info: chromedriver=2.42.591059 (a3d9684d10d61aa0c45f6723b327283be1ebaad8),platform=Mac OS X 10.14.0 x86_64) (WARNING: The server did not provide any stacktrace information)
Command duration or timeout: 0 milliseconds
For documentation on this error, please visit: http://seleniumhq.org/exceptions/no_such_element.html
Build info: version: '3.14.0', revision: 'aacccce0', time: '2018-08-02T20:19:58.91Z'
System info: host: 'juneds-MacBook-Pro.local', ip: 'fe80:0:0:0:7b:f7ab:7ac7:59e0%en0', os.name: 'Mac OS X', os.arch: 'x86_64', os.version: '10.14', java.version: '1.8.0_181'
Driver info: org.openqa.selenium.chrome.ChromeDriver
Capabilities {acceptInsecureCerts: false, acceptSslCerts: false, applicationCacheEnabled: false, browserConnectionEnabled: false, browserName: chrome, chrome: {chromedriverVersion: 2.42.591059 (a3d9684d10d61a..., userDataDir: /var/folders/hn/f7wb9_d13yz...}, cssSelectorsEnabled: true, databaseEnabled: false, goog:chromeOptions: {debuggerAddress: localhost:50483}, handlesAlerts: true, hasTouchScreen: false, javascriptEnabled: true, locationContextEnabled: true, mobileEmulationEnabled: false, nativeEvents: true, networkConnectionEnabled: false, pageLoadStrategy: normal, platform: MAC, platformName: MAC, rotatable: false, setWindowRect: true, takesHeapSnapshot: true, takesScreenshot: true, unexpectedAlertBehaviour: , unhandledPromptBehavior: , version: 69.0.3497.100, webStorageEnabled: true}
Session ID: 3ed682e79ec5a05d56becc1e570afa45
*** Element info: {Using=xpath, value=//h3[contains(text(),'More International Hotels')]}
at sun.reflect.NativeConstructorAccessorImpl.newInstance0(Native Method)
at sun.reflect.NativeConstructorAccessorImpl.newInstance(NativeConstructorAccessorImpl.java:62)
at sun.reflect.DelegatingConstructorAccessorImpl.newInstance(DelegatingConstructorAccessorImpl.java:45)
at java.lang.reflect.Constructor.newInstance(Constructor.java:423)
at org.openqa.selenium.remote.ErrorHandler.createThrowable(ErrorHandler.java:214)
at org.openqa.selenium.remote.ErrorHandler.throwIfResponseFailed(ErrorHandler.java:166)
at org.openqa.selenium.remote.http.JsonHttpResponseCodec.reconstructValue(JsonHttpResponseCodec.java:40)
at org.openqa.selenium.remote.http.AbstractHttpResponseCodec.decode(AbstractHttpResponseCodec.java:80)
at org.openqa.selenium.remote.http.AbstractHttpResponseCodec.decode(AbstractHttpResponseCodec.java:44)
at org.openqa.selenium.remote.HttpCommandExecutor.execute(HttpCommandExecutor.java:158)
at org.openqa.selenium.remote.service.DriverCommandExecutor.execute(DriverCommandExecutor.java:83)
at org.openqa.selenium.remote.RemoteWebDriver.execute(RemoteWebDriver.java:548)
at org.openqa.selenium.remote.RemoteWebDriver.findElement(RemoteWebDriver.java:322)
at org.openqa.selenium.remote.RemoteWebDriver.findElementByXPath(RemoteWebDriver.java:424)
at org.openqa.selenium.By$ByXPath.findElement(By.java:353)
at org.openqa.selenium.remote.RemoteWebDriver.findElement(RemoteWebDriver.java:314)
at sun.reflect.GeneratedMethodAccessor6.invoke(Unknown Source)
at sun.reflect.DelegatingMethodAccessorImpl.invoke(DelegatingMethodAccessorImpl.java:43)
at java.lang.reflect.Method.invoke(Method.java:498)
at org.openqa.selenium.support.events.EventFiringWebDriver.lambda$new$1(EventFiringWebDriver.java:105)
at com.sun.proxy.$Proxy8.findElement(Unknown Source)
at org.openqa.selenium.support.events.EventFiringWebDriver.findElement(EventFiringWebDriver.java:194)
at org.openqa.selenium.support.pagefactory.DefaultElementLocator.findElement(DefaultElementLocator.java:69)
at org.openqa.selenium.support.pagefactory.internal.LocatingElementHandler.invoke(LocatingElementHandler.java:38)
at com.sun.proxy.$Proxy12.getText(Unknown Source)
at Pages.HotelsPage.validateLabelInternationalHotel(HotelsPage.java:61)
at Tests.HotelsPageTest.testValidateLabelInternationalHotel(HotelsPageTest.java:31)
at sun.reflect.NativeMethodAccessorImpl.invoke0(Native Method)
at sun.reflect.NativeMethodAccessorImpl.invoke(NativeMethodAccessorImpl.java:62)
at sun.reflect.DelegatingMethodAccessorImpl.invoke(DelegatingMethodAccessorImpl.java:43)
at java.lang.reflect.Method.invoke(Method.java:498)
at org.testng.internal.MethodInvocationHelper.invokeMethod(MethodInvocationHelper.java:124)
at org.testng.internal.Invoker.invokeMethod(Invoker.java:583)
at org.testng.internal.Invoker.invokeTestMethod(Invoker.java:719)
at org.testng.internal.Invoker.invokeTestMethods(Invoker.java:989)
at org.testng.internal.TestMethodWorker.invokeTestMethods(TestMethodWorker.java:125)
at org.testng.internal.TestMethodWorker.run(TestMethodWorker.java:109)
at org.testng.TestRunner.privateRun(TestRunner.java:648)
at org.testng.TestRunner.run(TestRunner.java:505)
at org.testng.SuiteRunner.runTest(SuiteRunner.java:455)
at org.testng.SuiteRunner.runSequentially(SuiteRunner.java:450)
at org.testng.SuiteRunner.privateRun(SuiteRunner.java:415)
at org.testng.SuiteRunner.run(SuiteRunner.java:364)
at org.testng.SuiteRunnerWorker.runSuite(SuiteRunnerWorker.java:52)
at org.testng.SuiteRunnerWorker.run(SuiteRunnerWorker.java:84)
at org.testng.TestNG.runSuitesSequentially(TestNG.java:1208)
at org.testng.TestNG.runSuitesLocally(TestNG.java:1137)
at org.testng.TestNG.runSuites(TestNG.java:1049)
at org.testng.TestNG.run(TestNG.java:1017)
at org.apache.maven.surefire.testng.TestNGExecutor.run(TestNGExecutor.java:135)
at org.apache.maven.surefire.testng.TestNGDirectoryTestSuite.executeMulti(TestNGDirectoryTestSuite.java:193)
at org.apache.maven.surefire.testng.TestNGDirectoryTestSuite.execute(TestNGDirectoryTestSuite.java:94)
at org.apache.maven.surefire.testng.TestNGProvider.invoke(TestNGProvider.java:146)
at org.apache.maven.surefire.booter.ForkedBooter.invokeProviderInSameClassLoader(ForkedBooter.java:373)
at org.apache.maven.surefire.booter.ForkedBooter.runSuitesInProcess(ForkedBooter.java:334)
at org.apache.maven.surefire.booter.ForkedBooter.execute(ForkedBooter.java:119)
at org.apache.maven.surefire.booter.ForkedBooter.main(ForkedBooter.java:407)
]]>
            </full-stacktrace>
          </exception> <!-- org.openqa.selenium.NoSuchElementException -->
          <reporter-output>
          </reporter-output>
        </test-method> <!-- testValidateLabelInternationalHotel -->
        <test-method status="PASS" signature="tearDown()[pri:0, instance:Tests.HotelsPageTest@5e3a8624]" name="tearDown" is-config="true" duration-ms="10114" started-at="2018-10-11T19:25:30Z" finished-at="2018-10-11T19:25:40Z">
          <reporter-output>
          </reporter-output>
        </test-method> <!-- tearDown -->
        <test-method status="PASS" signature="setUp(java.lang.String, java.lang.String, java.lang.String, boolean)[pri:0, instance:Tests.HotelsPageTest@5e3a8624]" name="setUp" is-config="true" duration-ms="14065" started-at="2018-10-11T19:25:40Z" finished-at="2018-10-11T19:25:54Z">
          <params>
            <param index="0">
              <value>
                <![CDATA[Mac]]>
              </value>
            </param>
            <param index="1">
              <value>
                <![CDATA[chrome]]>
              </value>
            </param>
            <param index="2">
              <value>
                <![CDATA[https://www.expedia.com/]]>
              </value>
            </param>
            <param index="3">
              <value>
                <![CDATA[false]]>
              </value>
            </param>
          </params>
          <reporter-output>
          </reporter-output>
        </test-method> <!-- setUp -->
        <test-method status="PASS" signature="setup()[pri:0, instance:Tests.HotelsPageTest@5e3a8624]" name="setup" is-config="true" duration-ms="8372" started-at="2018-10-11T19:25:54Z" finished-at="2018-10-11T19:26:03Z">
          <reporter-output>
          </reporter-output>
        </test-method> <!-- setup -->
        <test-method status="FAIL" signature="testValidateUsHotelLinkCount()[pri:0, instance:Tests.HotelsPageTest@5e3a8624]" name="testValidateUsHotelLinkCount" duration-ms="8056" started-at="2018-10-11T19:26:03Z" finished-at="2018-10-11T19:26:11Z">
          <exception class="java.lang.AssertionError">
            <message>
              <![CDATA[expected [15] but found [0]]]>
            </message>
            <full-stacktrace>
              <![CDATA[java.lang.AssertionError: expected [15] but found [0]
at org.testng.Assert.fail(Assert.java:96)
at org.testng.Assert.failNotEquals(Assert.java:776)
at org.testng.Assert.assertEqualsImpl(Assert.java:137)
at org.testng.Assert.assertEquals(Assert.java:118)
at org.testng.Assert.assertEquals(Assert.java:652)
at org.testng.Assert.assertEquals(Assert.java:662)
at Pages.HotelsPage.validateUsHotelLinkCount(HotelsPage.java:69)
at Tests.HotelsPageTest.testValidateUsHotelLinkCount(HotelsPageTest.java:36)
at sun.reflect.NativeMethodAccessorImpl.invoke0(Native Method)
at sun.reflect.NativeMethodAccessorImpl.invoke(NativeMethodAccessorImpl.java:62)
at sun.reflect.DelegatingMethodAccessorImpl.invoke(DelegatingMethodAccessorImpl.java:43)
at java.lang.reflect.Method.invoke(Method.java:498)
at org.testng.internal.MethodInvocationHelper.invokeMethod(MethodInvocationHelper.java:124)
at org.testng.internal.Invoker.invokeMethod(Invoker.java:583)
at org.testng.internal.Invoker.invokeTestMethod(Invoker.java:719)
at org.testng.internal.Invoker.invokeTestMethods(Invoker.java:989)
at org.testng.internal.TestMethodWorker.invokeTestMethods(TestMethodWorker.java:125)
at org.testng.internal.TestMethodWorker.run(TestMethodWorker.java:109)
at org.testng.TestRunner.privateRun(TestRunner.java:648)
at org.testng.TestRunner.run(TestRunner.java:505)
at org.testng.SuiteRunner.runTest(SuiteRunner.java:455)
at org.testng.SuiteRunner.runSequentially(SuiteRunner.java:450)
at org.testng.SuiteRunner.privateRun(SuiteRunner.java:415)
at org.testng.SuiteRunner.run(SuiteRunner.java:364)
at org.testng.SuiteRunnerWorker.runSuite(SuiteRunnerWorker.java:52)
at org.testng.SuiteRunnerWorker.run(SuiteRunnerWorker.java:84)
at org.testng.TestNG.runSuitesSequentially(TestNG.java:1208)
at org.testng.TestNG.runSuitesLocally(TestNG.java:1137)
at org.testng.TestNG.runSuites(TestNG.java:1049)
at org.testng.TestNG.run(TestNG.java:1017)
at org.apache.maven.surefire.testng.TestNGExecutor.run(TestNGExecutor.java:135)
at org.apache.maven.surefire.testng.TestNGDirectoryTestSuite.executeMulti(TestNGDirectoryTestSuite.java:193)
at org.apache.maven.surefire.testng.TestNGDirectoryTestSuite.execute(TestNGDirectoryTestSuite.java:94)
at org.apache.maven.surefire.testng.TestNGProvider.invoke(TestNGProvider.java:146)
at org.apache.maven.surefire.booter.ForkedBooter.invokeProviderInSameClassLoader(ForkedBooter.java:373)
at org.apache.maven.surefire.booter.ForkedBooter.runSuitesInProcess(ForkedBooter.java:334)
at org.apache.maven.surefire.booter.ForkedBooter.execute(ForkedBooter.java:119)
at org.apache.maven.surefire.booter.ForkedBooter.main(ForkedBooter.java:407)
]]>
            </full-stacktrace>
          </exception> <!-- java.lang.AssertionError -->
          <reporter-output>
          </reporter-output>
        </test-method> <!-- testValidateUsHotelLinkCount -->
        <test-method status="PASS" signature="tearDown()[pri:0, instance:Tests.HotelsPageTest@5e3a8624]" name="tearDown" is-config="true" duration-ms="10116" started-at="2018-10-11T19:26:11Z" finished-at="2018-10-11T19:26:21Z">
          <reporter-output>
          </reporter-output>
        </test-method> <!-- tearDown -->
      </class> <!-- Tests.HotelsPageTest -->
      <class name="Tests.DataBaseHomePageTest">
        <test-method status="PASS" signature="setUp(java.lang.String, java.lang.String, java.lang.String, boolean)[pri:0, instance:Tests.DataBaseHomePageTest@5c3bd550]" name="setUp" is-config="true" duration-ms="7166" started-at="2018-10-11T19:26:21Z" finished-at="2018-10-11T19:26:28Z">
          <params>
            <param index="0">
              <value>
                <![CDATA[Mac]]>
              </value>
            </param>
            <param index="1">
              <value>
                <![CDATA[chrome]]>
              </value>
            </param>
            <param index="2">
              <value>
                <![CDATA[https://www.expedia.com/]]>
              </value>
            </param>
            <param index="3">
              <value>
                <![CDATA[false]]>
              </value>
            </param>
          </params>
          <reporter-output>
          </reporter-output>
        </test-method> <!-- setUp -->
        <test-method status="PASS" signature="createTestObj()[pri:0, instance:Tests.DataBaseHomePageTest@5c3bd550]" name="createTestObj" is-config="true" duration-ms="773" started-at="2018-10-11T19:26:28Z" finished-at="2018-10-11T19:26:29Z">
          <reporter-output>
          </reporter-output>
        </test-method> <!-- createTestObj -->
        <test-method status="PASS" signature="tearDown()[pri:0, instance:Tests.DataBaseHomePageTest@5c3bd550]" name="tearDown" is-config="true" duration-ms="10115" started-at="2018-10-11T19:26:29Z" finished-at="2018-10-11T19:26:39Z">
          <reporter-output>
          </reporter-output>
        </test-method> <!-- tearDown -->
        <test-method status="PASS" signature="navbarLinksTest()[pri:0, instance:Tests.DataBaseHomePageTest@5c3bd550]" name="navbarLinksTest" duration-ms="0" started-at="2018-10-11T19:26:29Z" finished-at="2018-10-11T19:26:29Z">
          <reporter-output>
          </reporter-output>
        </test-method> <!-- navbarLinksTest -->
      </class> <!-- Tests.DataBaseHomePageTest -->
    </test> <!-- Surefire test -->
  </suite> <!-- Surefire suite -->
</testng-results>
